INFO: [VRFC 10-163] Analyzing VHDL file "/home/cekp/Desktop/GitHub/SeniorCapstone/FPGA_Imp/VivadoPrjs/Zybo_System/Zybo_System.ip_user_files/bd/System/ip/System_rst_M_AXI_GP0_ACLK_0_100M_0/sim/System_rst_M_AXI_GP0_ACLK_0_100M_0.vhd" into library xil_defaultlib
INFO: [VRFC 10-3107] analyzing entity 'System_rst_M_AXI_GP0_ACLK_0_100M_0'
INFO: [VRFC 10-163] Analyzing VHDL file "/home/cekp/Desktop/GitHub/SeniorCapstone/FPGA_Imp/VivadoPrjs/Zybo_System/Zybo_System.ip_user_files/bd/System/ipshared/6307/uart.vhd" into library xil_defaultlib
INFO: [VRFC 10-3107] analyzing entity 'uart'
INFO: [VRFC 10-163] Analyzing VHDL file "/home/cekp/Desktop/GitHub/SeniorCapstone/FPGA_Imp/VivadoPrjs/Zybo_System/Zybo_System.ip_user_files/bd/System/ipshared/6307/uart_user.vhd" into library xil_defaultlib
INFO: [VRFC 10-3107] analyzing entity 'uart_user'
INFO: [VRFC 10-163] Analyzing VHDL file "/home/cekp/Desktop/GitHub/SeniorCapstone/FPGA_Imp/VivadoPrjs/Zybo_System/Zybo_System.ip_user_files/bd/System/ip/System_uart_0_0/sim/System_uart_0_0.vhd" into library xil_defaultlib
INFO: [VRFC 10-3107] analyzing entity 'System_uart_0_0'
INFO: [VRFC 10-163] Analyzing VHDL file "/home/cekp/Desktop/GitHub/SeniorCapstone/FPGA_Imp/VivadoPrjs/Zybo_System/Zybo_System.ip_user_files/bd/System/ipshared/a497/hdl/AXI_PS2_Keyboard_v1_0_S00_AXI.vhd" into library xil_defaultlib
INFO: [VRFC 10-3107] analyzing entity 'AXI_PS2_Keyboard_v1_0_S00_AXI'
INFO: [VRFC 10-163] Analyzing VHDL file "/home/cekp/Desktop/GitHub/SeniorCapstone/FPGA_Imp/VivadoPrjs/Zybo_System/Zybo_System.ip_user_files/bd/System/ipshared/a497/src/debounce.vhd" into library xil_defaultlib
INFO: [VRFC 10-3107] analyzing entity 'debounce'
INFO: [VRFC 10-163] Analyzing VHDL file "/home/cekp/Desktop/GitHub/SeniorCapstone/FPGA_Imp/VivadoPrjs/Zybo_System/Zybo_System.ip_user_files/bd/System/ipshared/a497/src/ps2_keyboard.vhd" into library xil_defaultlib
INFO: [VRFC 10-3107] analyzing entity 'ps2_keyboard'
INFO: [VRFC 10-163] Analyzing VHDL file "/home/cekp/Desktop/GitHub/SeniorCapstone/FPGA_Imp/VivadoPrjs/Zybo_System/Zybo_System.ip_user_files/bd/System/ipshared/a497/src/ps2_keyboard_ascii_timer.vhd" into library xil_defaultlib
INFO: [VRFC 10-3107] analyzing entity 'ps2_keyboard_ascii_timer'
INFO: [VRFC 10-163] Analyzing VHDL file "/home/cekp/Desktop/GitHub/SeniorCapstone/FPGA_Imp/VivadoPrjs/Zybo_System/Zybo_System.ip_user_files/bd/System/ipshared/a497/src/timer.vhd" into library xil_defaultlib
INFO: [VRFC 10-3107] analyzing entity 'timer'
INFO: [VRFC 10-163] Analyzing VHDL file "/home/cekp/Desktop/GitHub/SeniorCapstone/FPGA_Imp/VivadoPrjs/Zybo_System/Zybo_System.ip_user_files/bd/System/ipshared/a497/hdl/AXI_PS2_Keyboard_v1_0.vhd" into library xil_defaultlib
INFO: [VRFC 10-3107] analyzing entity 'AXI_PS2_Keyboard_v1_0'
INFO: [VRFC 10-163] Analyzing VHDL file "/home/cekp/Desktop/GitHub/SeniorCapstone/FPGA_Imp/VivadoPrjs/Zybo_System/Zybo_System.ip_user_files/bd/System/ip/System_AXI_PS2_Keyboard_0_0/sim/System_AXI_PS2_Keyboard_0_0.vhd" into library xil_defaultlib
INFO: [VRFC 10-3107] analyzing entity 'System_AXI_PS2_Keyboard_0_0'
INFO: [VRFC 10-163] Analyzing VHDL file "/home/cekp/Desktop/GitHub/SeniorCapstone/FPGA_Imp/VivadoPrjs/Zybo_System/Zybo_System.ip_user_files/bd/System/ip/System_ila_0_0/sim/System_ila_0_0.vhd" into library xil_defaultlib
INFO: [VRFC 10-3107] analyzing entity 'System_ila_0_0'
INFO: [VRFC 10-163] Analyzing VHDL file "/home/cekp/Desktop/GitHub/SeniorCapstone/FPGA_Imp/VivadoPrjs/Zybo_System/Zybo_System.ip_user_files/bd/System/sim/System.vhd" into library xil_defaultlib
INFO: [VRFC 10-3107] analyzing entity 's00_couplers_imp_13UIZPI'
INFO: [VRFC 10-3107] analyzing entity 'System_ps7_0_axi_periph_3'
INFO: [VRFC 10-3107] analyzing entity 'System'
INFO: [VRFC 10-163] Analyzing VHDL file "/home/cekp/Desktop/GitHub/SeniorCapstone/FPGA_Imp/VivadoPrjs/Zybo_System/Zybo_System.gen/sources_1/bd/System/hdl/System_wrapper.vhd" into library xil_defaultlib
INFO: [VRFC 10-3107] analyzing entity 'System_wrapper'
