Vivado Simulator v2022.1.2
Copyright 1986-1999, 2001-2022 Xilinx, Inc. All Rights Reserved.
Running: /tools/Xilinx/Vivado/2022.1/bin/unwrapped/lnx64.o/xelab --incr --debug typical --relax --mt 8 -L xil_defaultlib -L axi_infrastructure_v1_1_0 -L axi_vip_v1_1_12 -L processing_system7_vip_v1_0_14 -L lib_cdc_v1_0_2 -L proc_sys_reset_v5_0_13 -L generic_baseblocks_v2_1_0 -L fifo_generator_v13_2_7 -L axi_data_fifo_v2_1_25 -L axi_register_slice_v2_1_26 -L axi_protocol_converter_v2_1_26 -L uvm -L xilinx_vip -L unisims_ver -L unimacro_ver -L secureip -L xpm --snapshot Keyboard_wrapper_behav xil_defaultlib.Keyboard_wrapper xil_defaultlib.glbl -log elaborate.log 
Using 8 slave threads.
Starting static elaboration
Pass Through NonSizing Optimizer
WARNING: [VRFC 10-1537] value 4294967295 is out of target constraint range -2147483648 to 2147483647 [/home/cekp/Desktop/GitHub/SeniorCapstone/FPGA_Imp/VivadoPrjs/Zybo_Keyboard/Zybo_Keyboard.ip_user_files/bd/Keyboard/ipshared/c140/src/timer.vhd:22]
WARNING: [VRFC 10-9180] module 'processing_system7_vip_v1_0_14_arb_wr' is instantiated multiple times from VHDL or from both Verilog and VHDL; elaboration result may be incorrect [/wrk/ci/prod/2022.1.2/sw/continuous/178/packages/customer/vivado/data/ip/xilinx/processing_system7_vip_v1_0/hdl/processing_system7_vip_v1_0_vl_rfs.sv:11]
WARNING: [VRFC 10-3091] actual bit length 1 differs from formal bit length 16 for port 'IRQ_F2P' [/home/cekp/Desktop/GitHub/SeniorCapstone/FPGA_Imp/VivadoPrjs/Zybo_Keyboard/Zybo_Keyboard.ip_user_files/bd/Keyboard/ip/Keyboard_processing_system7_0_0/sim/Keyboard_processing_system7_0_0.v:581]
WARNING: [VRFC 10-3091] actual bit length 128 differs from formal bit length 64 for port 'WR_DATA_STRB' [/scratch/proj/xbuilds/SWIP/2022.1.2_0806_0242/infra/XSIM/lin/.cxl.ip/incl/processing_system7_vip_v1_0_14_axi_gp.v:208]
WARNING: [VRFC 10-3091] actual bit length 12 differs from formal bit length 6 for port 'm_axi_bid' [/wrk/ci/prod/2022.1.2/sw/continuous/178/packages/customer/vivado/data/ip/xilinx/processing_system7_vip_v1_0/hdl/processing_system7_vip_v1_0_vl_rfs.sv:5546]
WARNING: [VRFC 10-3091] actual bit length 12 differs from formal bit length 6 for port 'm_axi_rid' [/wrk/ci/prod/2022.1.2/sw/continuous/178/packages/customer/vivado/data/ip/xilinx/processing_system7_vip_v1_0/hdl/processing_system7_vip_v1_0_vl_rfs.sv:5564]
WARNING: [VRFC 10-3091] actual bit length 128 differs from formal bit length 64 for port 'WR_DATA_STRB' [/scratch/proj/xbuilds/SWIP/2022.1.2_0806_0242/infra/XSIM/lin/.cxl.ip/incl/processing_system7_vip_v1_0_14_axi_gp.v:292]
WARNING: [VRFC 10-3091] actual bit length 8 differs from formal bit length 9 for port 'WR_BYTES' [/scratch/proj/xbuilds/SWIP/2022.1.2_0806_0242/infra/XSIM/lin/.cxl.ip/incl/processing_system7_vip_v1_0_14_axi_hp.v:80]
WARNING: [VRFC 10-3091] actual bit length 8 differs from formal bit length 9 for port 'RD_BYTES' [/scratch/proj/xbuilds/SWIP/2022.1.2_0806_0242/infra/XSIM/lin/.cxl.ip/incl/processing_system7_vip_v1_0_14_axi_hp.v:89]
WARNING: [VRFC 10-3091] actual bit length 12 differs from formal bit length 6 for port 'm_axi_bid' [/wrk/ci/prod/2022.1.2/sw/continuous/178/packages/customer/vivado/data/ip/xilinx/processing_system7_vip_v1_0/hdl/processing_system7_vip_v1_0_vl_rfs.sv:10256]
WARNING: [VRFC 10-3091] actual bit length 12 differs from formal bit length 6 for port 'm_axi_rid' [/wrk/ci/prod/2022.1.2/sw/continuous/178/packages/customer/vivado/data/ip/xilinx/processing_system7_vip_v1_0/hdl/processing_system7_vip_v1_0_vl_rfs.sv:10274]
WARNING: [VRFC 10-3091] actual bit length 32 differs from formal bit length 64 for port 'm_axi_rdata' [/wrk/ci/prod/2022.1.2/sw/continuous/178/packages/customer/vivado/data/ip/xilinx/processing_system7_vip_v1_0/hdl/processing_system7_vip_v1_0_vl_rfs.sv:10275]
WARNING: [VRFC 10-3091] actual bit length 8 differs from formal bit length 9 for port 'WR_BYTES' [/scratch/proj/xbuilds/SWIP/2022.1.2_0806_0242/infra/XSIM/lin/.cxl.ip/incl/processing_system7_vip_v1_0_14_axi_hp.v:165]
WARNING: [VRFC 10-3091] actual bit length 8 differs from formal bit length 9 for port 'RD_BYTES' [/scratch/proj/xbuilds/SWIP/2022.1.2_0806_0242/infra/XSIM/lin/.cxl.ip/incl/processing_system7_vip_v1_0_14_axi_hp.v:174]
WARNING: [VRFC 10-3091] actual bit length 8 differs from formal bit length 9 for port 'WR_BYTES' [/scratch/proj/xbuilds/SWIP/2022.1.2_0806_0242/infra/XSIM/lin/.cxl.ip/incl/processing_system7_vip_v1_0_14_axi_hp.v:251]
WARNING: [VRFC 10-3091] actual bit length 8 differs from formal bit length 9 for port 'RD_BYTES' [/scratch/proj/xbuilds/SWIP/2022.1.2_0806_0242/infra/XSIM/lin/.cxl.ip/incl/processing_system7_vip_v1_0_14_axi_hp.v:260]
WARNING: [VRFC 10-3091] actual bit length 8 differs from formal bit length 9 for port 'WR_BYTES' [/scratch/proj/xbuilds/SWIP/2022.1.2_0806_0242/infra/XSIM/lin/.cxl.ip/incl/processing_system7_vip_v1_0_14_axi_hp.v:337]
WARNING: [VRFC 10-3091] actual bit length 8 differs from formal bit length 9 for port 'RD_BYTES' [/scratch/proj/xbuilds/SWIP/2022.1.2_0806_0242/infra/XSIM/lin/.cxl.ip/incl/processing_system7_vip_v1_0_14_axi_hp.v:346]
WARNING: [VRFC 10-3091] actual bit length 12 differs from formal bit length 3 for port 'm_axi_bid' [/wrk/ci/prod/2022.1.2/sw/continuous/178/packages/customer/vivado/data/ip/xilinx/processing_system7_vip_v1_0/hdl/processing_system7_vip_v1_0_vl_rfs.sv:7157]
WARNING: [VRFC 10-3091] actual bit length 12 differs from formal bit length 3 for port 'm_axi_rid' [/wrk/ci/prod/2022.1.2/sw/continuous/178/packages/customer/vivado/data/ip/xilinx/processing_system7_vip_v1_0/hdl/processing_system7_vip_v1_0_vl_rfs.sv:7175]
WARNING: [VRFC 10-3091] actual bit length 32 differs from formal bit length 64 for port 'm_axi_rdata' [/wrk/ci/prod/2022.1.2/sw/continuous/178/packages/customer/vivado/data/ip/xilinx/processing_system7_vip_v1_0/hdl/processing_system7_vip_v1_0_vl_rfs.sv:7176]
WARNING: [VRFC 10-5021] port 'ENET0_GMII_RXD' is not connected on this instance [/home/cekp/Desktop/GitHub/SeniorCapstone/FPGA_Imp/VivadoPrjs/Zybo_Keyboard/Zybo_Keyboard.ip_user_files/bd/Keyboard/ip/Keyboard_processing_system7_0_0/sim/Keyboard_processing_system7_0_0.v:193]
WARNING: [VRFC 10-3027] 'ocm_wr_strb_port0' was previously declared with a different range [/wrk/ci/prod/2022.1.2/sw/continuous/178/packages/customer/vivado/data/ip/xilinx/processing_system7_vip_v1_0/hdl/processing_system7_vip_v1_0_vl_rfs.sv:3809]
WARNING: [VRFC 10-5021] port 'aclk2x' is not connected on this instance [/wrk/ci/prod/2022.1.2/sw/continuous/178/packages/customer/vivado/data/ip/xilinx/axi_protocol_converter_v2_1/hdl/axi_protocol_converter_v2_1_vl_rfs.v:4376]
WARNING: [VRFC 10-5021] port 'aclk2x' is not connected on this instance [/wrk/ci/prod/2022.1.2/sw/continuous/178/packages/customer/vivado/data/ip/xilinx/axi_protocol_converter_v2_1/hdl/axi_protocol_converter_v2_1_vl_rfs.v:4631]
WARNING: [VRFC 10-3705] select index 64 into 'wrp_strb' is out of bounds [/wrk/ci/prod/2022.1.2/sw/continuous/178/packages/customer/vivado/data/ip/xilinx/processing_system7_vip_v1_0/hdl/processing_system7_vip_v1_0_vl_rfs.sv:6134]
WARNING: [VRFC 10-3705] select index 128 into 'wrp_strb' is out of bounds [/wrk/ci/prod/2022.1.2/sw/continuous/178/packages/customer/vivado/data/ip/xilinx/processing_system7_vip_v1_0/hdl/processing_system7_vip_v1_0_vl_rfs.sv:10898]
WARNING: [VRFC 10-3705] select index 128 into 'wrp_strb' is out of bounds [/wrk/ci/prod/2022.1.2/sw/continuous/178/packages/customer/vivado/data/ip/xilinx/processing_system7_vip_v1_0/hdl/processing_system7_vip_v1_0_vl_rfs.sv:7772]
WARNING: [VRFC 10-3705] select index 4 into 'wr_fifo_rd_ptr' is out of bounds [/wrk/ci/prod/2022.1.2/sw/continuous/178/packages/customer/vivado/data/ip/xilinx/processing_system7_vip_v1_0/hdl/processing_system7_vip_v1_0_vl_rfs.sv:7985]
WARNING: [VRFC 10-3705] select index 4 into 'ar_cnt' is out of bounds [/wrk/ci/prod/2022.1.2/sw/continuous/178/packages/customer/vivado/data/ip/xilinx/processing_system7_vip_v1_0/hdl/processing_system7_vip_v1_0_vl_rfs.sv:8124]
WARNING: [VRFC 10-3705] select index 4 into 'wr_rresp_cnt' is out of bounds [/wrk/ci/prod/2022.1.2/sw/continuous/178/packages/customer/vivado/data/ip/xilinx/processing_system7_vip_v1_0/hdl/processing_system7_vip_v1_0_vl_rfs.sv:8221]
WARNING: [VRFC 10-3705] select index 4 into 'rd_fifo_wr_ptr' is out of bounds [/wrk/ci/prod/2022.1.2/sw/continuous/178/packages/customer/vivado/data/ip/xilinx/processing_system7_vip_v1_0/hdl/processing_system7_vip_v1_0_vl_rfs.sv:8240]
WARNING: [VRFC 10-3705] select index 4 into 'rd_cnt' is out of bounds [/wrk/ci/prod/2022.1.2/sw/continuous/178/packages/customer/vivado/data/ip/xilinx/processing_system7_vip_v1_0/hdl/processing_system7_vip_v1_0_vl_rfs.sv:8381]
WARNING: [VRFC 10-3705] select index 4 into 'rresp_time_cnt' is out of bounds [/wrk/ci/prod/2022.1.2/sw/continuous/178/packages/customer/vivado/data/ip/xilinx/processing_system7_vip_v1_0/hdl/processing_system7_vip_v1_0_vl_rfs.sv:8386]
WARNING: [VRFC 10-3705] select index 4 into 'rd_fifo_rd_ptr' is out of bounds [/wrk/ci/prod/2022.1.2/sw/continuous/178/packages/customer/vivado/data/ip/xilinx/processing_system7_vip_v1_0/hdl/processing_system7_vip_v1_0_vl_rfs.sv:8391]
Completed static elaboration
Starting simulation data flow analysis
Completed simulation data flow analysis
Time Resolution for simulation is 1ps
Compiling package std.standard
Compiling package std.textio
Compiling package ieee.std_logic_1164
Compiling package ieee.numeric_std
Compiling package unisim.vcomponents
Compiling package vl.vl_types
Compiling package ieee.std_logic_arith
Compiling package ieee.std_logic_unsigned
Compiling package ieee.vital_timing
Compiling package ieee.vital_primitives
Compiling package unisim.vpkg
Compiling package synopsys.attributes
Compiling package ieee.std_logic_misc
Compiling module xil_defaultlib.glbl
Compiling architecture arch_imp of entity xil_defaultlib.AXI_PS2_Keyboard_v1_0_S00_AXI [axi_ps2_keyboard_v1_0_s00_axi_de...]
Compiling architecture arch of entity xil_defaultlib.timer [timer_default]
Compiling architecture logic of entity xil_defaultlib.debounce [\debounce(counter_size=2)\]
Compiling architecture logic of entity xil_defaultlib.ps2_keyboard [\ps2_keyboard(clk_freq=100000000...]
Compiling architecture behavior of entity xil_defaultlib.ps2_keyboard_ascii_timer [ps2_keyboard_ascii_timer_default]
Compiling architecture arch_imp of entity xil_defaultlib.AXI_PS2_Keyboard_v1_0 [axi_ps2_keyboard_v1_0_default]
Compiling architecture keyboard_axi_ps2_keyboard_0_0_arch of entity xil_defaultlib.Keyboard_AXI_PS2_Keyboard_0_0 [keyboard_axi_ps2_keyboard_0_0_de...]
Compiling architecture keyboard_ila_0_0_arch of entity xil_defaultlib.Keyboard_ila_0_0 [keyboard_ila_0_0_default]
Compiling module processing_system7_vip_v1_0_14.processing_system7_vip_v1_0_14_g...
Compiling module processing_system7_vip_v1_0_14.processing_system7_vip_v1_0_14_g...
Compiling module processing_system7_vip_v1_0_14.processing_system7_vip_v1_0_14_a...
Compiling module processing_system7_vip_v1_0_14.processing_system7_vip_v1_0_14_a...
Compiling module processing_system7_vip_v1_0_14.processing_system7_vip_v1_0_14_f...
Compiling module processing_system7_vip_v1_0_14.processing_system7_vip_v1_0_14_a...
Compiling module processing_system7_vip_v1_0_14.processing_system7_vip_v1_0_14_a...
Compiling module processing_system7_vip_v1_0_14.processing_system7_vip_v1_0_14_a...
Compiling module processing_system7_vip_v1_0_14.processing_system7_vip_v1_0_14_a...
Compiling module processing_system7_vip_v1_0_14.processing_system7_vip_v1_0_14_s...
Compiling module processing_system7_vip_v1_0_14.processing_system7_vip_v1_0_14_i...
Compiling module processing_system7_vip_v1_0_14.processing_system7_vip_v1_0_14_s...
Compiling module processing_system7_vip_v1_0_14.processing_system7_vip_v1_0_14_d...
Compiling module processing_system7_vip_v1_0_14.processing_system7_vip_v1_0_14_o...
Compiling module processing_system7_vip_v1_0_14.processing_system7_vip_v1_0_14_o...
Compiling module processing_system7_vip_v1_0_14.processing_system7_vip_v1_0_14_r...
Compiling module processing_system7_vip_v1_0_14.processing_system7_vip_v1_0_14_r...
Compiling module xilinx_vip.axi_vip_axi4pc(WDATA_WIDTH=32,RD...
Compiling module xilinx_vip.cb
Compiling module xilinx_vip.axi_vip_if(C_AXI_PROTOCOL=1,C_AX...
Compiling module axi_vip_v1_1_12.axi_vip_v1_1_12_top(C_AXI_PROTOC...
Compiling module processing_system7_vip_v1_0_14.processing_system7_vip_v1_0_14_a...
Compiling module processing_system7_vip_v1_0_14.processing_system7_vip_v1_0_14_a...
Compiling module xilinx_vip.axi_vip_axi4pc(WDATA_WIDTH=32,RD...
Compiling module xilinx_vip.cb
Compiling module xilinx_vip.axi_vip_if(C_AXI_PROTOCOL=1,C_AX...
Compiling module axi_vip_v1_1_12.axi_vip_v1_1_12_top(C_AXI_PROTOC...
WARNING: [VRFC 10-3705] select index 64 into 'wrp_strb' is out of bounds [/wrk/ci/prod/2022.1.2/sw/continuous/178/packages/customer/vivado/data/ip/xilinx/processing_system7_vip_v1_0/hdl/processing_system7_vip_v1_0_vl_rfs.sv:6134]
Compiling module processing_system7_vip_v1_0_14.processing_system7_vip_v1_0_14_a...
Compiling module processing_system7_vip_v1_0_14.processing_system7_vip_v1_0_14_a...
Compiling module xilinx_vip.axi_vip_axi4pc(PROTOCOL=1,RID_WI...
Compiling module xilinx_vip.cb
Compiling module xilinx_vip.axi_vip_if(C_AXI_PROTOCOL=1,C_AX...
Compiling module axi_vip_v1_1_12.axi_vip_v1_1_12_top(C_AXI_PROTOC...
Compiling module processing_system7_vip_v1_0_14.processing_system7_vip_v1_0_14_i...
WARNING: [VRFC 10-3705] select index 128 into 'wrp_strb' is out of bounds [/wrk/ci/prod/2022.1.2/sw/continuous/178/packages/customer/vivado/data/ip/xilinx/processing_system7_vip_v1_0/hdl/processing_system7_vip_v1_0_vl_rfs.sv:10898]
Compiling module processing_system7_vip_v1_0_14.processing_system7_vip_v1_0_14_a...
Compiling module processing_system7_vip_v1_0_14.processing_system7_vip_v1_0_14_a...
Compiling module processing_system7_vip_v1_0_14.processing_system7_vip_v1_0_14_a...
Compiling module processing_system7_vip_v1_0_14.processing_system7_vip_v1_0_14_a...
Compiling module xilinx_vip.axi_vip_axi4pc(PROTOCOL=1,RID_WI...
Compiling module xilinx_vip.cb
Compiling module xilinx_vip.axi_vip_if(C_AXI_PROTOCOL=1,C_AX...
Compiling module axi_vip_v1_1_12.axi_vip_v1_1_12_top(C_AXI_PROTOC...
WARNING: [VRFC 10-3705] select index 128 into 'wrp_strb' is out of bounds [/wrk/ci/prod/2022.1.2/sw/continuous/178/packages/customer/vivado/data/ip/xilinx/processing_system7_vip_v1_0/hdl/processing_system7_vip_v1_0_vl_rfs.sv:7772]
WARNING: [VRFC 10-3705] select index 4 into 'wr_fifo_rd_ptr' is out of bounds [/wrk/ci/prod/2022.1.2/sw/continuous/178/packages/customer/vivado/data/ip/xilinx/processing_system7_vip_v1_0/hdl/processing_system7_vip_v1_0_vl_rfs.sv:7985]
WARNING: [VRFC 10-3705] select index 4 into 'ar_cnt' is out of bounds [/wrk/ci/prod/2022.1.2/sw/continuous/178/packages/customer/vivado/data/ip/xilinx/processing_system7_vip_v1_0/hdl/processing_system7_vip_v1_0_vl_rfs.sv:8124]
WARNING: [VRFC 10-3705] select index 4 into 'wr_rresp_cnt' is out of bounds [/wrk/ci/prod/2022.1.2/sw/continuous/178/packages/customer/vivado/data/ip/xilinx/processing_system7_vip_v1_0/hdl/processing_system7_vip_v1_0_vl_rfs.sv:8221]
WARNING: [VRFC 10-3705] select index 4 into 'rd_fifo_wr_ptr' is out of bounds [/wrk/ci/prod/2022.1.2/sw/continuous/178/packages/customer/vivado/data/ip/xilinx/processing_system7_vip_v1_0/hdl/processing_system7_vip_v1_0_vl_rfs.sv:8240]
WARNING: [VRFC 10-3705] select index 4 into 'rd_cnt' is out of bounds [/wrk/ci/prod/2022.1.2/sw/continuous/178/packages/customer/vivado/data/ip/xilinx/processing_system7_vip_v1_0/hdl/processing_system7_vip_v1_0_vl_rfs.sv:8381]
WARNING: [VRFC 10-3705] select index 4 into 'rresp_time_cnt' is out of bounds [/wrk/ci/prod/2022.1.2/sw/continuous/178/packages/customer/vivado/data/ip/xilinx/processing_system7_vip_v1_0/hdl/processing_system7_vip_v1_0_vl_rfs.sv:8386]
WARNING: [VRFC 10-3705] select index 4 into 'rd_fifo_rd_ptr' is out of bounds [/wrk/ci/prod/2022.1.2/sw/continuous/178/packages/customer/vivado/data/ip/xilinx/processing_system7_vip_v1_0/hdl/processing_system7_vip_v1_0_vl_rfs.sv:8391]
Compiling module processing_system7_vip_v1_0_14.processing_system7_vip_v1_0_14_a...
Compiling module processing_system7_vip_v1_0_14.processing_system7_vip_v1_0_14(C...
Compiling module xil_defaultlib.Keyboard_processing_system7_0_0
Compiling module axi_infrastructure_v1_1_0.axi_infrastructure_v1_1_0_axi2ve...
Compiling module axi_infrastructure_v1_1_0.axi_infrastructure_v1_1_0_vector...
Compiling module axi_register_slice_v2_1_26.axi_register_slice_v2_1_26_axic_...
Compiling module axi_register_slice_v2_1_26.axi_register_slice_v2_1_26_axic_...
Compiling module axi_register_slice_v2_1_26.axi_register_slice_v2_1_26_axic_...
Compiling module axi_register_slice_v2_1_26.axi_register_slice_v2_1_26_axic_...
Compiling module axi_register_slice_v2_1_26.axi_register_slice_v2_1_26_axi_r...
Compiling module axi_protocol_converter_v2_1_26.axi_protocol_converter_v2_1_26_b...
Compiling module axi_protocol_converter_v2_1_26.axi_protocol_converter_v2_1_26_b...
Compiling module axi_protocol_converter_v2_1_26.axi_protocol_converter_v2_1_26_b...
Compiling module axi_protocol_converter_v2_1_26.axi_protocol_converter_v2_1_26_b...
Compiling module axi_protocol_converter_v2_1_26.axi_protocol_converter_v2_1_26_b...
Compiling module axi_protocol_converter_v2_1_26.axi_protocol_converter_v2_1_26_b...
Compiling module axi_protocol_converter_v2_1_26.axi_protocol_converter_v2_1_26_b...
Compiling module axi_protocol_converter_v2_1_26.axi_protocol_converter_v2_1_26_b...
Compiling module axi_protocol_converter_v2_1_26.axi_protocol_converter_v2_1_26_b...
Compiling module axi_protocol_converter_v2_1_26.axi_protocol_converter_v2_1_26_b...
Compiling module axi_protocol_converter_v2_1_26.axi_protocol_converter_v2_1_26_b...
Compiling module axi_protocol_converter_v2_1_26.axi_protocol_converter_v2_1_26_b...
Compiling module axi_protocol_converter_v2_1_26.axi_protocol_converter_v2_1_26_b...
Compiling module axi_infrastructure_v1_1_0.axi_infrastructure_v1_1_0_axi2ve...
Compiling module axi_infrastructure_v1_1_0.axi_infrastructure_v1_1_0_vector...
Compiling module axi_register_slice_v2_1_26.axi_register_slice_v2_1_26_axic_...
Compiling module axi_register_slice_v2_1_26.axi_register_slice_v2_1_26_axic_...
Compiling module axi_register_slice_v2_1_26.axi_register_slice_v2_1_26_axic_...
Compiling module axi_register_slice_v2_1_26.axi_register_slice_v2_1_26_axic_...
Compiling module axi_register_slice_v2_1_26.axi_register_slice_v2_1_26_axi_r...
Compiling module axi_protocol_converter_v2_1_26.axi_protocol_converter_v2_1_26_b...
Compiling module axi_protocol_converter_v2_1_26.axi_protocol_converter_v2_1_26_a...
Compiling module xil_defaultlib.Keyboard_auto_pc_0
Compiling package xilinx_vip.axi_vip_pkg
Compiling package xilinx_vip.xil_common_vip_pkg
Compiling package std.std
Compiling architecture structure of entity xil_defaultlib.s00_couplers_imp_U1FOPD [s00_couplers_imp_u1fopd_default]
Compiling architecture structure of entity xil_defaultlib.Keyboard_ps7_0_axi_periph_0 [keyboard_ps7_0_axi_periph_0_defa...]
Compiling architecture fdre_v of entity unisim.FDRE [fdre_default]
Compiling architecture fdre_v of entity unisim.FDRE [\FDRE(init='1')\]
Compiling architecture fdr_v of entity unisim.FDR [fdr_default]
Compiling architecture implementation of entity lib_cdc_v1_0_2.cdc_sync [\cdc_sync(c_vector_width=2,c_mtb...]
Compiling architecture srl16e_v of entity unisim.SRL16E [\SRL16E(init="1111111111111111")...]
Compiling architecture srl16_v of entity unisim.SRL16 [\SRL16(init="1111111111111111")(...]
Compiling architecture imp of entity proc_sys_reset_v5_0_13.lpf [\lpf(c_ext_rst_width=4,c_aux_rst...]
Compiling architecture imp of entity proc_sys_reset_v5_0_13.upcnt_n [\upcnt_n(c_size=6)\]
Compiling architecture imp of entity proc_sys_reset_v5_0_13.sequence_psr [sequence_psr_default]
Compiling architecture imp of entity proc_sys_reset_v5_0_13.proc_sys_reset [\proc_sys_reset(c_family="zynq",...]
Compiling architecture keyboard_rst_clk_100m_0_arch of entity xil_defaultlib.Keyboard_rst_clk_100M_0 [keyboard_rst_clk_100m_0_default]
Compiling architecture structure of entity xil_defaultlib.Keyboard [keyboard_default]
Compiling architecture structure of entity xil_defaultlib.keyboard_wrapper
Built simulation snapshot Keyboard_wrapper_behav
