
*** Running vivado
    with args -log BTN_LED_Linux_wrapper.vds -m64 -product Vivado -mode batch -messageDb vivado.pb -notrace -source BTN_LED_Linux_wrapper.tcl



****** Vivado v2022.1 (64-bit)
  **** SW Build 3526262 on Mon Apr 18 15:48:16 MDT 2022
  **** IP Build 3524634 on Mon Apr 18 20:55:01 MDT 2022
    ** Copyright 1986-2022 Xilinx, Inc. All Rights Reserved.

source BTN_LED_Linux_wrapper.tcl -notrace
INFO: [IP_Flow 19-234] Refreshing IP repositories
INFO: [IP_Flow 19-1704] No user IP repositories specified
INFO: [IP_Flow 19-2313] Loaded Vivado IP repository 'C:/Xilinx/Vivado/2022.1/data/ip'.
Command: read_checkpoint -auto_incremental -incremental C:/Users/spixy/Documents/00_Github/SeniorCapstone/Milestone3/Milestone3.srcs/utils_1/imports/synth_1/ButtonTest_wrapper.dcp
INFO: [Vivado 12-5825] Read reference checkpoint from C:/Users/spixy/Documents/00_Github/SeniorCapstone/Milestone3/Milestone3.srcs/utils_1/imports/synth_1/ButtonTest_wrapper.dcp for incremental synthesis
INFO: [Vivado 12-7989] Please ensure there are no constraint changes
Command: synth_design -top BTN_LED_Linux_wrapper -part xck26-sfvc784-2LV-c
Starting synth_design
Attempting to get a license for feature 'Synthesis' and/or device 'xck26'
INFO: [Common 17-349] Got license for feature 'Synthesis' and/or device 'xck26'
INFO: [Device 21-403] Loading part xck26-sfvc784-2LV-c
INFO: [Designutils 20-5440] No compile time benefit to using incremental synthesis; A full resynthesis will be run
INFO: [Designutils 20-4379] Flow is switching to default flow due to incremental criteria not met. If you would like to alter this behaviour and have the flow terminate instead, please set the following parameter config_implementation {autoIncr.Synth.RejectBehavior Terminate}
INFO: [Synth 8-7079] Multithreading enabled for synth_design using a maximum of 2 processes.
INFO: [Synth 8-7078] Launching helper process for spawning children vivado processes
INFO: [Synth 8-7075] Helper process launched with PID 38968
---------------------------------------------------------------------------------
Starting RTL Elaboration : Time (s): cpu = 00:00:05 ; elapsed = 00:00:05 . Memory (MB): peak = 2121.234 ; gain = 321.145
---------------------------------------------------------------------------------
INFO: [Synth 8-6157] synthesizing module 'BTN_LED_Linux_wrapper' [c:/Users/spixy/Documents/00_Github/SeniorCapstone/Milestone3/Milestone3.gen/sources_1/bd/BTN_LED_Linux/hdl/BTN_LED_Linux_wrapper.v:12]
INFO: [Synth 8-6157] synthesizing module 'BTN_LED_Linux' [c:/Users/spixy/Documents/00_Github/SeniorCapstone/Milestone3/Milestone3.gen/sources_1/bd/BTN_LED_Linux/synth/BTN_LED_Linux.v:12]
INFO: [Synth 8-6157] synthesizing module 'BTN_LED_Linux_axi_gpio_1_0' [C:/Users/spixy/Documents/00_Github/SeniorCapstone/Milestone3/Milestone3.runs/synth_1/.Xil/Vivado-43228-DESKTOP-8DKIKNE/realtime/BTN_LED_Linux_axi_gpio_1_0_stub.v:5]
INFO: [Synth 8-6155] done synthesizing module 'BTN_LED_Linux_axi_gpio_1_0' (0#1) [C:/Users/spixy/Documents/00_Github/SeniorCapstone/Milestone3/Milestone3.runs/synth_1/.Xil/Vivado-43228-DESKTOP-8DKIKNE/realtime/BTN_LED_Linux_axi_gpio_1_0_stub.v:5]
INFO: [Synth 8-6157] synthesizing module 'BTN_LED_Linux_axi_timer_0_0' [C:/Users/spixy/Documents/00_Github/SeniorCapstone/Milestone3/Milestone3.runs/synth_1/.Xil/Vivado-43228-DESKTOP-8DKIKNE/realtime/BTN_LED_Linux_axi_timer_0_0_stub.v:5]
INFO: [Synth 8-6155] done synthesizing module 'BTN_LED_Linux_axi_timer_0_0' (0#1) [C:/Users/spixy/Documents/00_Github/SeniorCapstone/Milestone3/Milestone3.runs/synth_1/.Xil/Vivado-43228-DESKTOP-8DKIKNE/realtime/BTN_LED_Linux_axi_timer_0_0_stub.v:5]
WARNING: [Synth 8-7071] port 'generateout0' of module 'BTN_LED_Linux_axi_timer_0_0' is unconnected for instance 'axi_timer_0' [c:/Users/spixy/Documents/00_Github/SeniorCapstone/Milestone3/Milestone3.gen/sources_1/bd/BTN_LED_Linux/synth/BTN_LED_Linux.v:177]
WARNING: [Synth 8-7071] port 'generateout1' of module 'BTN_LED_Linux_axi_timer_0_0' is unconnected for instance 'axi_timer_0' [c:/Users/spixy/Documents/00_Github/SeniorCapstone/Milestone3/Milestone3.gen/sources_1/bd/BTN_LED_Linux/synth/BTN_LED_Linux.v:177]
WARNING: [Synth 8-7071] port 'interrupt' of module 'BTN_LED_Linux_axi_timer_0_0' is unconnected for instance 'axi_timer_0' [c:/Users/spixy/Documents/00_Github/SeniorCapstone/Milestone3/Milestone3.gen/sources_1/bd/BTN_LED_Linux/synth/BTN_LED_Linux.v:177]
WARNING: [Synth 8-7023] instance 'axi_timer_0' of module 'BTN_LED_Linux_axi_timer_0_0' has 26 connections declared, but only 23 given [c:/Users/spixy/Documents/00_Github/SeniorCapstone/Milestone3/Milestone3.gen/sources_1/bd/BTN_LED_Linux/synth/BTN_LED_Linux.v:177]
INFO: [Synth 8-6157] synthesizing module 'BTN_LED_Linux_axi_timer_1_0' [C:/Users/spixy/Documents/00_Github/SeniorCapstone/Milestone3/Milestone3.runs/synth_1/.Xil/Vivado-43228-DESKTOP-8DKIKNE/realtime/BTN_LED_Linux_axi_timer_1_0_stub.v:5]
INFO: [Synth 8-6155] done synthesizing module 'BTN_LED_Linux_axi_timer_1_0' (0#1) [C:/Users/spixy/Documents/00_Github/SeniorCapstone/Milestone3/Milestone3.runs/synth_1/.Xil/Vivado-43228-DESKTOP-8DKIKNE/realtime/BTN_LED_Linux_axi_timer_1_0_stub.v:5]
WARNING: [Synth 8-7071] port 'generateout0' of module 'BTN_LED_Linux_axi_timer_1_0' is unconnected for instance 'axi_timer_1' [c:/Users/spixy/Documents/00_Github/SeniorCapstone/Milestone3/Milestone3.gen/sources_1/bd/BTN_LED_Linux/synth/BTN_LED_Linux.v:201]
WARNING: [Synth 8-7071] port 'generateout1' of module 'BTN_LED_Linux_axi_timer_1_0' is unconnected for instance 'axi_timer_1' [c:/Users/spixy/Documents/00_Github/SeniorCapstone/Milestone3/Milestone3.gen/sources_1/bd/BTN_LED_Linux/synth/BTN_LED_Linux.v:201]
WARNING: [Synth 8-7071] port 'interrupt' of module 'BTN_LED_Linux_axi_timer_1_0' is unconnected for instance 'axi_timer_1' [c:/Users/spixy/Documents/00_Github/SeniorCapstone/Milestone3/Milestone3.gen/sources_1/bd/BTN_LED_Linux/synth/BTN_LED_Linux.v:201]
WARNING: [Synth 8-7023] instance 'axi_timer_1' of module 'BTN_LED_Linux_axi_timer_1_0' has 26 connections declared, but only 23 given [c:/Users/spixy/Documents/00_Github/SeniorCapstone/Milestone3/Milestone3.gen/sources_1/bd/BTN_LED_Linux/synth/BTN_LED_Linux.v:201]
INFO: [Synth 8-6157] synthesizing module 'BTN_LED_Linux_ps8_0_axi_periph_0' [c:/Users/spixy/Documents/00_Github/SeniorCapstone/Milestone3/Milestone3.gen/sources_1/bd/BTN_LED_Linux/synth/BTN_LED_Linux.v:452]
INFO: [Synth 8-6157] synthesizing module 'm00_couplers_imp_9W83N8' [c:/Users/spixy/Documents/00_Github/SeniorCapstone/Milestone3/Milestone3.gen/sources_1/bd/BTN_LED_Linux/synth/BTN_LED_Linux.v:1352]
INFO: [Synth 8-6155] done synthesizing module 'm00_couplers_imp_9W83N8' (0#1) [c:/Users/spixy/Documents/00_Github/SeniorCapstone/Milestone3/Milestone3.gen/sources_1/bd/BTN_LED_Linux/synth/BTN_LED_Linux.v:1352]
INFO: [Synth 8-6157] synthesizing module 'm01_couplers_imp_1FAFVDS' [c:/Users/spixy/Documents/00_Github/SeniorCapstone/Milestone3/Milestone3.gen/sources_1/bd/BTN_LED_Linux/synth/BTN_LED_Linux.v:1484]
INFO: [Synth 8-6155] done synthesizing module 'm01_couplers_imp_1FAFVDS' (0#1) [c:/Users/spixy/Documents/00_Github/SeniorCapstone/Milestone3/Milestone3.gen/sources_1/bd/BTN_LED_Linux/synth/BTN_LED_Linux.v:1484]
INFO: [Synth 8-6157] synthesizing module 'm02_couplers_imp_1L85J19' [c:/Users/spixy/Documents/00_Github/SeniorCapstone/Milestone3/Milestone3.gen/sources_1/bd/BTN_LED_Linux/synth/BTN_LED_Linux.v:1616]
INFO: [Synth 8-6155] done synthesizing module 'm02_couplers_imp_1L85J19' (0#1) [c:/Users/spixy/Documents/00_Github/SeniorCapstone/Milestone3/Milestone3.gen/sources_1/bd/BTN_LED_Linux/synth/BTN_LED_Linux.v:1616]
INFO: [Synth 8-6157] synthesizing module 's00_couplers_imp_GRMRKB' [c:/Users/spixy/Documents/00_Github/SeniorCapstone/Milestone3/Milestone3.gen/sources_1/bd/BTN_LED_Linux/synth/BTN_LED_Linux.v:1748]
INFO: [Synth 8-6157] synthesizing module 'BTN_LED_Linux_auto_ds_0' [C:/Users/spixy/Documents/00_Github/SeniorCapstone/Milestone3/Milestone3.runs/synth_1/.Xil/Vivado-43228-DESKTOP-8DKIKNE/realtime/BTN_LED_Linux_auto_ds_0_stub.v:5]
INFO: [Synth 8-6155] done synthesizing module 'BTN_LED_Linux_auto_ds_0' (0#1) [C:/Users/spixy/Documents/00_Github/SeniorCapstone/Milestone3/Milestone3.runs/synth_1/.Xil/Vivado-43228-DESKTOP-8DKIKNE/realtime/BTN_LED_Linux_auto_ds_0_stub.v:5]
INFO: [Synth 8-6157] synthesizing module 'BTN_LED_Linux_auto_pc_0' [C:/Users/spixy/Documents/00_Github/SeniorCapstone/Milestone3/Milestone3.runs/synth_1/.Xil/Vivado-43228-DESKTOP-8DKIKNE/realtime/BTN_LED_Linux_auto_pc_0_stub.v:5]
INFO: [Synth 8-6155] done synthesizing module 'BTN_LED_Linux_auto_pc_0' (0#1) [C:/Users/spixy/Documents/00_Github/SeniorCapstone/Milestone3/Milestone3.runs/synth_1/.Xil/Vivado-43228-DESKTOP-8DKIKNE/realtime/BTN_LED_Linux_auto_pc_0_stub.v:5]
INFO: [Synth 8-6155] done synthesizing module 's00_couplers_imp_GRMRKB' (0#1) [c:/Users/spixy/Documents/00_Github/SeniorCapstone/Milestone3/Milestone3.gen/sources_1/bd/BTN_LED_Linux/synth/BTN_LED_Linux.v:1748]
INFO: [Synth 8-6157] synthesizing module 's01_couplers_imp_1AD9RZ3' [c:/Users/spixy/Documents/00_Github/SeniorCapstone/Milestone3/Milestone3.gen/sources_1/bd/BTN_LED_Linux/synth/BTN_LED_Linux.v:2158]
INFO: [Synth 8-6157] synthesizing module 'BTN_LED_Linux_auto_ds_1' [C:/Users/spixy/Documents/00_Github/SeniorCapstone/Milestone3/Milestone3.runs/synth_1/.Xil/Vivado-43228-DESKTOP-8DKIKNE/realtime/BTN_LED_Linux_auto_ds_1_stub.v:5]
INFO: [Synth 8-6155] done synthesizing module 'BTN_LED_Linux_auto_ds_1' (0#1) [C:/Users/spixy/Documents/00_Github/SeniorCapstone/Milestone3/Milestone3.runs/synth_1/.Xil/Vivado-43228-DESKTOP-8DKIKNE/realtime/BTN_LED_Linux_auto_ds_1_stub.v:5]
INFO: [Synth 8-6157] synthesizing module 'BTN_LED_Linux_auto_pc_1' [C:/Users/spixy/Documents/00_Github/SeniorCapstone/Milestone3/Milestone3.runs/synth_1/.Xil/Vivado-43228-DESKTOP-8DKIKNE/realtime/BTN_LED_Linux_auto_pc_1_stub.v:5]
INFO: [Synth 8-6155] done synthesizing module 'BTN_LED_Linux_auto_pc_1' (0#1) [C:/Users/spixy/Documents/00_Github/SeniorCapstone/Milestone3/Milestone3.runs/synth_1/.Xil/Vivado-43228-DESKTOP-8DKIKNE/realtime/BTN_LED_Linux_auto_pc_1_stub.v:5]
INFO: [Synth 8-6155] done synthesizing module 's01_couplers_imp_1AD9RZ3' (0#1) [c:/Users/spixy/Documents/00_Github/SeniorCapstone/Milestone3/Milestone3.gen/sources_1/bd/BTN_LED_Linux/synth/BTN_LED_Linux.v:2158]
INFO: [Synth 8-6157] synthesizing module 'BTN_LED_Linux_xbar_0' [C:/Users/spixy/Documents/00_Github/SeniorCapstone/Milestone3/Milestone3.runs/synth_1/.Xil/Vivado-43228-DESKTOP-8DKIKNE/realtime/BTN_LED_Linux_xbar_0_stub.v:5]
INFO: [Synth 8-6155] done synthesizing module 'BTN_LED_Linux_xbar_0' (0#1) [C:/Users/spixy/Documents/00_Github/SeniorCapstone/Milestone3/Milestone3.runs/synth_1/.Xil/Vivado-43228-DESKTOP-8DKIKNE/realtime/BTN_LED_Linux_xbar_0_stub.v:5]
WARNING: [Synth 8-7071] port 'm_axi_awprot' of module 'BTN_LED_Linux_xbar_0' is unconnected for instance 'xbar' [c:/Users/spixy/Documents/00_Github/SeniorCapstone/Milestone3/Milestone3.gen/sources_1/bd/BTN_LED_Linux/synth/BTN_LED_Linux.v:1311]
WARNING: [Synth 8-7071] port 'm_axi_arprot' of module 'BTN_LED_Linux_xbar_0' is unconnected for instance 'xbar' [c:/Users/spixy/Documents/00_Github/SeniorCapstone/Milestone3/Milestone3.gen/sources_1/bd/BTN_LED_Linux/synth/BTN_LED_Linux.v:1311]
WARNING: [Synth 8-7023] instance 'xbar' of module 'BTN_LED_Linux_xbar_0' has 40 connections declared, but only 38 given [c:/Users/spixy/Documents/00_Github/SeniorCapstone/Milestone3/Milestone3.gen/sources_1/bd/BTN_LED_Linux/synth/BTN_LED_Linux.v:1311]
INFO: [Synth 8-6155] done synthesizing module 'BTN_LED_Linux_ps8_0_axi_periph_0' (0#1) [c:/Users/spixy/Documents/00_Github/SeniorCapstone/Milestone3/Milestone3.gen/sources_1/bd/BTN_LED_Linux/synth/BTN_LED_Linux.v:452]
INFO: [Synth 8-6157] synthesizing module 'BTN_LED_Linux_rst_ps8_0_99M_0' [C:/Users/spixy/Documents/00_Github/SeniorCapstone/Milestone3/Milestone3.runs/synth_1/.Xil/Vivado-43228-DESKTOP-8DKIKNE/realtime/BTN_LED_Linux_rst_ps8_0_99M_0_stub.v:5]
INFO: [Synth 8-6155] done synthesizing module 'BTN_LED_Linux_rst_ps8_0_99M_0' (0#1) [C:/Users/spixy/Documents/00_Github/SeniorCapstone/Milestone3/Milestone3.runs/synth_1/.Xil/Vivado-43228-DESKTOP-8DKIKNE/realtime/BTN_LED_Linux_rst_ps8_0_99M_0_stub.v:5]
WARNING: [Synth 8-7071] port 'mb_reset' of module 'BTN_LED_Linux_rst_ps8_0_99M_0' is unconnected for instance 'rst_ps8_0_99M' [c:/Users/spixy/Documents/00_Github/SeniorCapstone/Milestone3/Milestone3.gen/sources_1/bd/BTN_LED_Linux/synth/BTN_LED_Linux.v:363]
WARNING: [Synth 8-7071] port 'bus_struct_reset' of module 'BTN_LED_Linux_rst_ps8_0_99M_0' is unconnected for instance 'rst_ps8_0_99M' [c:/Users/spixy/Documents/00_Github/SeniorCapstone/Milestone3/Milestone3.gen/sources_1/bd/BTN_LED_Linux/synth/BTN_LED_Linux.v:363]
WARNING: [Synth 8-7071] port 'peripheral_reset' of module 'BTN_LED_Linux_rst_ps8_0_99M_0' is unconnected for instance 'rst_ps8_0_99M' [c:/Users/spixy/Documents/00_Github/SeniorCapstone/Milestone3/Milestone3.gen/sources_1/bd/BTN_LED_Linux/synth/BTN_LED_Linux.v:363]
WARNING: [Synth 8-7071] port 'interconnect_aresetn' of module 'BTN_LED_Linux_rst_ps8_0_99M_0' is unconnected for instance 'rst_ps8_0_99M' [c:/Users/spixy/Documents/00_Github/SeniorCapstone/Milestone3/Milestone3.gen/sources_1/bd/BTN_LED_Linux/synth/BTN_LED_Linux.v:363]
WARNING: [Synth 8-7023] instance 'rst_ps8_0_99M' of module 'BTN_LED_Linux_rst_ps8_0_99M_0' has 10 connections declared, but only 6 given [c:/Users/spixy/Documents/00_Github/SeniorCapstone/Milestone3/Milestone3.gen/sources_1/bd/BTN_LED_Linux/synth/BTN_LED_Linux.v:363]
INFO: [Synth 8-6157] synthesizing module 'BTN_LED_Linux_zynq_ultra_ps_e_0_0' [C:/Users/spixy/Documents/00_Github/SeniorCapstone/Milestone3/Milestone3.runs/synth_1/.Xil/Vivado-43228-DESKTOP-8DKIKNE/realtime/BTN_LED_Linux_zynq_ultra_ps_e_0_0_stub.v:5]
INFO: [Synth 8-6155] done synthesizing module 'BTN_LED_Linux_zynq_ultra_ps_e_0_0' (0#1) [C:/Users/spixy/Documents/00_Github/SeniorCapstone/Milestone3/Milestone3.runs/synth_1/.Xil/Vivado-43228-DESKTOP-8DKIKNE/realtime/BTN_LED_Linux_zynq_ultra_ps_e_0_0_stub.v:5]
WARNING: [Synth 8-7071] port 'maxigp0_awuser' of module 'BTN_LED_Linux_zynq_ultra_ps_e_0_0' is unconnected for instance 'zynq_ultra_ps_e_0' [c:/Users/spixy/Documents/00_Github/SeniorCapstone/Milestone3/Milestone3.gen/sources_1/bd/BTN_LED_Linux/synth/BTN_LED_Linux.v:370]
WARNING: [Synth 8-7071] port 'maxigp0_aruser' of module 'BTN_LED_Linux_zynq_ultra_ps_e_0_0' is unconnected for instance 'zynq_ultra_ps_e_0' [c:/Users/spixy/Documents/00_Github/SeniorCapstone/Milestone3/Milestone3.gen/sources_1/bd/BTN_LED_Linux/synth/BTN_LED_Linux.v:370]
WARNING: [Synth 8-7071] port 'maxigp1_awuser' of module 'BTN_LED_Linux_zynq_ultra_ps_e_0_0' is unconnected for instance 'zynq_ultra_ps_e_0' [c:/Users/spixy/Documents/00_Github/SeniorCapstone/Milestone3/Milestone3.gen/sources_1/bd/BTN_LED_Linux/synth/BTN_LED_Linux.v:370]
WARNING: [Synth 8-7071] port 'maxigp1_aruser' of module 'BTN_LED_Linux_zynq_ultra_ps_e_0_0' is unconnected for instance 'zynq_ultra_ps_e_0' [c:/Users/spixy/Documents/00_Github/SeniorCapstone/Milestone3/Milestone3.gen/sources_1/bd/BTN_LED_Linux/synth/BTN_LED_Linux.v:370]
WARNING: [Synth 8-7023] instance 'zynq_ultra_ps_e_0' of module 'BTN_LED_Linux_zynq_ultra_ps_e_0_0' has 83 connections declared, but only 79 given [c:/Users/spixy/Documents/00_Github/SeniorCapstone/Milestone3/Milestone3.gen/sources_1/bd/BTN_LED_Linux/synth/BTN_LED_Linux.v:370]
INFO: [Synth 8-6155] done synthesizing module 'BTN_LED_Linux' (0#1) [c:/Users/spixy/Documents/00_Github/SeniorCapstone/Milestone3/Milestone3.gen/sources_1/bd/BTN_LED_Linux/synth/BTN_LED_Linux.v:12]
INFO: [Synth 8-6155] done synthesizing module 'BTN_LED_Linux_wrapper' (0#1) [c:/Users/spixy/Documents/00_Github/SeniorCapstone/Milestone3/Milestone3.gen/sources_1/bd/BTN_LED_Linux/hdl/BTN_LED_Linux_wrapper.v:12]
WARNING: [Synth 8-7129] Port M_ACLK in module s01_couplers_imp_1AD9RZ3 is either unconnected or has no load
WARNING: [Synth 8-7129] Port M_ARESETN in module s01_couplers_imp_1AD9RZ3 is either unconnected or has no load
WARNING: [Synth 8-7129] Port M_ACLK in module s00_couplers_imp_GRMRKB is either unconnected or has no load
WARNING: [Synth 8-7129] Port M_ARESETN in module s00_couplers_imp_GRMRKB is either unconnected or has no load
WARNING: [Synth 8-7129] Port M_ACLK in module m02_couplers_imp_1L85J19 is either unconnected or has no load
WARNING: [Synth 8-7129] Port M_ARESETN in module m02_couplers_imp_1L85J19 is either unconnected or has no load
WARNING: [Synth 8-7129] Port S_ACLK in module m02_couplers_imp_1L85J19 is either unconnected or has no load
WARNING: [Synth 8-7129] Port S_ARESETN in module m02_couplers_imp_1L85J19 is either unconnected or has no load
WARNING: [Synth 8-7129] Port M_ACLK in module m01_couplers_imp_1FAFVDS is either unconnected or has no load
WARNING: [Synth 8-7129] Port M_ARESETN in module m01_couplers_imp_1FAFVDS is either unconnected or has no load
WARNING: [Synth 8-7129] Port S_ACLK in module m01_couplers_imp_1FAFVDS is either unconnected or has no load
WARNING: [Synth 8-7129] Port S_ARESETN in module m01_couplers_imp_1FAFVDS is either unconnected or has no load
WARNING: [Synth 8-7129] Port M_ACLK in module m00_couplers_imp_9W83N8 is either unconnected or has no load
WARNING: [Synth 8-7129] Port M_ARESETN in module m00_couplers_imp_9W83N8 is either unconnected or has no load
WARNING: [Synth 8-7129] Port S_ACLK in module m00_couplers_imp_9W83N8 is either unconnected or has no load
WARNING: [Synth 8-7129] Port S_ARESETN in module m00_couplers_imp_9W83N8 is either unconnected or has no load
WARNING: [Synth 8-7129] Port M00_ACLK in module BTN_LED_Linux_ps8_0_axi_periph_0 is either unconnected or has no load
WARNING: [Synth 8-7129] Port M00_ARESETN in module BTN_LED_Linux_ps8_0_axi_periph_0 is either unconnected or has no load
WARNING: [Synth 8-7129] Port M01_ACLK in module BTN_LED_Linux_ps8_0_axi_periph_0 is either unconnected or has no load
WARNING: [Synth 8-7129] Port M01_ARESETN in module BTN_LED_Linux_ps8_0_axi_periph_0 is either unconnected or has no load
WARNING: [Synth 8-7129] Port M02_ACLK in module BTN_LED_Linux_ps8_0_axi_periph_0 is either unconnected or has no load
WARNING: [Synth 8-7129] Port M02_ARESETN in module BTN_LED_Linux_ps8_0_axi_periph_0 is either unconnected or has no load
WARNING: [Synth 8-7129] Port S00_ACLK in module BTN_LED_Linux_ps8_0_axi_periph_0 is either unconnected or has no load
WARNING: [Synth 8-7129] Port S00_ARESETN in module BTN_LED_Linux_ps8_0_axi_periph_0 is either unconnected or has no load
WARNING: [Synth 8-7129] Port S01_ACLK in module BTN_LED_Linux_ps8_0_axi_periph_0 is either unconnected or has no load
WARNING: [Synth 8-7129] Port S01_ARESETN in module BTN_LED_Linux_ps8_0_axi_periph_0 is either unconnected or has no load
---------------------------------------------------------------------------------
Finished RTL Elaboration : Time (s): cpu = 00:00:07 ; elapsed = 00:00:07 . Memory (MB): peak = 2211.730 ; gain = 411.641
---------------------------------------------------------------------------------
---------------------------------------------------------------------------------
Start Handling Custom Attributes
---------------------------------------------------------------------------------
---------------------------------------------------------------------------------
Finished Handling Custom Attributes : Time (s): cpu = 00:00:07 ; elapsed = 00:00:07 . Memory (MB): peak = 2229.652 ; gain = 429.562
---------------------------------------------------------------------------------
---------------------------------------------------------------------------------
Finished RTL Optimization Phase 1 : Time (s): cpu = 00:00:07 ; elapsed = 00:00:07 . Memory (MB): peak = 2229.652 ; gain = 429.562
---------------------------------------------------------------------------------
Netlist sorting complete. Time (s): cpu = 00:00:00 ; elapsed = 00:00:00.052 . Memory (MB): peak = 2229.652 ; gain = 0.000
INFO: [Project 1-570] Preparing netlist for logic optimization

Processing XDC Constraints
Initializing timing engine
Parsing XDC File [c:/Users/spixy/Documents/00_Github/SeniorCapstone/Milestone3/Milestone3.gen/sources_1/bd/BTN_LED_Linux/ip/BTN_LED_Linux_zynq_ultra_ps_e_0_0/BTN_LED_Linux_zynq_ultra_ps_e_0_0/BTN_LED_Linux_zynq_ultra_ps_e_0_0_in_context.xdc] for cell 'BTN_LED_Linux_i/zynq_ultra_ps_e_0'
Finished Parsing XDC File [c:/Users/spixy/Documents/00_Github/SeniorCapstone/Milestone3/Milestone3.gen/sources_1/bd/BTN_LED_Linux/ip/BTN_LED_Linux_zynq_ultra_ps_e_0_0/BTN_LED_Linux_zynq_ultra_ps_e_0_0/BTN_LED_Linux_zynq_ultra_ps_e_0_0_in_context.xdc] for cell 'BTN_LED_Linux_i/zynq_ultra_ps_e_0'
Parsing XDC File [c:/Users/spixy/Documents/00_Github/SeniorCapstone/Milestone3/Milestone3.gen/sources_1/bd/BTN_LED_Linux/ip/BTN_LED_Linux_axi_gpio_1_0/BTN_LED_Linux_axi_gpio_1_0/BTN_LED_Linux_axi_gpio_1_0_in_context.xdc] for cell 'BTN_LED_Linux_i/axi_gpio_1'
Finished Parsing XDC File [c:/Users/spixy/Documents/00_Github/SeniorCapstone/Milestone3/Milestone3.gen/sources_1/bd/BTN_LED_Linux/ip/BTN_LED_Linux_axi_gpio_1_0/BTN_LED_Linux_axi_gpio_1_0/BTN_LED_Linux_axi_gpio_1_0_in_context.xdc] for cell 'BTN_LED_Linux_i/axi_gpio_1'
Parsing XDC File [c:/Users/spixy/Documents/00_Github/SeniorCapstone/Milestone3/Milestone3.gen/sources_1/bd/BTN_LED_Linux/ip/BTN_LED_Linux_axi_timer_0_0/BTN_LED_Linux_axi_timer_0_0/BTN_LED_Linux_axi_timer_0_0_in_context.xdc] for cell 'BTN_LED_Linux_i/axi_timer_0'
Finished Parsing XDC File [c:/Users/spixy/Documents/00_Github/SeniorCapstone/Milestone3/Milestone3.gen/sources_1/bd/BTN_LED_Linux/ip/BTN_LED_Linux_axi_timer_0_0/BTN_LED_Linux_axi_timer_0_0/BTN_LED_Linux_axi_timer_0_0_in_context.xdc] for cell 'BTN_LED_Linux_i/axi_timer_0'
Parsing XDC File [c:/Users/spixy/Documents/00_Github/SeniorCapstone/Milestone3/Milestone3.gen/sources_1/bd/BTN_LED_Linux/ip/BTN_LED_Linux_axi_timer_1_0/BTN_LED_Linux_axi_timer_1_0/BTN_LED_Linux_axi_timer_0_0_in_context.xdc] for cell 'BTN_LED_Linux_i/axi_timer_1'
Finished Parsing XDC File [c:/Users/spixy/Documents/00_Github/SeniorCapstone/Milestone3/Milestone3.gen/sources_1/bd/BTN_LED_Linux/ip/BTN_LED_Linux_axi_timer_1_0/BTN_LED_Linux_axi_timer_1_0/BTN_LED_Linux_axi_timer_0_0_in_context.xdc] for cell 'BTN_LED_Linux_i/axi_timer_1'
Parsing XDC File [c:/Users/spixy/Documents/00_Github/SeniorCapstone/Milestone3/Milestone3.gen/sources_1/bd/BTN_LED_Linux/ip/BTN_LED_Linux_xbar_0/BTN_LED_Linux_xbar_0/BTN_LED_Linux_xbar_0_in_context.xdc] for cell 'BTN_LED_Linux_i/ps8_0_axi_periph/xbar'
Finished Parsing XDC File [c:/Users/spixy/Documents/00_Github/SeniorCapstone/Milestone3/Milestone3.gen/sources_1/bd/BTN_LED_Linux/ip/BTN_LED_Linux_xbar_0/BTN_LED_Linux_xbar_0/BTN_LED_Linux_xbar_0_in_context.xdc] for cell 'BTN_LED_Linux_i/ps8_0_axi_periph/xbar'
Parsing XDC File [c:/Users/spixy/Documents/00_Github/SeniorCapstone/Milestone3/Milestone3.gen/sources_1/bd/BTN_LED_Linux/ip/BTN_LED_Linux_auto_ds_0/BTN_LED_Linux_auto_ds_0/BTN_LED_Linux_auto_ds_0_in_context.xdc] for cell 'BTN_LED_Linux_i/ps8_0_axi_periph/s00_couplers/auto_ds'
Finished Parsing XDC File [c:/Users/spixy/Documents/00_Github/SeniorCapstone/Milestone3/Milestone3.gen/sources_1/bd/BTN_LED_Linux/ip/BTN_LED_Linux_auto_ds_0/BTN_LED_Linux_auto_ds_0/BTN_LED_Linux_auto_ds_0_in_context.xdc] for cell 'BTN_LED_Linux_i/ps8_0_axi_periph/s00_couplers/auto_ds'
Parsing XDC File [c:/Users/spixy/Documents/00_Github/SeniorCapstone/Milestone3/Milestone3.gen/sources_1/bd/BTN_LED_Linux/ip/BTN_LED_Linux_auto_pc_0/BTN_LED_Linux_auto_pc_0/BTN_LED_Linux_auto_pc_0_in_context.xdc] for cell 'BTN_LED_Linux_i/ps8_0_axi_periph/s00_couplers/auto_pc'
Finished Parsing XDC File [c:/Users/spixy/Documents/00_Github/SeniorCapstone/Milestone3/Milestone3.gen/sources_1/bd/BTN_LED_Linux/ip/BTN_LED_Linux_auto_pc_0/BTN_LED_Linux_auto_pc_0/BTN_LED_Linux_auto_pc_0_in_context.xdc] for cell 'BTN_LED_Linux_i/ps8_0_axi_periph/s00_couplers/auto_pc'
Parsing XDC File [c:/Users/spixy/Documents/00_Github/SeniorCapstone/Milestone3/Milestone3.gen/sources_1/bd/BTN_LED_Linux/ip/BTN_LED_Linux_auto_ds_1/BTN_LED_Linux_auto_ds_1/BTN_LED_Linux_auto_ds_0_in_context.xdc] for cell 'BTN_LED_Linux_i/ps8_0_axi_periph/s01_couplers/auto_ds'
Finished Parsing XDC File [c:/Users/spixy/Documents/00_Github/SeniorCapstone/Milestone3/Milestone3.gen/sources_1/bd/BTN_LED_Linux/ip/BTN_LED_Linux_auto_ds_1/BTN_LED_Linux_auto_ds_1/BTN_LED_Linux_auto_ds_0_in_context.xdc] for cell 'BTN_LED_Linux_i/ps8_0_axi_periph/s01_couplers/auto_ds'
Parsing XDC File [c:/Users/spixy/Documents/00_Github/SeniorCapstone/Milestone3/Milestone3.gen/sources_1/bd/BTN_LED_Linux/ip/BTN_LED_Linux_auto_pc_1/BTN_LED_Linux_auto_pc_1/BTN_LED_Linux_auto_pc_0_in_context.xdc] for cell 'BTN_LED_Linux_i/ps8_0_axi_periph/s01_couplers/auto_pc'
Finished Parsing XDC File [c:/Users/spixy/Documents/00_Github/SeniorCapstone/Milestone3/Milestone3.gen/sources_1/bd/BTN_LED_Linux/ip/BTN_LED_Linux_auto_pc_1/BTN_LED_Linux_auto_pc_1/BTN_LED_Linux_auto_pc_0_in_context.xdc] for cell 'BTN_LED_Linux_i/ps8_0_axi_periph/s01_couplers/auto_pc'
Parsing XDC File [c:/Users/spixy/Documents/00_Github/SeniorCapstone/Milestone3/Milestone3.gen/sources_1/bd/BTN_LED_Linux/ip/BTN_LED_Linux_rst_ps8_0_99M_0/BTN_LED_Linux_rst_ps8_0_99M_0/BTN_LED_Linux_rst_ps8_0_99M_0_in_context.xdc] for cell 'BTN_LED_Linux_i/rst_ps8_0_99M'
Finished Parsing XDC File [c:/Users/spixy/Documents/00_Github/SeniorCapstone/Milestone3/Milestone3.gen/sources_1/bd/BTN_LED_Linux/ip/BTN_LED_Linux_rst_ps8_0_99M_0/BTN_LED_Linux_rst_ps8_0_99M_0/BTN_LED_Linux_rst_ps8_0_99M_0_in_context.xdc] for cell 'BTN_LED_Linux_i/rst_ps8_0_99M'
Parsing XDC File [C:/Users/spixy/Documents/00_Github/SeniorCapstone/Milestone3/Milestone3.srcs/constrs_1/new/constraints.xdc]
Finished Parsing XDC File [C:/Users/spixy/Documents/00_Github/SeniorCapstone/Milestone3/Milestone3.srcs/constrs_1/new/constraints.xdc]
INFO: [Project 1-236] Implementation specific constraints were found while reading constraint file [C:/Users/spixy/Documents/00_Github/SeniorCapstone/Milestone3/Milestone3.srcs/constrs_1/new/constraints.xdc]. These constraints will be ignored for synthesis but will be used in implementation. Impacted constraints are listed in the file [.Xil/BTN_LED_Linux_wrapper_propImpl.xdc].
Resolution: To avoid this warning, move constraints listed in [.Xil/BTN_LED_Linux_wrapper_propImpl.xdc] to another XDC file and exclude this new file from synthesis with the used_in_synthesis property (File Properties dialog in GUI) and re-run elaboration/synthesis.
Parsing XDC File [C:/Users/spixy/Documents/00_Github/SeniorCapstone/Milestone3/Milestone3.runs/synth_1/dont_touch.xdc]
Finished Parsing XDC File [C:/Users/spixy/Documents/00_Github/SeniorCapstone/Milestone3/Milestone3.runs/synth_1/dont_touch.xdc]
Completed Processing XDC Constraints

Netlist sorting complete. Time (s): cpu = 00:00:00 ; elapsed = 00:00:00 . Memory (MB): peak = 2266.105 ; gain = 0.000
INFO: [Project 1-111] Unisim Transformation Summary:
No Unisim elements were transformed.

Constraint Validation Runtime : Time (s): cpu = 00:00:00 ; elapsed = 00:00:00.004 . Memory (MB): peak = 2266.105 ; gain = 0.000
INFO: [Designutils 20-5440] No compile time benefit to using incremental synthesis; A full resynthesis will be run
INFO: [Designutils 20-4379] Flow is switching to default flow due to incremental criteria not met. If you would like to alter this behaviour and have the flow terminate instead, please set the following parameter config_implementation {autoIncr.Synth.RejectBehavior Terminate}
---------------------------------------------------------------------------------
Finished Constraint Validation : Time (s): cpu = 00:00:17 ; elapsed = 00:00:18 . Memory (MB): peak = 2266.105 ; gain = 466.016
---------------------------------------------------------------------------------
---------------------------------------------------------------------------------
Start Loading Part and Timing Information
---------------------------------------------------------------------------------
Loading part: xck26-sfvc784-2LV-c
INFO: [Synth 8-6742] Reading net delay rules and data
---------------------------------------------------------------------------------
Finished Loading Part and Timing Information : Time (s): cpu = 00:00:17 ; elapsed = 00:00:18 . Memory (MB): peak = 2266.105 ; gain = 466.016
---------------------------------------------------------------------------------
---------------------------------------------------------------------------------
Start Applying 'set_property' XDC Constraints
---------------------------------------------------------------------------------
Applied set_property KEEP_HIERARCHY = SOFT for BTN_LED_Linux_i. (constraint file  auto generated constraint).
Applied set_property KEEP_HIERARCHY = SOFT for BTN_LED_Linux_i/zynq_ultra_ps_e_0. (constraint file  auto generated constraint).
Applied set_property KEEP_HIERARCHY = SOFT for BTN_LED_Linux_i/axi_gpio_1. (constraint file  auto generated constraint).
Applied set_property KEEP_HIERARCHY = SOFT for BTN_LED_Linux_i/axi_timer_0. (constraint file  auto generated constraint).
Applied set_property KEEP_HIERARCHY = SOFT for BTN_LED_Linux_i/axi_timer_1. (constraint file  auto generated constraint).
Applied set_property KEEP_HIERARCHY = SOFT for BTN_LED_Linux_i/ps8_0_axi_periph/xbar. (constraint file  auto generated constraint).
Applied set_property KEEP_HIERARCHY = SOFT for BTN_LED_Linux_i/ps8_0_axi_periph/s00_couplers/auto_ds. (constraint file  auto generated constraint).
Applied set_property KEEP_HIERARCHY = SOFT for BTN_LED_Linux_i/ps8_0_axi_periph/s00_couplers/auto_pc. (constraint file  auto generated constraint).
Applied set_property KEEP_HIERARCHY = SOFT for BTN_LED_Linux_i/ps8_0_axi_periph/s01_couplers/auto_ds. (constraint file  auto generated constraint).
Applied set_property KEEP_HIERARCHY = SOFT for BTN_LED_Linux_i/ps8_0_axi_periph/s01_couplers/auto_pc. (constraint file  auto generated constraint).
Applied set_property KEEP_HIERARCHY = SOFT for BTN_LED_Linux_i/ps8_0_axi_periph. (constraint file  auto generated constraint).
Applied set_property KEEP_HIERARCHY = SOFT for BTN_LED_Linux_i/rst_ps8_0_99M. (constraint file  auto generated constraint).
---------------------------------------------------------------------------------
Finished applying 'set_property' XDC Constraints : Time (s): cpu = 00:00:17 ; elapsed = 00:00:18 . Memory (MB): peak = 2266.105 ; gain = 466.016
---------------------------------------------------------------------------------
---------------------------------------------------------------------------------
Finished RTL Optimization Phase 2 : Time (s): cpu = 00:00:18 ; elapsed = 00:00:18 . Memory (MB): peak = 2266.105 ; gain = 466.016
---------------------------------------------------------------------------------
---------------------------------------------------------------------------------
Start RTL Component Statistics 
---------------------------------------------------------------------------------
Detailed RTL Component Info : 
---------------------------------------------------------------------------------
Finished RTL Component Statistics 
---------------------------------------------------------------------------------
---------------------------------------------------------------------------------
Start Part Resource Summary
---------------------------------------------------------------------------------
Part Resources:
DSPs: 1248 (col length:96)
BRAMs: 288 (col length: RAMB18 96 RAMB36 48)
---------------------------------------------------------------------------------
Finished Part Resource Summary
---------------------------------------------------------------------------------
---------------------------------------------------------------------------------
Start Cross Boundary and Area Optimization
---------------------------------------------------------------------------------
WARNING: [Synth 8-7080] Parallel synthesis criteria is not met
WARNING: [Synth 8-7129] Port M00_ACLK in module BTN_LED_Linux_ps8_0_axi_periph_0 is either unconnected or has no load
WARNING: [Synth 8-7129] Port M00_ARESETN in module BTN_LED_Linux_ps8_0_axi_periph_0 is either unconnected or has no load
WARNING: [Synth 8-7129] Port M01_ACLK in module BTN_LED_Linux_ps8_0_axi_periph_0 is either unconnected or has no load
WARNING: [Synth 8-7129] Port M01_ARESETN in module BTN_LED_Linux_ps8_0_axi_periph_0 is either unconnected or has no load
WARNING: [Synth 8-7129] Port M02_ACLK in module BTN_LED_Linux_ps8_0_axi_periph_0 is either unconnected or has no load
WARNING: [Synth 8-7129] Port M02_ARESETN in module BTN_LED_Linux_ps8_0_axi_periph_0 is either unconnected or has no load
WARNING: [Synth 8-7129] Port S00_ACLK in module BTN_LED_Linux_ps8_0_axi_periph_0 is either unconnected or has no load
WARNING: [Synth 8-7129] Port S00_ARESETN in module BTN_LED_Linux_ps8_0_axi_periph_0 is either unconnected or has no load
WARNING: [Synth 8-7129] Port S01_ACLK in module BTN_LED_Linux_ps8_0_axi_periph_0 is either unconnected or has no load
WARNING: [Synth 8-7129] Port S01_ARESETN in module BTN_LED_Linux_ps8_0_axi_periph_0 is either unconnected or has no load
---------------------------------------------------------------------------------
Finished Cross Boundary and Area Optimization : Time (s): cpu = 00:00:19 ; elapsed = 00:00:20 . Memory (MB): peak = 2266.105 ; gain = 466.016
---------------------------------------------------------------------------------
---------------------------------------------------------------------------------
Start Applying XDC Timing Constraints
---------------------------------------------------------------------------------
---------------------------------------------------------------------------------
Finished Applying XDC Timing Constraints : Time (s): cpu = 00:00:28 ; elapsed = 00:00:29 . Memory (MB): peak = 2781.387 ; gain = 981.297
---------------------------------------------------------------------------------
---------------------------------------------------------------------------------
Start Timing Optimization
---------------------------------------------------------------------------------
---------------------------------------------------------------------------------
Finished Timing Optimization : Time (s): cpu = 00:00:28 ; elapsed = 00:00:29 . Memory (MB): peak = 2782.031 ; gain = 981.941
---------------------------------------------------------------------------------
---------------------------------------------------------------------------------
Start Technology Mapping
---------------------------------------------------------------------------------
---------------------------------------------------------------------------------
Finished Technology Mapping : Time (s): cpu = 00:00:28 ; elapsed = 00:00:29 . Memory (MB): peak = 2801.762 ; gain = 1001.672
---------------------------------------------------------------------------------
---------------------------------------------------------------------------------
Start IO Insertion
---------------------------------------------------------------------------------
---------------------------------------------------------------------------------
Start Flattening Before IO Insertion
---------------------------------------------------------------------------------
---------------------------------------------------------------------------------
Finished Flattening Before IO Insertion
---------------------------------------------------------------------------------
---------------------------------------------------------------------------------
Start Final Netlist Cleanup
---------------------------------------------------------------------------------
---------------------------------------------------------------------------------
Finished Final Netlist Cleanup
---------------------------------------------------------------------------------
---------------------------------------------------------------------------------
Finished IO Insertion : Time (s): cpu = 00:00:32 ; elapsed = 00:00:33 . Memory (MB): peak = 2806.121 ; gain = 1006.031
---------------------------------------------------------------------------------
---------------------------------------------------------------------------------
Start Renaming Generated Instances
---------------------------------------------------------------------------------
---------------------------------------------------------------------------------
Finished Renaming Generated Instances : Time (s): cpu = 00:00:32 ; elapsed = 00:00:33 . Memory (MB): peak = 2806.121 ; gain = 1006.031
---------------------------------------------------------------------------------
---------------------------------------------------------------------------------
Start Rebuilding User Hierarchy
---------------------------------------------------------------------------------
---------------------------------------------------------------------------------
Finished Rebuilding User Hierarchy : Time (s): cpu = 00:00:32 ; elapsed = 00:00:33 . Memory (MB): peak = 2806.121 ; gain = 1006.031
---------------------------------------------------------------------------------
---------------------------------------------------------------------------------
Start Renaming Generated Ports
---------------------------------------------------------------------------------
---------------------------------------------------------------------------------
Finished Renaming Generated Ports : Time (s): cpu = 00:00:32 ; elapsed = 00:00:33 . Memory (MB): peak = 2806.121 ; gain = 1006.031
---------------------------------------------------------------------------------
---------------------------------------------------------------------------------
Start Handling Custom Attributes
---------------------------------------------------------------------------------
---------------------------------------------------------------------------------
Finished Handling Custom Attributes : Time (s): cpu = 00:00:32 ; elapsed = 00:00:33 . Memory (MB): peak = 2806.121 ; gain = 1006.031
---------------------------------------------------------------------------------
---------------------------------------------------------------------------------
Start Renaming Generated Nets
---------------------------------------------------------------------------------
---------------------------------------------------------------------------------
Finished Renaming Generated Nets : Time (s): cpu = 00:00:32 ; elapsed = 00:00:33 . Memory (MB): peak = 2806.121 ; gain = 1006.031
---------------------------------------------------------------------------------
---------------------------------------------------------------------------------
Start Writing Synthesis Report
---------------------------------------------------------------------------------

Report BlackBoxes: 
+------+----------------------------------+----------+
|      |BlackBox name                     |Instances |
+------+----------------------------------+----------+
|1     |BTN_LED_Linux_xbar_0              |         1|
|2     |BTN_LED_Linux_auto_ds_0           |         1|
|3     |BTN_LED_Linux_auto_pc_0           |         1|
|4     |BTN_LED_Linux_auto_ds_1           |         1|
|5     |BTN_LED_Linux_auto_pc_1           |         1|
|6     |BTN_LED_Linux_axi_gpio_1_0        |         1|
|7     |BTN_LED_Linux_axi_timer_0_0       |         1|
|8     |BTN_LED_Linux_axi_timer_1_0       |         1|
|9     |BTN_LED_Linux_rst_ps8_0_99M_0     |         1|
|10    |BTN_LED_Linux_zynq_ultra_ps_e_0_0 |         1|
+------+----------------------------------+----------+

Report Cell Usage: 
+------+--------------------------------+------+
|      |Cell                            |Count |
+------+--------------------------------+------+
|1     |BTN_LED_Linux_auto_ds           |     2|
|3     |BTN_LED_Linux_auto_pc           |     2|
|5     |BTN_LED_Linux_axi_gpio_1        |     1|
|6     |BTN_LED_Linux_axi_timer_0       |     1|
|7     |BTN_LED_Linux_axi_timer_1       |     1|
|8     |BTN_LED_Linux_rst_ps8_0_99M     |     1|
|9     |BTN_LED_Linux_xbar              |     1|
|10    |BTN_LED_Linux_zynq_ultra_ps_e_0 |     1|
|11    |IBUF                            |     4|
|12    |OBUF                            |     2|
+------+--------------------------------+------+
---------------------------------------------------------------------------------
Finished Writing Synthesis Report : Time (s): cpu = 00:00:32 ; elapsed = 00:00:33 . Memory (MB): peak = 2806.121 ; gain = 1006.031
---------------------------------------------------------------------------------
Synthesis finished with 0 errors, 0 critical warnings and 11 warnings.
Synthesis Optimization Runtime : Time (s): cpu = 00:00:20 ; elapsed = 00:00:27 . Memory (MB): peak = 2806.121 ; gain = 969.578
Synthesis Optimization Complete : Time (s): cpu = 00:00:32 ; elapsed = 00:00:33 . Memory (MB): peak = 2806.121 ; gain = 1006.031
INFO: [Project 1-571] Translating synthesized netlist
Netlist sorting complete. Time (s): cpu = 00:00:01 ; elapsed = 00:00:00.044 . Memory (MB): peak = 2819.172 ; gain = 0.000
INFO: [Netlist 29-17] Analyzing 4 Unisim elements for replacement
INFO: [Netlist 29-28] Unisim Transformation completed in 0 CPU seconds
INFO: [Project 1-570] Preparing netlist for logic optimization
INFO: [Opt 31-138] Pushed 0 inverter(s) to 0 load pin(s).
Netlist sorting complete. Time (s): cpu = 00:00:00 ; elapsed = 00:00:00 . Memory (MB): peak = 2848.750 ; gain = 0.000
INFO: [Project 1-111] Unisim Transformation Summary:
  A total of 4 instances were transformed.
  IBUF => IBUF (IBUFCTRL, INBUF): 4 instances

Synth Design complete, checksum: a49da301
INFO: [Common 17-83] Releasing license: Synthesis
61 Infos, 58 Warnings, 0 Critical Warnings and 0 Errors encountered.
synth_design completed successfully
synth_design: Time (s): cpu = 00:00:38 ; elapsed = 00:00:41 . Memory (MB): peak = 2848.750 ; gain = 1211.711
INFO: [Common 17-1381] The checkpoint 'C:/Users/spixy/Documents/00_Github/SeniorCapstone/Milestone3/Milestone3.runs/synth_1/BTN_LED_Linux_wrapper.dcp' has been generated.
INFO: [runtcl-4] Executing : report_utilization -file BTN_LED_Linux_wrapper_utilization_synth.rpt -pb BTN_LED_Linux_wrapper_utilization_synth.pb
INFO: [Common 17-206] Exiting Vivado at Sun Oct 16 13:19:52 2022...
