
*** Running vivado
    with args -log BTN_LED_wrapper.vds -m64 -product Vivado -mode batch -messageDb vivado.pb -notrace -source BTN_LED_wrapper.tcl



****** Vivado v2022.1 (64-bit)
  **** SW Build 3526262 on Mon Apr 18 15:48:16 MDT 2022
  **** IP Build 3524634 on Mon Apr 18 20:55:01 MDT 2022
    ** Copyright 1986-2022 Xilinx, Inc. All Rights Reserved.

source BTN_LED_wrapper.tcl -notrace
INFO: [IP_Flow 19-234] Refreshing IP repositories
INFO: [IP_Flow 19-1704] No user IP repositories specified
INFO: [IP_Flow 19-2313] Loaded Vivado IP repository 'C:/Xilinx/Vivado/2022.1/data/ip'.
add_files: Time (s): cpu = 00:00:02 ; elapsed = 00:00:05 . Memory (MB): peak = 1632.449 ; gain = 0.000
Command: read_checkpoint -auto_incremental -incremental C:/Users/spixy/Documents/00_Github/SeniorCapstone/PL_BTN_LED/PL_BTN_LED.srcs/utils_1/imports/synth_1/BTN_LED_wrapper.dcp
INFO: [Vivado 12-5825] Read reference checkpoint from C:/Users/spixy/Documents/00_Github/SeniorCapstone/PL_BTN_LED/PL_BTN_LED.srcs/utils_1/imports/synth_1/BTN_LED_wrapper.dcp for incremental synthesis
INFO: [Vivado 12-7989] Please ensure there are no constraint changes
Command: synth_design -top BTN_LED_wrapper -part xck26-sfvc784-2LV-c
Starting synth_design
Attempting to get a license for feature 'Synthesis' and/or device 'xck26'
INFO: [Common 17-349] Got license for feature 'Synthesis' and/or device 'xck26'
INFO: [Device 21-403] Loading part xck26-sfvc784-2LV-c
INFO: [Designutils 20-5440] No compile time benefit to using incremental synthesis; A full resynthesis will be run
INFO: [Designutils 20-4379] Flow is switching to default flow due to incremental criteria not met. If you would like to alter this behaviour and have the flow terminate instead, please set the following parameter config_implementation {autoIncr.Synth.RejectBehavior Terminate}
INFO: [Synth 8-7079] Multithreading enabled for synth_design using a maximum of 2 processes.
INFO: [Synth 8-7078] Launching helper process for spawning children vivado processes
INFO: [Synth 8-7075] Helper process launched with PID 7452
---------------------------------------------------------------------------------
Starting RTL Elaboration : Time (s): cpu = 00:00:05 ; elapsed = 00:00:05 . Memory (MB): peak = 2112.680 ; gain = 319.531
---------------------------------------------------------------------------------
INFO: [Synth 8-6157] synthesizing module 'BTN_LED_wrapper' [c:/Users/spixy/Documents/00_Github/SeniorCapstone/PL_BTN_LED/PL_BTN_LED.gen/sources_1/bd/BTN_LED/hdl/BTN_LED_wrapper.v:12]
INFO: [Synth 8-6157] synthesizing module 'BTN_LED' [c:/Users/spixy/Documents/00_Github/SeniorCapstone/PL_BTN_LED/PL_BTN_LED.gen/sources_1/bd/BTN_LED/synth/BTN_LED.v:12]
INFO: [Synth 8-6157] synthesizing module 'BTN_LED_btn_to_led_0_0' [C:/Users/spixy/Documents/00_Github/SeniorCapstone/PL_BTN_LED/PL_BTN_LED.runs/synth_1/.Xil/Vivado-5396-DESKTOP-8DKIKNE/realtime/BTN_LED_btn_to_led_0_0_stub.v:5]
INFO: [Synth 8-6155] done synthesizing module 'BTN_LED_btn_to_led_0_0' (0#1) [C:/Users/spixy/Documents/00_Github/SeniorCapstone/PL_BTN_LED/PL_BTN_LED.runs/synth_1/.Xil/Vivado-5396-DESKTOP-8DKIKNE/realtime/BTN_LED_btn_to_led_0_0_stub.v:5]
INFO: [Synth 8-6157] synthesizing module 'BTN_LED_btn_to_led_clk_0_0' [C:/Users/spixy/Documents/00_Github/SeniorCapstone/PL_BTN_LED/PL_BTN_LED.runs/synth_1/.Xil/Vivado-5396-DESKTOP-8DKIKNE/realtime/BTN_LED_btn_to_led_clk_0_0_stub.v:5]
INFO: [Synth 8-6155] done synthesizing module 'BTN_LED_btn_to_led_clk_0_0' (0#1) [C:/Users/spixy/Documents/00_Github/SeniorCapstone/PL_BTN_LED/PL_BTN_LED.runs/synth_1/.Xil/Vivado-5396-DESKTOP-8DKIKNE/realtime/BTN_LED_btn_to_led_clk_0_0_stub.v:5]
INFO: [Synth 8-6157] synthesizing module 'BTN_LED_clk_wiz_0' [C:/Users/spixy/Documents/00_Github/SeniorCapstone/PL_BTN_LED/PL_BTN_LED.runs/synth_1/.Xil/Vivado-5396-DESKTOP-8DKIKNE/realtime/BTN_LED_clk_wiz_0_stub.v:5]
INFO: [Synth 8-6155] done synthesizing module 'BTN_LED_clk_wiz_0' (0#1) [C:/Users/spixy/Documents/00_Github/SeniorCapstone/PL_BTN_LED/PL_BTN_LED.runs/synth_1/.Xil/Vivado-5396-DESKTOP-8DKIKNE/realtime/BTN_LED_clk_wiz_0_stub.v:5]
WARNING: [Synth 8-7071] port 'locked' of module 'BTN_LED_clk_wiz_0' is unconnected for instance 'clk_wiz' [c:/Users/spixy/Documents/00_Github/SeniorCapstone/PL_BTN_LED/PL_BTN_LED.gen/sources_1/bd/BTN_LED/synth/BTN_LED.v:34]
WARNING: [Synth 8-7023] instance 'clk_wiz' of module 'BTN_LED_clk_wiz_0' has 4 connections declared, but only 3 given [c:/Users/spixy/Documents/00_Github/SeniorCapstone/PL_BTN_LED/PL_BTN_LED.gen/sources_1/bd/BTN_LED/synth/BTN_LED.v:34]
INFO: [Synth 8-6157] synthesizing module 'BTN_LED_zynq_ultra_ps_e_0_1' [C:/Users/spixy/Documents/00_Github/SeniorCapstone/PL_BTN_LED/PL_BTN_LED.runs/synth_1/.Xil/Vivado-5396-DESKTOP-8DKIKNE/realtime/BTN_LED_zynq_ultra_ps_e_0_1_stub.v:5]
INFO: [Synth 8-6155] done synthesizing module 'BTN_LED_zynq_ultra_ps_e_0_1' (0#1) [C:/Users/spixy/Documents/00_Github/SeniorCapstone/PL_BTN_LED/PL_BTN_LED.runs/synth_1/.Xil/Vivado-5396-DESKTOP-8DKIKNE/realtime/BTN_LED_zynq_ultra_ps_e_0_1_stub.v:5]
WARNING: [Synth 8-7071] port 'maxigp2_awid' of module 'BTN_LED_zynq_ultra_ps_e_0_1' is unconnected for instance 'zynq_ultra_ps_e_0' [c:/Users/spixy/Documents/00_Github/SeniorCapstone/PL_BTN_LED/PL_BTN_LED.gen/sources_1/bd/BTN_LED/synth/BTN_LED.v:38]
WARNING: [Synth 8-7071] port 'maxigp2_awaddr' of module 'BTN_LED_zynq_ultra_ps_e_0_1' is unconnected for instance 'zynq_ultra_ps_e_0' [c:/Users/spixy/Documents/00_Github/SeniorCapstone/PL_BTN_LED/PL_BTN_LED.gen/sources_1/bd/BTN_LED/synth/BTN_LED.v:38]
WARNING: [Synth 8-7071] port 'maxigp2_awlen' of module 'BTN_LED_zynq_ultra_ps_e_0_1' is unconnected for instance 'zynq_ultra_ps_e_0' [c:/Users/spixy/Documents/00_Github/SeniorCapstone/PL_BTN_LED/PL_BTN_LED.gen/sources_1/bd/BTN_LED/synth/BTN_LED.v:38]
WARNING: [Synth 8-7071] port 'maxigp2_awsize' of module 'BTN_LED_zynq_ultra_ps_e_0_1' is unconnected for instance 'zynq_ultra_ps_e_0' [c:/Users/spixy/Documents/00_Github/SeniorCapstone/PL_BTN_LED/PL_BTN_LED.gen/sources_1/bd/BTN_LED/synth/BTN_LED.v:38]
WARNING: [Synth 8-7071] port 'maxigp2_awburst' of module 'BTN_LED_zynq_ultra_ps_e_0_1' is unconnected for instance 'zynq_ultra_ps_e_0' [c:/Users/spixy/Documents/00_Github/SeniorCapstone/PL_BTN_LED/PL_BTN_LED.gen/sources_1/bd/BTN_LED/synth/BTN_LED.v:38]
WARNING: [Synth 8-7071] port 'maxigp2_awlock' of module 'BTN_LED_zynq_ultra_ps_e_0_1' is unconnected for instance 'zynq_ultra_ps_e_0' [c:/Users/spixy/Documents/00_Github/SeniorCapstone/PL_BTN_LED/PL_BTN_LED.gen/sources_1/bd/BTN_LED/synth/BTN_LED.v:38]
WARNING: [Synth 8-7071] port 'maxigp2_awcache' of module 'BTN_LED_zynq_ultra_ps_e_0_1' is unconnected for instance 'zynq_ultra_ps_e_0' [c:/Users/spixy/Documents/00_Github/SeniorCapstone/PL_BTN_LED/PL_BTN_LED.gen/sources_1/bd/BTN_LED/synth/BTN_LED.v:38]
WARNING: [Synth 8-7071] port 'maxigp2_awprot' of module 'BTN_LED_zynq_ultra_ps_e_0_1' is unconnected for instance 'zynq_ultra_ps_e_0' [c:/Users/spixy/Documents/00_Github/SeniorCapstone/PL_BTN_LED/PL_BTN_LED.gen/sources_1/bd/BTN_LED/synth/BTN_LED.v:38]
WARNING: [Synth 8-7071] port 'maxigp2_awvalid' of module 'BTN_LED_zynq_ultra_ps_e_0_1' is unconnected for instance 'zynq_ultra_ps_e_0' [c:/Users/spixy/Documents/00_Github/SeniorCapstone/PL_BTN_LED/PL_BTN_LED.gen/sources_1/bd/BTN_LED/synth/BTN_LED.v:38]
WARNING: [Synth 8-7071] port 'maxigp2_awuser' of module 'BTN_LED_zynq_ultra_ps_e_0_1' is unconnected for instance 'zynq_ultra_ps_e_0' [c:/Users/spixy/Documents/00_Github/SeniorCapstone/PL_BTN_LED/PL_BTN_LED.gen/sources_1/bd/BTN_LED/synth/BTN_LED.v:38]
WARNING: [Synth 8-7071] port 'maxigp2_wdata' of module 'BTN_LED_zynq_ultra_ps_e_0_1' is unconnected for instance 'zynq_ultra_ps_e_0' [c:/Users/spixy/Documents/00_Github/SeniorCapstone/PL_BTN_LED/PL_BTN_LED.gen/sources_1/bd/BTN_LED/synth/BTN_LED.v:38]
WARNING: [Synth 8-7071] port 'maxigp2_wstrb' of module 'BTN_LED_zynq_ultra_ps_e_0_1' is unconnected for instance 'zynq_ultra_ps_e_0' [c:/Users/spixy/Documents/00_Github/SeniorCapstone/PL_BTN_LED/PL_BTN_LED.gen/sources_1/bd/BTN_LED/synth/BTN_LED.v:38]
WARNING: [Synth 8-7071] port 'maxigp2_wlast' of module 'BTN_LED_zynq_ultra_ps_e_0_1' is unconnected for instance 'zynq_ultra_ps_e_0' [c:/Users/spixy/Documents/00_Github/SeniorCapstone/PL_BTN_LED/PL_BTN_LED.gen/sources_1/bd/BTN_LED/synth/BTN_LED.v:38]
WARNING: [Synth 8-7071] port 'maxigp2_wvalid' of module 'BTN_LED_zynq_ultra_ps_e_0_1' is unconnected for instance 'zynq_ultra_ps_e_0' [c:/Users/spixy/Documents/00_Github/SeniorCapstone/PL_BTN_LED/PL_BTN_LED.gen/sources_1/bd/BTN_LED/synth/BTN_LED.v:38]
WARNING: [Synth 8-7071] port 'maxigp2_bready' of module 'BTN_LED_zynq_ultra_ps_e_0_1' is unconnected for instance 'zynq_ultra_ps_e_0' [c:/Users/spixy/Documents/00_Github/SeniorCapstone/PL_BTN_LED/PL_BTN_LED.gen/sources_1/bd/BTN_LED/synth/BTN_LED.v:38]
WARNING: [Synth 8-7071] port 'maxigp2_arid' of module 'BTN_LED_zynq_ultra_ps_e_0_1' is unconnected for instance 'zynq_ultra_ps_e_0' [c:/Users/spixy/Documents/00_Github/SeniorCapstone/PL_BTN_LED/PL_BTN_LED.gen/sources_1/bd/BTN_LED/synth/BTN_LED.v:38]
WARNING: [Synth 8-7071] port 'maxigp2_araddr' of module 'BTN_LED_zynq_ultra_ps_e_0_1' is unconnected for instance 'zynq_ultra_ps_e_0' [c:/Users/spixy/Documents/00_Github/SeniorCapstone/PL_BTN_LED/PL_BTN_LED.gen/sources_1/bd/BTN_LED/synth/BTN_LED.v:38]
WARNING: [Synth 8-7071] port 'maxigp2_arlen' of module 'BTN_LED_zynq_ultra_ps_e_0_1' is unconnected for instance 'zynq_ultra_ps_e_0' [c:/Users/spixy/Documents/00_Github/SeniorCapstone/PL_BTN_LED/PL_BTN_LED.gen/sources_1/bd/BTN_LED/synth/BTN_LED.v:38]
WARNING: [Synth 8-7071] port 'maxigp2_arsize' of module 'BTN_LED_zynq_ultra_ps_e_0_1' is unconnected for instance 'zynq_ultra_ps_e_0' [c:/Users/spixy/Documents/00_Github/SeniorCapstone/PL_BTN_LED/PL_BTN_LED.gen/sources_1/bd/BTN_LED/synth/BTN_LED.v:38]
WARNING: [Synth 8-7071] port 'maxigp2_arburst' of module 'BTN_LED_zynq_ultra_ps_e_0_1' is unconnected for instance 'zynq_ultra_ps_e_0' [c:/Users/spixy/Documents/00_Github/SeniorCapstone/PL_BTN_LED/PL_BTN_LED.gen/sources_1/bd/BTN_LED/synth/BTN_LED.v:38]
WARNING: [Synth 8-7071] port 'maxigp2_arlock' of module 'BTN_LED_zynq_ultra_ps_e_0_1' is unconnected for instance 'zynq_ultra_ps_e_0' [c:/Users/spixy/Documents/00_Github/SeniorCapstone/PL_BTN_LED/PL_BTN_LED.gen/sources_1/bd/BTN_LED/synth/BTN_LED.v:38]
WARNING: [Synth 8-7071] port 'maxigp2_arcache' of module 'BTN_LED_zynq_ultra_ps_e_0_1' is unconnected for instance 'zynq_ultra_ps_e_0' [c:/Users/spixy/Documents/00_Github/SeniorCapstone/PL_BTN_LED/PL_BTN_LED.gen/sources_1/bd/BTN_LED/synth/BTN_LED.v:38]
WARNING: [Synth 8-7071] port 'maxigp2_arprot' of module 'BTN_LED_zynq_ultra_ps_e_0_1' is unconnected for instance 'zynq_ultra_ps_e_0' [c:/Users/spixy/Documents/00_Github/SeniorCapstone/PL_BTN_LED/PL_BTN_LED.gen/sources_1/bd/BTN_LED/synth/BTN_LED.v:38]
WARNING: [Synth 8-7071] port 'maxigp2_arvalid' of module 'BTN_LED_zynq_ultra_ps_e_0_1' is unconnected for instance 'zynq_ultra_ps_e_0' [c:/Users/spixy/Documents/00_Github/SeniorCapstone/PL_BTN_LED/PL_BTN_LED.gen/sources_1/bd/BTN_LED/synth/BTN_LED.v:38]
WARNING: [Synth 8-7071] port 'maxigp2_aruser' of module 'BTN_LED_zynq_ultra_ps_e_0_1' is unconnected for instance 'zynq_ultra_ps_e_0' [c:/Users/spixy/Documents/00_Github/SeniorCapstone/PL_BTN_LED/PL_BTN_LED.gen/sources_1/bd/BTN_LED/synth/BTN_LED.v:38]
WARNING: [Synth 8-7071] port 'maxigp2_rready' of module 'BTN_LED_zynq_ultra_ps_e_0_1' is unconnected for instance 'zynq_ultra_ps_e_0' [c:/Users/spixy/Documents/00_Github/SeniorCapstone/PL_BTN_LED/PL_BTN_LED.gen/sources_1/bd/BTN_LED/synth/BTN_LED.v:38]
WARNING: [Synth 8-7071] port 'maxigp2_awqos' of module 'BTN_LED_zynq_ultra_ps_e_0_1' is unconnected for instance 'zynq_ultra_ps_e_0' [c:/Users/spixy/Documents/00_Github/SeniorCapstone/PL_BTN_LED/PL_BTN_LED.gen/sources_1/bd/BTN_LED/synth/BTN_LED.v:38]
WARNING: [Synth 8-7071] port 'maxigp2_arqos' of module 'BTN_LED_zynq_ultra_ps_e_0_1' is unconnected for instance 'zynq_ultra_ps_e_0' [c:/Users/spixy/Documents/00_Github/SeniorCapstone/PL_BTN_LED/PL_BTN_LED.gen/sources_1/bd/BTN_LED/synth/BTN_LED.v:38]
WARNING: [Synth 8-7071] port 'pl_resetn0' of module 'BTN_LED_zynq_ultra_ps_e_0_1' is unconnected for instance 'zynq_ultra_ps_e_0' [c:/Users/spixy/Documents/00_Github/SeniorCapstone/PL_BTN_LED/PL_BTN_LED.gen/sources_1/bd/BTN_LED/synth/BTN_LED.v:38]
WARNING: [Synth 8-7023] instance 'zynq_ultra_ps_e_0' of module 'BTN_LED_zynq_ultra_ps_e_0_1' has 42 connections declared, but only 13 given [c:/Users/spixy/Documents/00_Github/SeniorCapstone/PL_BTN_LED/PL_BTN_LED.gen/sources_1/bd/BTN_LED/synth/BTN_LED.v:38]
INFO: [Synth 8-6155] done synthesizing module 'BTN_LED' (0#1) [c:/Users/spixy/Documents/00_Github/SeniorCapstone/PL_BTN_LED/PL_BTN_LED.gen/sources_1/bd/BTN_LED/synth/BTN_LED.v:12]
INFO: [Synth 8-6155] done synthesizing module 'BTN_LED_wrapper' (0#1) [c:/Users/spixy/Documents/00_Github/SeniorCapstone/PL_BTN_LED/PL_BTN_LED.gen/sources_1/bd/BTN_LED/hdl/BTN_LED_wrapper.v:12]
---------------------------------------------------------------------------------
Finished RTL Elaboration : Time (s): cpu = 00:00:06 ; elapsed = 00:00:07 . Memory (MB): peak = 2195.617 ; gain = 402.469
---------------------------------------------------------------------------------
---------------------------------------------------------------------------------
Start Handling Custom Attributes
---------------------------------------------------------------------------------
---------------------------------------------------------------------------------
Finished Handling Custom Attributes : Time (s): cpu = 00:00:06 ; elapsed = 00:00:07 . Memory (MB): peak = 2213.535 ; gain = 420.387
---------------------------------------------------------------------------------
---------------------------------------------------------------------------------
Finished RTL Optimization Phase 1 : Time (s): cpu = 00:00:06 ; elapsed = 00:00:07 . Memory (MB): peak = 2213.535 ; gain = 420.387
---------------------------------------------------------------------------------
Netlist sorting complete. Time (s): cpu = 00:00:00 ; elapsed = 00:00:00.002 . Memory (MB): peak = 2213.535 ; gain = 0.000
INFO: [Project 1-570] Preparing netlist for logic optimization

Processing XDC Constraints
Initializing timing engine
Parsing XDC File [c:/Users/spixy/Documents/00_Github/SeniorCapstone/PL_BTN_LED/PL_BTN_LED.gen/sources_1/bd/BTN_LED/ip/BTN_LED_btn_to_led_0_0/BTN_LED_btn_to_led_0_0/BTN_LED_btn_to_led_0_0_in_context.xdc] for cell 'BTN_LED_i/btn_to_led_0'
Finished Parsing XDC File [c:/Users/spixy/Documents/00_Github/SeniorCapstone/PL_BTN_LED/PL_BTN_LED.gen/sources_1/bd/BTN_LED/ip/BTN_LED_btn_to_led_0_0/BTN_LED_btn_to_led_0_0/BTN_LED_btn_to_led_0_0_in_context.xdc] for cell 'BTN_LED_i/btn_to_led_0'
Parsing XDC File [c:/Users/spixy/Documents/00_Github/SeniorCapstone/PL_BTN_LED/PL_BTN_LED.gen/sources_1/bd/BTN_LED/ip/BTN_LED_btn_to_led_clk_0_0/BTN_LED_btn_to_led_clk_0_0/BTN_LED_btn_to_led_clk_0_0_in_context.xdc] for cell 'BTN_LED_i/btn_to_led_clk_0'
Finished Parsing XDC File [c:/Users/spixy/Documents/00_Github/SeniorCapstone/PL_BTN_LED/PL_BTN_LED.gen/sources_1/bd/BTN_LED/ip/BTN_LED_btn_to_led_clk_0_0/BTN_LED_btn_to_led_clk_0_0/BTN_LED_btn_to_led_clk_0_0_in_context.xdc] for cell 'BTN_LED_i/btn_to_led_clk_0'
Parsing XDC File [c:/Users/spixy/Documents/00_Github/SeniorCapstone/PL_BTN_LED/PL_BTN_LED.gen/sources_1/bd/BTN_LED/ip/BTN_LED_clk_wiz_0/BTN_LED_clk_wiz_0/BTN_LED_clk_wiz_0_in_context.xdc] for cell 'BTN_LED_i/clk_wiz'
Finished Parsing XDC File [c:/Users/spixy/Documents/00_Github/SeniorCapstone/PL_BTN_LED/PL_BTN_LED.gen/sources_1/bd/BTN_LED/ip/BTN_LED_clk_wiz_0/BTN_LED_clk_wiz_0/BTN_LED_clk_wiz_0_in_context.xdc] for cell 'BTN_LED_i/clk_wiz'
Parsing XDC File [c:/Users/spixy/Documents/00_Github/SeniorCapstone/PL_BTN_LED/PL_BTN_LED.gen/sources_1/bd/BTN_LED/ip/BTN_LED_zynq_ultra_ps_e_0_1/BTN_LED_zynq_ultra_ps_e_0_1/BTN_LED_zynq_ultra_ps_e_0_1_in_context.xdc] for cell 'BTN_LED_i/zynq_ultra_ps_e_0'
Finished Parsing XDC File [c:/Users/spixy/Documents/00_Github/SeniorCapstone/PL_BTN_LED/PL_BTN_LED.gen/sources_1/bd/BTN_LED/ip/BTN_LED_zynq_ultra_ps_e_0_1/BTN_LED_zynq_ultra_ps_e_0_1/BTN_LED_zynq_ultra_ps_e_0_1_in_context.xdc] for cell 'BTN_LED_i/zynq_ultra_ps_e_0'
Parsing XDC File [C:/Users/spixy/Documents/00_Github/SeniorCapstone/PL_BTN_LED/PL_BTN_LED.srcs/constrs_1/new/constraint.xdc]
Finished Parsing XDC File [C:/Users/spixy/Documents/00_Github/SeniorCapstone/PL_BTN_LED/PL_BTN_LED.srcs/constrs_1/new/constraint.xdc]
INFO: [Project 1-236] Implementation specific constraints were found while reading constraint file [C:/Users/spixy/Documents/00_Github/SeniorCapstone/PL_BTN_LED/PL_BTN_LED.srcs/constrs_1/new/constraint.xdc]. These constraints will be ignored for synthesis but will be used in implementation. Impacted constraints are listed in the file [.Xil/BTN_LED_wrapper_propImpl.xdc].
Resolution: To avoid this warning, move constraints listed in [.Xil/BTN_LED_wrapper_propImpl.xdc] to another XDC file and exclude this new file from synthesis with the used_in_synthesis property (File Properties dialog in GUI) and re-run elaboration/synthesis.
Parsing XDC File [C:/Users/spixy/Documents/00_Github/SeniorCapstone/PL_BTN_LED/PL_BTN_LED.runs/synth_1/dont_touch.xdc]
Finished Parsing XDC File [C:/Users/spixy/Documents/00_Github/SeniorCapstone/PL_BTN_LED/PL_BTN_LED.runs/synth_1/dont_touch.xdc]
Completed Processing XDC Constraints

Netlist sorting complete. Time (s): cpu = 00:00:00 ; elapsed = 00:00:00 . Memory (MB): peak = 2250.059 ; gain = 0.000
INFO: [Project 1-111] Unisim Transformation Summary:
No Unisim elements were transformed.

Constraint Validation Runtime : Time (s): cpu = 00:00:00 ; elapsed = 00:00:00.003 . Memory (MB): peak = 2250.059 ; gain = 0.000
INFO: [Designutils 20-5440] No compile time benefit to using incremental synthesis; A full resynthesis will be run
INFO: [Designutils 20-4379] Flow is switching to default flow due to incremental criteria not met. If you would like to alter this behaviour and have the flow terminate instead, please set the following parameter config_implementation {autoIncr.Synth.RejectBehavior Terminate}
---------------------------------------------------------------------------------
Finished Constraint Validation : Time (s): cpu = 00:00:17 ; elapsed = 00:00:17 . Memory (MB): peak = 2250.059 ; gain = 456.910
---------------------------------------------------------------------------------
---------------------------------------------------------------------------------
Start Loading Part and Timing Information
---------------------------------------------------------------------------------
Loading part: xck26-sfvc784-2LV-c
INFO: [Synth 8-6742] Reading net delay rules and data
---------------------------------------------------------------------------------
Finished Loading Part and Timing Information : Time (s): cpu = 00:00:17 ; elapsed = 00:00:17 . Memory (MB): peak = 2250.059 ; gain = 456.910
---------------------------------------------------------------------------------
---------------------------------------------------------------------------------
Start Applying 'set_property' XDC Constraints
---------------------------------------------------------------------------------
Applied set_property KEEP_HIERARCHY = SOFT for BTN_LED_i. (constraint file  auto generated constraint).
Applied set_property KEEP_HIERARCHY = SOFT for BTN_LED_i/btn_to_led_0. (constraint file  auto generated constraint).
Applied set_property KEEP_HIERARCHY = SOFT for BTN_LED_i/btn_to_led_clk_0. (constraint file  auto generated constraint).
Applied set_property KEEP_HIERARCHY = SOFT for BTN_LED_i/clk_wiz. (constraint file  auto generated constraint).
Applied set_property KEEP_HIERARCHY = SOFT for BTN_LED_i/zynq_ultra_ps_e_0. (constraint file  auto generated constraint).
---------------------------------------------------------------------------------
Finished applying 'set_property' XDC Constraints : Time (s): cpu = 00:00:17 ; elapsed = 00:00:17 . Memory (MB): peak = 2250.059 ; gain = 456.910
---------------------------------------------------------------------------------
---------------------------------------------------------------------------------
Finished RTL Optimization Phase 2 : Time (s): cpu = 00:00:17 ; elapsed = 00:00:17 . Memory (MB): peak = 2250.059 ; gain = 456.910
---------------------------------------------------------------------------------
---------------------------------------------------------------------------------
Start RTL Component Statistics 
---------------------------------------------------------------------------------
Detailed RTL Component Info : 
---------------------------------------------------------------------------------
Finished RTL Component Statistics 
---------------------------------------------------------------------------------
---------------------------------------------------------------------------------
Start Part Resource Summary
---------------------------------------------------------------------------------
Part Resources:
DSPs: 1248 (col length:96)
BRAMs: 288 (col length: RAMB18 96 RAMB36 48)
---------------------------------------------------------------------------------
Finished Part Resource Summary
---------------------------------------------------------------------------------
---------------------------------------------------------------------------------
Start Cross Boundary and Area Optimization
---------------------------------------------------------------------------------
WARNING: [Synth 8-7080] Parallel synthesis criteria is not met
---------------------------------------------------------------------------------
Finished Cross Boundary and Area Optimization : Time (s): cpu = 00:00:19 ; elapsed = 00:00:19 . Memory (MB): peak = 2250.059 ; gain = 456.910
---------------------------------------------------------------------------------
---------------------------------------------------------------------------------
Start Applying XDC Timing Constraints
---------------------------------------------------------------------------------
---------------------------------------------------------------------------------
Finished Applying XDC Timing Constraints : Time (s): cpu = 00:00:28 ; elapsed = 00:00:29 . Memory (MB): peak = 2768.543 ; gain = 975.395
---------------------------------------------------------------------------------
---------------------------------------------------------------------------------
Start Timing Optimization
---------------------------------------------------------------------------------
---------------------------------------------------------------------------------
Finished Timing Optimization : Time (s): cpu = 00:00:28 ; elapsed = 00:00:29 . Memory (MB): peak = 2768.543 ; gain = 975.395
---------------------------------------------------------------------------------
---------------------------------------------------------------------------------
Start Technology Mapping
---------------------------------------------------------------------------------
---------------------------------------------------------------------------------
Finished Technology Mapping : Time (s): cpu = 00:00:28 ; elapsed = 00:00:29 . Memory (MB): peak = 2787.664 ; gain = 994.516
---------------------------------------------------------------------------------
---------------------------------------------------------------------------------
Start IO Insertion
---------------------------------------------------------------------------------
---------------------------------------------------------------------------------
Start Flattening Before IO Insertion
---------------------------------------------------------------------------------
---------------------------------------------------------------------------------
Finished Flattening Before IO Insertion
---------------------------------------------------------------------------------
---------------------------------------------------------------------------------
Start Final Netlist Cleanup
---------------------------------------------------------------------------------
---------------------------------------------------------------------------------
Finished Final Netlist Cleanup
---------------------------------------------------------------------------------
---------------------------------------------------------------------------------
Finished IO Insertion : Time (s): cpu = 00:00:32 ; elapsed = 00:00:33 . Memory (MB): peak = 2793.406 ; gain = 1000.258
---------------------------------------------------------------------------------
---------------------------------------------------------------------------------
Start Renaming Generated Instances
---------------------------------------------------------------------------------
---------------------------------------------------------------------------------
Finished Renaming Generated Instances : Time (s): cpu = 00:00:32 ; elapsed = 00:00:33 . Memory (MB): peak = 2793.406 ; gain = 1000.258
---------------------------------------------------------------------------------
---------------------------------------------------------------------------------
Start Rebuilding User Hierarchy
---------------------------------------------------------------------------------
---------------------------------------------------------------------------------
Finished Rebuilding User Hierarchy : Time (s): cpu = 00:00:32 ; elapsed = 00:00:33 . Memory (MB): peak = 2793.406 ; gain = 1000.258
---------------------------------------------------------------------------------
---------------------------------------------------------------------------------
Start Renaming Generated Ports
---------------------------------------------------------------------------------
---------------------------------------------------------------------------------
Finished Renaming Generated Ports : Time (s): cpu = 00:00:32 ; elapsed = 00:00:33 . Memory (MB): peak = 2793.406 ; gain = 1000.258
---------------------------------------------------------------------------------
---------------------------------------------------------------------------------
Start Handling Custom Attributes
---------------------------------------------------------------------------------
---------------------------------------------------------------------------------
Finished Handling Custom Attributes : Time (s): cpu = 00:00:32 ; elapsed = 00:00:33 . Memory (MB): peak = 2793.406 ; gain = 1000.258
---------------------------------------------------------------------------------
---------------------------------------------------------------------------------
Start Renaming Generated Nets
---------------------------------------------------------------------------------
---------------------------------------------------------------------------------
Finished Renaming Generated Nets : Time (s): cpu = 00:00:32 ; elapsed = 00:00:33 . Memory (MB): peak = 2793.406 ; gain = 1000.258
---------------------------------------------------------------------------------
---------------------------------------------------------------------------------
Start Writing Synthesis Report
---------------------------------------------------------------------------------

Report BlackBoxes: 
+------+----------------------------+----------+
|      |BlackBox name               |Instances |
+------+----------------------------+----------+
|1     |BTN_LED_btn_to_led_0_0      |         1|
|2     |BTN_LED_btn_to_led_clk_0_0  |         1|
|3     |BTN_LED_clk_wiz_0           |         1|
|4     |BTN_LED_zynq_ultra_ps_e_0_1 |         1|
+------+----------------------------+----------+

Report Cell Usage: 
+------+--------------------------+------+
|      |Cell                      |Count |
+------+--------------------------+------+
|1     |BTN_LED_btn_to_led_0      |     1|
|2     |BTN_LED_btn_to_led_clk_0  |     1|
|3     |BTN_LED_clk_wiz           |     1|
|4     |BTN_LED_zynq_ultra_ps_e_0 |     1|
|5     |IBUF                      |     4|
|6     |OBUF                      |     2|
+------+--------------------------+------+
---------------------------------------------------------------------------------
Finished Writing Synthesis Report : Time (s): cpu = 00:00:32 ; elapsed = 00:00:33 . Memory (MB): peak = 2793.406 ; gain = 1000.258
---------------------------------------------------------------------------------
Synthesis finished with 0 errors, 0 critical warnings and 1 warnings.
Synthesis Optimization Runtime : Time (s): cpu = 00:00:20 ; elapsed = 00:00:27 . Memory (MB): peak = 2793.406 ; gain = 963.734
Synthesis Optimization Complete : Time (s): cpu = 00:00:32 ; elapsed = 00:00:33 . Memory (MB): peak = 2793.406 ; gain = 1000.258
INFO: [Project 1-571] Translating synthesized netlist
Netlist sorting complete. Time (s): cpu = 00:00:00 ; elapsed = 00:00:00.002 . Memory (MB): peak = 2805.445 ; gain = 0.000
INFO: [Netlist 29-17] Analyzing 4 Unisim elements for replacement
INFO: [Netlist 29-28] Unisim Transformation completed in 0 CPU seconds
INFO: [Project 1-570] Preparing netlist for logic optimization
INFO: [Opt 31-138] Pushed 0 inverter(s) to 0 load pin(s).
Netlist sorting complete. Time (s): cpu = 00:00:00 ; elapsed = 00:00:00 . Memory (MB): peak = 2831.453 ; gain = 0.000
INFO: [Project 1-111] Unisim Transformation Summary:
  A total of 4 instances were transformed.
  IBUF => IBUF (IBUFCTRL, INBUF): 4 instances

Synth Design complete, checksum: 774b9c7c
INFO: [Common 17-83] Releasing license: Synthesis
37 Infos, 33 Warnings, 0 Critical Warnings and 0 Errors encountered.
synth_design completed successfully
synth_design: Time (s): cpu = 00:00:38 ; elapsed = 00:00:40 . Memory (MB): peak = 2831.453 ; gain = 1199.004
INFO: [Common 17-1381] The checkpoint 'C:/Users/spixy/Documents/00_Github/SeniorCapstone/PL_BTN_LED/PL_BTN_LED.runs/synth_1/BTN_LED_wrapper.dcp' has been generated.
INFO: [runtcl-4] Executing : report_utilization -file BTN_LED_wrapper_utilization_synth.rpt -pb BTN_LED_wrapper_utilization_synth.pb
INFO: [Common 17-206] Exiting Vivado at Sat Oct 15 23:21:26 2022...
