Copyright 1986-2022 Xilinx, Inc. All Rights Reserved.
---------------------------------------------------------------------------------------------------------------------------
| Tool Version : Vivado v.2022.1.2 (lin64) Build 3605665 Fri Aug  5 22:52:02 MDT 2022
| Date         : Mon Oct 17 12:28:11 2022
| Host         : UbuntuSeniorLab running 64-bit Ubuntu 20.04.5 LTS
| Command      : report_utilization -file BTN_LED_wrapper_utilization_placed.rpt -pb BTN_LED_wrapper_utilization_placed.pb
| Design       : BTN_LED_wrapper
| Device       : xck26-sfvc784-2LV-c
| Speed File   : -2LV
| Design State : Fully Placed
---------------------------------------------------------------------------------------------------------------------------

Utilization Design Information

Table of Contents
-----------------
1. CLB Logic
1.1 Summary of Registers by Type
2. CLB Logic Distribution
3. BLOCKRAM
4. ARITHMETIC
5. I/O
6. CLOCK
7. ADVANCED
8. CONFIGURATION
9. Primitives
10. Black Boxes
11. Instantiated Netlists

1. CLB Logic
------------

+-------------------------+------+-------+------------+-----------+-------+
|        Site Type        | Used | Fixed | Prohibited | Available | Util% |
+-------------------------+------+-------+------------+-----------+-------+
| CLB LUTs                |    2 |     0 |          0 |    117120 | <0.01 |
|   LUT as Logic          |    2 |     0 |          0 |    117120 | <0.01 |
|   LUT as Memory         |    0 |     0 |          0 |     57600 |  0.00 |
| CLB Registers           |    1 |     0 |          0 |    234240 | <0.01 |
|   Register as Flip Flop |    1 |     0 |          0 |    234240 | <0.01 |
|   Register as Latch     |    0 |     0 |          0 |    234240 |  0.00 |
| CARRY8                  |    0 |     0 |          0 |     14640 |  0.00 |
| F7 Muxes                |    0 |     0 |          0 |     58560 |  0.00 |
| F8 Muxes                |    0 |     0 |          0 |     29280 |  0.00 |
| F9 Muxes                |    0 |     0 |          0 |     14640 |  0.00 |
+-------------------------+------+-------+------------+-----------+-------+


1.1 Summary of Registers by Type
--------------------------------

+-------+--------------+-------------+--------------+
| Total | Clock Enable | Synchronous | Asynchronous |
+-------+--------------+-------------+--------------+
| 0     |            _ |           - |            - |
| 0     |            _ |           - |          Set |
| 0     |            _ |           - |        Reset |
| 0     |            _ |         Set |            - |
| 0     |            _ |       Reset |            - |
| 0     |          Yes |           - |            - |
| 0     |          Yes |           - |          Set |
| 0     |          Yes |           - |        Reset |
| 0     |          Yes |         Set |            - |
| 1     |          Yes |       Reset |            - |
+-------+--------------+-------------+--------------+


2. CLB Logic Distribution
-------------------------

+----------------------------------------+------+-------+------------+-----------+-------+
|                Site Type               | Used | Fixed | Prohibited | Available | Util% |
+----------------------------------------+------+-------+------------+-----------+-------+
| CLB                                    |    1 |     0 |          0 |     14640 | <0.01 |
|   CLBL                                 |    1 |     0 |            |           |       |
|   CLBM                                 |    0 |     0 |            |           |       |
| LUT as Logic                           |    2 |     0 |          0 |    117120 | <0.01 |
|   using O5 output only                 |    1 |       |            |           |       |
|   using O6 output only                 |    1 |       |            |           |       |
|   using O5 and O6                      |    0 |       |            |           |       |
| LUT as Memory                          |    0 |     0 |          0 |     57600 |  0.00 |
|   LUT as Distributed RAM               |    0 |     0 |            |           |       |
|   LUT as Shift Register                |    0 |     0 |            |           |       |
| CLB Registers                          |    1 |     0 |          0 |    234240 | <0.01 |
|   Register driven from within the CLB  |    1 |       |            |           |       |
|   Register driven from outside the CLB |    0 |       |            |           |       |
| Unique Control Sets                    |    1 |       |          0 |     29280 | <0.01 |
+----------------------------------------+------+-------+------------+-----------+-------+
* * Note: Available Control Sets calculated as Slices * 2, Review the Control Sets Report for more information regarding control sets.


3. BLOCKRAM
-----------

+----------------+------+-------+------------+-----------+-------+
|    Site Type   | Used | Fixed | Prohibited | Available | Util% |
+----------------+------+-------+------------+-----------+-------+
| Block RAM Tile |    0 |     0 |          0 |       144 |  0.00 |
|   RAMB36/FIFO* |    0 |     0 |          0 |       144 |  0.00 |
|   RAMB18       |    0 |     0 |          0 |       288 |  0.00 |
| URAM           |    0 |     0 |          0 |        64 |  0.00 |
+----------------+------+-------+------------+-----------+-------+
* Note: Each Block RAM Tile only has one FIFO logic available and therefore can accommodate only one FIFO36E2 or one FIFO18E2. However, if a FIFO18E2 occupies a Block RAM Tile, that tile can still accommodate a RAMB18E2


4. ARITHMETIC
-------------

+-----------+------+-------+------------+-----------+-------+
| Site Type | Used | Fixed | Prohibited | Available | Util% |
+-----------+------+-------+------------+-----------+-------+
| DSPs      |    0 |     0 |          0 |      1248 |  0.00 |
+-----------+------+-------+------------+-----------+-------+


5. I/O
------

+------------------+------+-------+------------+-----------+-------+
|     Site Type    | Used | Fixed | Prohibited | Available | Util% |
+------------------+------+-------+------------+-----------+-------+
| Bonded IOB       |    6 |     6 |          0 |       189 |  3.17 |
| HPIOB_M          |    0 |     0 |          0 |        58 |  0.00 |
| HPIOB_S          |    0 |     0 |          0 |        58 |  0.00 |
| HDIOB_M          |    3 |     3 |          0 |        35 |  8.57 |
|   INPUT          |    2 |       |            |           |       |
|   OUTPUT         |    1 |       |            |           |       |
|   BIDIR          |    0 |       |            |           |       |
| HDIOB_S          |    3 |     3 |          0 |        35 |  8.57 |
|   INPUT          |    2 |       |            |           |       |
|   OUTPUT         |    1 |       |            |           |       |
|   BIDIR          |    0 |       |            |           |       |
| HPIOB_SNGL       |    0 |     0 |          0 |         3 |  0.00 |
| HPIOBDIFFINBUF   |    0 |     0 |          0 |        82 |  0.00 |
| HPIOBDIFFOUTBUF  |    0 |     0 |          0 |        82 |  0.00 |
| HDIOBDIFFINBUF   |    0 |     0 |          0 |        35 |  0.00 |
| BITSLICE_CONTROL |    0 |     0 |          0 |        32 |  0.00 |
| BITSLICE_RX_TX   |    0 |     0 |          0 |      1248 |  0.00 |
| BITSLICE_TX      |    0 |     0 |          0 |        32 |  0.00 |
| RIU_OR           |    0 |     0 |          0 |        16 |  0.00 |
+------------------+------+-------+------------+-----------+-------+


6. CLOCK
--------

+----------------------+------+-------+------------+-----------+-------+
|       Site Type      | Used | Fixed | Prohibited | Available | Util% |
+----------------------+------+-------+------------+-----------+-------+
| GLOBAL CLOCK BUFFERs |    2 |     0 |          0 |       352 |  0.57 |
|   BUFGCE             |    1 |     0 |          0 |       112 |  0.89 |
|   BUFGCE_DIV         |    0 |     0 |          0 |        16 |  0.00 |
|   BUFG_GT            |    0 |     0 |          0 |        96 |  0.00 |
|   BUFG_PS            |    1 |     0 |          0 |        96 |  1.04 |
|   BUFGCTRL*          |    0 |     0 |          0 |        32 |  0.00 |
| PLL                  |    0 |     0 |          0 |         8 |  0.00 |
| MMCM                 |    1 |     0 |          0 |         4 | 25.00 |
+----------------------+------+-------+------------+-----------+-------+
* Note: Each used BUFGCTRL counts as two GLOBAL CLOCK BUFFERs. This table does not include global clocking resources, only buffer cell usage. See the Clock Utilization Report (report_clock_utilization) for detailed accounting of global clocking resource availability.


7. ADVANCED
-----------

+-----------------+------+-------+------------+-----------+--------+
|    Site Type    | Used | Fixed | Prohibited | Available |  Util% |
+-----------------+------+-------+------------+-----------+--------+
| GTHE4_CHANNEL   |    0 |     0 |          0 |         4 |   0.00 |
| GTHE4_COMMON    |    0 |     0 |          0 |         1 |   0.00 |
| OBUFDS_GTE4     |    0 |     0 |          0 |         2 |   0.00 |
| OBUFDS_GTE4_ADV |    0 |     0 |          0 |         2 |   0.00 |
| PCIE40E4        |    0 |     0 |          0 |         2 |   0.00 |
| PS8             |    1 |     0 |          0 |         1 | 100.00 |
| SYSMONE4        |    0 |     0 |          0 |         1 |   0.00 |
| VCU             |    0 |     0 |          0 |         1 |   0.00 |
+-----------------+------+-------+------------+-----------+--------+


8. CONFIGURATION
----------------

+-------------+------+-------+------------+-----------+-------+
|  Site Type  | Used | Fixed | Prohibited | Available | Util% |
+-------------+------+-------+------------+-----------+-------+
| BSCANE2     |    0 |     0 |          0 |         4 |  0.00 |
| DNA_PORTE2  |    0 |     0 |          0 |         1 |  0.00 |
| EFUSE_USR   |    0 |     0 |          0 |         1 |  0.00 |
| FRAME_ECCE4 |    0 |     0 |          0 |         1 |  0.00 |
| ICAPE3      |    0 |     0 |          0 |         2 |  0.00 |
| MASTER_JTAG |    0 |     0 |          0 |         1 |  0.00 |
| STARTUPE3   |    0 |     0 |          0 |         1 |  0.00 |
+-------------+------+-------+------------+-----------+-------+


9. Primitives
-------------

+------------+------+---------------------+
|  Ref Name  | Used | Functional Category |
+------------+------+---------------------+
| INBUF      |    4 |                 I/O |
| IBUFCTRL   |    4 |              Others |
| OBUF       |    2 |                 I/O |
| LUT4       |    2 |                 CLB |
| PS8        |    1 |            Advanced |
| MMCME4_ADV |    1 |               Clock |
| FDRE       |    1 |            Register |
| BUFG_PS    |    1 |               Clock |
| BUFGCE     |    1 |               Clock |
+------------+------+---------------------+


10. Black Boxes
---------------

+----------+------+
| Ref Name | Used |
+----------+------+


11. Instantiated Netlists
-------------------------

+-----------------------------+------+
|           Ref Name          | Used |
+-----------------------------+------+
| BTN_LED_zynq_ultra_ps_e_0_1 |    1 |
| BTN_LED_clk_wiz_0           |    1 |
| BTN_LED_btn_to_led_clk_0_0  |    1 |
| BTN_LED_btn_to_led_0_0      |    1 |
+-----------------------------+------+


