Copyright 1986-2022 Xilinx, Inc. All Rights Reserved.
--------------------------------------------------------------------------------------------------------------------------------------------------------------------------------
| Tool Version : Vivado v.2022.1.2 (win64) Build 3605665 Fri Aug  5 22:53:37 MDT 2022
| Date         : Wed Dec 14 21:17:11 2022
| Host         : DESKTOP-8DKIKNE running 64-bit major release  (build 9200)
| Command      : report_methodology -file System_wrapper_methodology_drc_routed.rpt -pb System_wrapper_methodology_drc_routed.pb -rpx System_wrapper_methodology_drc_routed.rpx
| Design       : System_wrapper
| Device       : xc7z020clg400-1
| Speed File   : -1
| Design State : Fully Routed
--------------------------------------------------------------------------------------------------------------------------------------------------------------------------------

Report Methodology

Table of Contents
-----------------
1. REPORT SUMMARY
2. REPORT DETAILS

1. REPORT SUMMARY
-----------------
            Netlist: netlist
          Floorplan: design_1
      Design limits: <entire design considered>
             Max violations: <unlimited>
             Violations found: 98
+-----------+------------------+----------------------------------+------------+
| Rule      | Severity         | Description                      | Violations |
+-----------+------------------+----------------------------------+------------+
| TIMING-17 | Critical Warning | Non-clocked sequential cell      | 43         |
| HPDR-1    | Warning          | Port pin direction inconsistency | 1          |
| HPDR-2    | Warning          | Port pin INOUT inconsistency     | 2          |
| TIMING-18 | Warning          | Missing input or output delay    | 19         |
| TIMING-20 | Warning          | Non-clocked latch                | 32         |
| LATCH-1   | Advisory         | Existing latches in the design   | 1          |
+-----------+------------------+----------------------------------+------------+

2. REPORT DETAILS
-----------------
TIMING-17#1 Critical Warning
Non-clocked sequential cell  
The clock pin System_i/AXI_PS2_Keyboard_0/U0/ps2/ps2_keyboard_0/ps2_word_reg[0]/C is not reached by a timing clock
Related violations: <none>

TIMING-17#2 Critical Warning
Non-clocked sequential cell  
The clock pin System_i/AXI_PS2_Keyboard_0/U0/ps2/ps2_keyboard_0/ps2_word_reg[10]/C is not reached by a timing clock
Related violations: <none>

TIMING-17#3 Critical Warning
Non-clocked sequential cell  
The clock pin System_i/AXI_PS2_Keyboard_0/U0/ps2/ps2_keyboard_0/ps2_word_reg[1]/C is not reached by a timing clock
Related violations: <none>

TIMING-17#4 Critical Warning
Non-clocked sequential cell  
The clock pin System_i/AXI_PS2_Keyboard_0/U0/ps2/ps2_keyboard_0/ps2_word_reg[2]/C is not reached by a timing clock
Related violations: <none>

TIMING-17#5 Critical Warning
Non-clocked sequential cell  
The clock pin System_i/AXI_PS2_Keyboard_0/U0/ps2/ps2_keyboard_0/ps2_word_reg[3]/C is not reached by a timing clock
Related violations: <none>

TIMING-17#6 Critical Warning
Non-clocked sequential cell  
The clock pin System_i/AXI_PS2_Keyboard_0/U0/ps2/ps2_keyboard_0/ps2_word_reg[4]/C is not reached by a timing clock
Related violations: <none>

TIMING-17#7 Critical Warning
Non-clocked sequential cell  
The clock pin System_i/AXI_PS2_Keyboard_0/U0/ps2/ps2_keyboard_0/ps2_word_reg[5]/C is not reached by a timing clock
Related violations: <none>

TIMING-17#8 Critical Warning
Non-clocked sequential cell  
The clock pin System_i/AXI_PS2_Keyboard_0/U0/ps2/ps2_keyboard_0/ps2_word_reg[6]/C is not reached by a timing clock
Related violations: <none>

TIMING-17#9 Critical Warning
Non-clocked sequential cell  
The clock pin System_i/AXI_PS2_Keyboard_0/U0/ps2/ps2_keyboard_0/ps2_word_reg[7]/C is not reached by a timing clock
Related violations: <none>

TIMING-17#10 Critical Warning
Non-clocked sequential cell  
The clock pin System_i/AXI_PS2_Keyboard_0/U0/ps2/ps2_keyboard_0/ps2_word_reg[8]/C is not reached by a timing clock
Related violations: <none>

TIMING-17#11 Critical Warning
Non-clocked sequential cell  
The clock pin System_i/AXI_PS2_Keyboard_0/U0/ps2/ps2_keyboard_0/ps2_word_reg[9]/C is not reached by a timing clock
Related violations: <none>

TIMING-17#12 Critical Warning
Non-clocked sequential cell  
The clock pin System_i/AXI_PS2_Keyboard_0/U0/ps2/ps2_timer_0/count_timer_reg[0]/C is not reached by a timing clock
Related violations: <none>

TIMING-17#13 Critical Warning
Non-clocked sequential cell  
The clock pin System_i/AXI_PS2_Keyboard_0/U0/ps2/ps2_timer_0/count_timer_reg[10]/C is not reached by a timing clock
Related violations: <none>

TIMING-17#14 Critical Warning
Non-clocked sequential cell  
The clock pin System_i/AXI_PS2_Keyboard_0/U0/ps2/ps2_timer_0/count_timer_reg[11]/C is not reached by a timing clock
Related violations: <none>

TIMING-17#15 Critical Warning
Non-clocked sequential cell  
The clock pin System_i/AXI_PS2_Keyboard_0/U0/ps2/ps2_timer_0/count_timer_reg[12]/C is not reached by a timing clock
Related violations: <none>

TIMING-17#16 Critical Warning
Non-clocked sequential cell  
The clock pin System_i/AXI_PS2_Keyboard_0/U0/ps2/ps2_timer_0/count_timer_reg[13]/C is not reached by a timing clock
Related violations: <none>

TIMING-17#17 Critical Warning
Non-clocked sequential cell  
The clock pin System_i/AXI_PS2_Keyboard_0/U0/ps2/ps2_timer_0/count_timer_reg[14]/C is not reached by a timing clock
Related violations: <none>

TIMING-17#18 Critical Warning
Non-clocked sequential cell  
The clock pin System_i/AXI_PS2_Keyboard_0/U0/ps2/ps2_timer_0/count_timer_reg[15]/C is not reached by a timing clock
Related violations: <none>

TIMING-17#19 Critical Warning
Non-clocked sequential cell  
The clock pin System_i/AXI_PS2_Keyboard_0/U0/ps2/ps2_timer_0/count_timer_reg[16]/C is not reached by a timing clock
Related violations: <none>

TIMING-17#20 Critical Warning
Non-clocked sequential cell  
The clock pin System_i/AXI_PS2_Keyboard_0/U0/ps2/ps2_timer_0/count_timer_reg[17]/C is not reached by a timing clock
Related violations: <none>

TIMING-17#21 Critical Warning
Non-clocked sequential cell  
The clock pin System_i/AXI_PS2_Keyboard_0/U0/ps2/ps2_timer_0/count_timer_reg[18]/C is not reached by a timing clock
Related violations: <none>

TIMING-17#22 Critical Warning
Non-clocked sequential cell  
The clock pin System_i/AXI_PS2_Keyboard_0/U0/ps2/ps2_timer_0/count_timer_reg[19]/C is not reached by a timing clock
Related violations: <none>

TIMING-17#23 Critical Warning
Non-clocked sequential cell  
The clock pin System_i/AXI_PS2_Keyboard_0/U0/ps2/ps2_timer_0/count_timer_reg[1]/C is not reached by a timing clock
Related violations: <none>

TIMING-17#24 Critical Warning
Non-clocked sequential cell  
The clock pin System_i/AXI_PS2_Keyboard_0/U0/ps2/ps2_timer_0/count_timer_reg[20]/C is not reached by a timing clock
Related violations: <none>

TIMING-17#25 Critical Warning
Non-clocked sequential cell  
The clock pin System_i/AXI_PS2_Keyboard_0/U0/ps2/ps2_timer_0/count_timer_reg[21]/C is not reached by a timing clock
Related violations: <none>

TIMING-17#26 Critical Warning
Non-clocked sequential cell  
The clock pin System_i/AXI_PS2_Keyboard_0/U0/ps2/ps2_timer_0/count_timer_reg[22]/C is not reached by a timing clock
Related violations: <none>

TIMING-17#27 Critical Warning
Non-clocked sequential cell  
The clock pin System_i/AXI_PS2_Keyboard_0/U0/ps2/ps2_timer_0/count_timer_reg[23]/C is not reached by a timing clock
Related violations: <none>

TIMING-17#28 Critical Warning
Non-clocked sequential cell  
The clock pin System_i/AXI_PS2_Keyboard_0/U0/ps2/ps2_timer_0/count_timer_reg[24]/C is not reached by a timing clock
Related violations: <none>

TIMING-17#29 Critical Warning
Non-clocked sequential cell  
The clock pin System_i/AXI_PS2_Keyboard_0/U0/ps2/ps2_timer_0/count_timer_reg[25]/C is not reached by a timing clock
Related violations: <none>

TIMING-17#30 Critical Warning
Non-clocked sequential cell  
The clock pin System_i/AXI_PS2_Keyboard_0/U0/ps2/ps2_timer_0/count_timer_reg[26]/C is not reached by a timing clock
Related violations: <none>

TIMING-17#31 Critical Warning
Non-clocked sequential cell  
The clock pin System_i/AXI_PS2_Keyboard_0/U0/ps2/ps2_timer_0/count_timer_reg[27]/C is not reached by a timing clock
Related violations: <none>

TIMING-17#32 Critical Warning
Non-clocked sequential cell  
The clock pin System_i/AXI_PS2_Keyboard_0/U0/ps2/ps2_timer_0/count_timer_reg[28]/C is not reached by a timing clock
Related violations: <none>

TIMING-17#33 Critical Warning
Non-clocked sequential cell  
The clock pin System_i/AXI_PS2_Keyboard_0/U0/ps2/ps2_timer_0/count_timer_reg[29]/C is not reached by a timing clock
Related violations: <none>

TIMING-17#34 Critical Warning
Non-clocked sequential cell  
The clock pin System_i/AXI_PS2_Keyboard_0/U0/ps2/ps2_timer_0/count_timer_reg[2]/C is not reached by a timing clock
Related violations: <none>

TIMING-17#35 Critical Warning
Non-clocked sequential cell  
The clock pin System_i/AXI_PS2_Keyboard_0/U0/ps2/ps2_timer_0/count_timer_reg[30]/C is not reached by a timing clock
Related violations: <none>

TIMING-17#36 Critical Warning
Non-clocked sequential cell  
The clock pin System_i/AXI_PS2_Keyboard_0/U0/ps2/ps2_timer_0/count_timer_reg[31]/C is not reached by a timing clock
Related violations: <none>

TIMING-17#37 Critical Warning
Non-clocked sequential cell  
The clock pin System_i/AXI_PS2_Keyboard_0/U0/ps2/ps2_timer_0/count_timer_reg[3]/C is not reached by a timing clock
Related violations: <none>

TIMING-17#38 Critical Warning
Non-clocked sequential cell  
The clock pin System_i/AXI_PS2_Keyboard_0/U0/ps2/ps2_timer_0/count_timer_reg[4]/C is not reached by a timing clock
Related violations: <none>

TIMING-17#39 Critical Warning
Non-clocked sequential cell  
The clock pin System_i/AXI_PS2_Keyboard_0/U0/ps2/ps2_timer_0/count_timer_reg[5]/C is not reached by a timing clock
Related violations: <none>

TIMING-17#40 Critical Warning
Non-clocked sequential cell  
The clock pin System_i/AXI_PS2_Keyboard_0/U0/ps2/ps2_timer_0/count_timer_reg[6]/C is not reached by a timing clock
Related violations: <none>

TIMING-17#41 Critical Warning
Non-clocked sequential cell  
The clock pin System_i/AXI_PS2_Keyboard_0/U0/ps2/ps2_timer_0/count_timer_reg[7]/C is not reached by a timing clock
Related violations: <none>

TIMING-17#42 Critical Warning
Non-clocked sequential cell  
The clock pin System_i/AXI_PS2_Keyboard_0/U0/ps2/ps2_timer_0/count_timer_reg[8]/C is not reached by a timing clock
Related violations: <none>

TIMING-17#43 Critical Warning
Non-clocked sequential cell  
The clock pin System_i/AXI_PS2_Keyboard_0/U0/ps2/ps2_timer_0/count_timer_reg[9]/C is not reached by a timing clock
Related violations: <none>

HPDR-1#1 Warning
Port pin direction inconsistency  
Hierarchical port(pin) LCD_SDA direction INOUT is not consistent with the directions of the cell pins/ports found at that level of the netlist hierarchy. Please review the design and consider changing the port(pin) direction. Both drivers and loads were expected for the net (LCD_SDA) connected to this Port, but both were not found.
Related violations: <none>

HPDR-2#1 Warning
Port pin INOUT inconsistency  
Hierarchical port(pin) System_i/AXI_I2C_LCD_Transmit_0/LCD_SDA direction INOUT is not consistent with the directions of the cell pins/ports found at that level of the netlist hierarchy. Please review the design and consider changing the port(pin) direction. Both drivers and loads were expected for the net (System_i/AXI_I2C_LCD_Transmit_0/LCD_SDA) connected to this hierarchical pin/port, but both were not found.
Related violations: <none>

HPDR-2#2 Warning
Port pin INOUT inconsistency  
Hierarchical port(pin) System_i/LCD_SDA direction INOUT is not consistent with the directions of the cell pins/ports found at that level of the netlist hierarchy. Please review the design and consider changing the port(pin) direction. Both drivers and loads were expected for the net (LCD_SDA_OBUF) connected to this hierarchical pin/port, but both were not found.
Related violations: <none>

TIMING-18#1 Warning
Missing input or output delay  
An input delay is missing on LCD_SCL relative to clock(s) sys_clk_pin
Related violations: <none>

TIMING-18#2 Warning
Missing input or output delay  
An input delay is missing on LCD_SDA relative to clock(s) sys_clk_pin
Related violations: <none>

TIMING-18#3 Warning
Missing input or output delay  
An input delay is missing on btn_tri_i[0] relative to clock(s) sys_clk_pin
Related violations: <none>

TIMING-18#4 Warning
Missing input or output delay  
An input delay is missing on btn_tri_i[1] relative to clock(s) sys_clk_pin
Related violations: <none>

TIMING-18#5 Warning
Missing input or output delay  
An input delay is missing on btn_tri_i[2] relative to clock(s) sys_clk_pin
Related violations: <none>

TIMING-18#6 Warning
Missing input or output delay  
An input delay is missing on btn_tri_i[3] relative to clock(s) sys_clk_pin
Related violations: <none>

TIMING-18#7 Warning
Missing input or output delay  
An input delay is missing on lcd_reset_n relative to clock(s) sys_clk_pin
Related violations: <none>

TIMING-18#8 Warning
Missing input or output delay  
An input delay is missing on ps2_clk relative to clock(s) sys_clk_pin
Related violations: <none>

TIMING-18#9 Warning
Missing input or output delay  
An input delay is missing on ps2_data relative to clock(s) sys_clk_pin
Related violations: <none>

TIMING-18#10 Warning
Missing input or output delay  
An input delay is missing on uart_reset_n relative to clock(s) sys_clk_pin
Related violations: <none>

TIMING-18#11 Warning
Missing input or output delay  
An output delay is missing on ascii[0] relative to clock(s) sys_clk_pin
Related violations: <none>

TIMING-18#12 Warning
Missing input or output delay  
An output delay is missing on ascii[1] relative to clock(s) sys_clk_pin
Related violations: <none>

TIMING-18#13 Warning
Missing input or output delay  
An output delay is missing on ascii[2] relative to clock(s) sys_clk_pin
Related violations: <none>

TIMING-18#14 Warning
Missing input or output delay  
An output delay is missing on ascii[3] relative to clock(s) sys_clk_pin
Related violations: <none>

TIMING-18#15 Warning
Missing input or output delay  
An output delay is missing on ascii[4] relative to clock(s) sys_clk_pin
Related violations: <none>

TIMING-18#16 Warning
Missing input or output delay  
An output delay is missing on ascii[5] relative to clock(s) sys_clk_pin
Related violations: <none>

TIMING-18#17 Warning
Missing input or output delay  
An output delay is missing on ascii[6] relative to clock(s) sys_clk_pin
Related violations: <none>

TIMING-18#18 Warning
Missing input or output delay  
An output delay is missing on break_o relative to clock(s) sys_clk_pin
Related violations: <none>

TIMING-18#19 Warning
Missing input or output delay  
An output delay is missing on uart_tx relative to clock(s) sys_clk_pin
Related violations: <none>

TIMING-20#1 Warning
Non-clocked latch  
The latch System_i/AXI_PS2_Keyboard_0/U0/ps2/timer_reg_reg[0] cannot be properly analyzed as its control pin System_i/AXI_PS2_Keyboard_0/U0/ps2/timer_reg_reg[0]/G is not reached by a timing clock
Related violations: <none>

TIMING-20#2 Warning
Non-clocked latch  
The latch System_i/AXI_PS2_Keyboard_0/U0/ps2/timer_reg_reg[10] cannot be properly analyzed as its control pin System_i/AXI_PS2_Keyboard_0/U0/ps2/timer_reg_reg[10]/G is not reached by a timing clock
Related violations: <none>

TIMING-20#3 Warning
Non-clocked latch  
The latch System_i/AXI_PS2_Keyboard_0/U0/ps2/timer_reg_reg[11] cannot be properly analyzed as its control pin System_i/AXI_PS2_Keyboard_0/U0/ps2/timer_reg_reg[11]/G is not reached by a timing clock
Related violations: <none>

TIMING-20#4 Warning
Non-clocked latch  
The latch System_i/AXI_PS2_Keyboard_0/U0/ps2/timer_reg_reg[12] cannot be properly analyzed as its control pin System_i/AXI_PS2_Keyboard_0/U0/ps2/timer_reg_reg[12]/G is not reached by a timing clock
Related violations: <none>

TIMING-20#5 Warning
Non-clocked latch  
The latch System_i/AXI_PS2_Keyboard_0/U0/ps2/timer_reg_reg[13] cannot be properly analyzed as its control pin System_i/AXI_PS2_Keyboard_0/U0/ps2/timer_reg_reg[13]/G is not reached by a timing clock
Related violations: <none>

TIMING-20#6 Warning
Non-clocked latch  
The latch System_i/AXI_PS2_Keyboard_0/U0/ps2/timer_reg_reg[14] cannot be properly analyzed as its control pin System_i/AXI_PS2_Keyboard_0/U0/ps2/timer_reg_reg[14]/G is not reached by a timing clock
Related violations: <none>

TIMING-20#7 Warning
Non-clocked latch  
The latch System_i/AXI_PS2_Keyboard_0/U0/ps2/timer_reg_reg[15] cannot be properly analyzed as its control pin System_i/AXI_PS2_Keyboard_0/U0/ps2/timer_reg_reg[15]/G is not reached by a timing clock
Related violations: <none>

TIMING-20#8 Warning
Non-clocked latch  
The latch System_i/AXI_PS2_Keyboard_0/U0/ps2/timer_reg_reg[16] cannot be properly analyzed as its control pin System_i/AXI_PS2_Keyboard_0/U0/ps2/timer_reg_reg[16]/G is not reached by a timing clock
Related violations: <none>

TIMING-20#9 Warning
Non-clocked latch  
The latch System_i/AXI_PS2_Keyboard_0/U0/ps2/timer_reg_reg[17] cannot be properly analyzed as its control pin System_i/AXI_PS2_Keyboard_0/U0/ps2/timer_reg_reg[17]/G is not reached by a timing clock
Related violations: <none>

TIMING-20#10 Warning
Non-clocked latch  
The latch System_i/AXI_PS2_Keyboard_0/U0/ps2/timer_reg_reg[18] cannot be properly analyzed as its control pin System_i/AXI_PS2_Keyboard_0/U0/ps2/timer_reg_reg[18]/G is not reached by a timing clock
Related violations: <none>

TIMING-20#11 Warning
Non-clocked latch  
The latch System_i/AXI_PS2_Keyboard_0/U0/ps2/timer_reg_reg[19] cannot be properly analyzed as its control pin System_i/AXI_PS2_Keyboard_0/U0/ps2/timer_reg_reg[19]/G is not reached by a timing clock
Related violations: <none>

TIMING-20#12 Warning
Non-clocked latch  
The latch System_i/AXI_PS2_Keyboard_0/U0/ps2/timer_reg_reg[1] cannot be properly analyzed as its control pin System_i/AXI_PS2_Keyboard_0/U0/ps2/timer_reg_reg[1]/G is not reached by a timing clock
Related violations: <none>

TIMING-20#13 Warning
Non-clocked latch  
The latch System_i/AXI_PS2_Keyboard_0/U0/ps2/timer_reg_reg[20] cannot be properly analyzed as its control pin System_i/AXI_PS2_Keyboard_0/U0/ps2/timer_reg_reg[20]/G is not reached by a timing clock
Related violations: <none>

TIMING-20#14 Warning
Non-clocked latch  
The latch System_i/AXI_PS2_Keyboard_0/U0/ps2/timer_reg_reg[21] cannot be properly analyzed as its control pin System_i/AXI_PS2_Keyboard_0/U0/ps2/timer_reg_reg[21]/G is not reached by a timing clock
Related violations: <none>

TIMING-20#15 Warning
Non-clocked latch  
The latch System_i/AXI_PS2_Keyboard_0/U0/ps2/timer_reg_reg[22] cannot be properly analyzed as its control pin System_i/AXI_PS2_Keyboard_0/U0/ps2/timer_reg_reg[22]/G is not reached by a timing clock
Related violations: <none>

TIMING-20#16 Warning
Non-clocked latch  
The latch System_i/AXI_PS2_Keyboard_0/U0/ps2/timer_reg_reg[23] cannot be properly analyzed as its control pin System_i/AXI_PS2_Keyboard_0/U0/ps2/timer_reg_reg[23]/G is not reached by a timing clock
Related violations: <none>

TIMING-20#17 Warning
Non-clocked latch  
The latch System_i/AXI_PS2_Keyboard_0/U0/ps2/timer_reg_reg[24] cannot be properly analyzed as its control pin System_i/AXI_PS2_Keyboard_0/U0/ps2/timer_reg_reg[24]/G is not reached by a timing clock
Related violations: <none>

TIMING-20#18 Warning
Non-clocked latch  
The latch System_i/AXI_PS2_Keyboard_0/U0/ps2/timer_reg_reg[25] cannot be properly analyzed as its control pin System_i/AXI_PS2_Keyboard_0/U0/ps2/timer_reg_reg[25]/G is not reached by a timing clock
Related violations: <none>

TIMING-20#19 Warning
Non-clocked latch  
The latch System_i/AXI_PS2_Keyboard_0/U0/ps2/timer_reg_reg[26] cannot be properly analyzed as its control pin System_i/AXI_PS2_Keyboard_0/U0/ps2/timer_reg_reg[26]/G is not reached by a timing clock
Related violations: <none>

TIMING-20#20 Warning
Non-clocked latch  
The latch System_i/AXI_PS2_Keyboard_0/U0/ps2/timer_reg_reg[27] cannot be properly analyzed as its control pin System_i/AXI_PS2_Keyboard_0/U0/ps2/timer_reg_reg[27]/G is not reached by a timing clock
Related violations: <none>

TIMING-20#21 Warning
Non-clocked latch  
The latch System_i/AXI_PS2_Keyboard_0/U0/ps2/timer_reg_reg[28] cannot be properly analyzed as its control pin System_i/AXI_PS2_Keyboard_0/U0/ps2/timer_reg_reg[28]/G is not reached by a timing clock
Related violations: <none>

TIMING-20#22 Warning
Non-clocked latch  
The latch System_i/AXI_PS2_Keyboard_0/U0/ps2/timer_reg_reg[29] cannot be properly analyzed as its control pin System_i/AXI_PS2_Keyboard_0/U0/ps2/timer_reg_reg[29]/G is not reached by a timing clock
Related violations: <none>

TIMING-20#23 Warning
Non-clocked latch  
The latch System_i/AXI_PS2_Keyboard_0/U0/ps2/timer_reg_reg[2] cannot be properly analyzed as its control pin System_i/AXI_PS2_Keyboard_0/U0/ps2/timer_reg_reg[2]/G is not reached by a timing clock
Related violations: <none>

TIMING-20#24 Warning
Non-clocked latch  
The latch System_i/AXI_PS2_Keyboard_0/U0/ps2/timer_reg_reg[30] cannot be properly analyzed as its control pin System_i/AXI_PS2_Keyboard_0/U0/ps2/timer_reg_reg[30]/G is not reached by a timing clock
Related violations: <none>

TIMING-20#25 Warning
Non-clocked latch  
The latch System_i/AXI_PS2_Keyboard_0/U0/ps2/timer_reg_reg[31] cannot be properly analyzed as its control pin System_i/AXI_PS2_Keyboard_0/U0/ps2/timer_reg_reg[31]/G is not reached by a timing clock
Related violations: <none>

TIMING-20#26 Warning
Non-clocked latch  
The latch System_i/AXI_PS2_Keyboard_0/U0/ps2/timer_reg_reg[3] cannot be properly analyzed as its control pin System_i/AXI_PS2_Keyboard_0/U0/ps2/timer_reg_reg[3]/G is not reached by a timing clock
Related violations: <none>

TIMING-20#27 Warning
Non-clocked latch  
The latch System_i/AXI_PS2_Keyboard_0/U0/ps2/timer_reg_reg[4] cannot be properly analyzed as its control pin System_i/AXI_PS2_Keyboard_0/U0/ps2/timer_reg_reg[4]/G is not reached by a timing clock
Related violations: <none>

TIMING-20#28 Warning
Non-clocked latch  
The latch System_i/AXI_PS2_Keyboard_0/U0/ps2/timer_reg_reg[5] cannot be properly analyzed as its control pin System_i/AXI_PS2_Keyboard_0/U0/ps2/timer_reg_reg[5]/G is not reached by a timing clock
Related violations: <none>

TIMING-20#29 Warning
Non-clocked latch  
The latch System_i/AXI_PS2_Keyboard_0/U0/ps2/timer_reg_reg[6] cannot be properly analyzed as its control pin System_i/AXI_PS2_Keyboard_0/U0/ps2/timer_reg_reg[6]/G is not reached by a timing clock
Related violations: <none>

TIMING-20#30 Warning
Non-clocked latch  
The latch System_i/AXI_PS2_Keyboard_0/U0/ps2/timer_reg_reg[7] cannot be properly analyzed as its control pin System_i/AXI_PS2_Keyboard_0/U0/ps2/timer_reg_reg[7]/G is not reached by a timing clock
Related violations: <none>

TIMING-20#31 Warning
Non-clocked latch  
The latch System_i/AXI_PS2_Keyboard_0/U0/ps2/timer_reg_reg[8] cannot be properly analyzed as its control pin System_i/AXI_PS2_Keyboard_0/U0/ps2/timer_reg_reg[8]/G is not reached by a timing clock
Related violations: <none>

TIMING-20#32 Warning
Non-clocked latch  
The latch System_i/AXI_PS2_Keyboard_0/U0/ps2/timer_reg_reg[9] cannot be properly analyzed as its control pin System_i/AXI_PS2_Keyboard_0/U0/ps2/timer_reg_reg[9]/G is not reached by a timing clock
Related violations: <none>

LATCH-1#1 Advisory
Existing latches in the design  
There are 32 latches found in the design. Inferred latches are often the result of HDL coding mistakes, such as incomplete if or case statements.
Related violations: <none>


