Vivado Simulator v2022.1.2
Copyright 1986-1999, 2001-2022 Xilinx, Inc. All Rights Reserved.
Running: /tools/Xilinx/Vivado/2022.1/bin/unwrapped/lnx64.o/xelab --incr --debug typical --relax --mt 8 -L xil_defaultlib -L axi_infrastructure_v1_1_0 -L axi_vip_v1_1_12 -L processing_system7_vip_v1_0_14 -L axi_lite_ipif_v3_0_4 -L lib_cdc_v1_0_2 -L interrupt_control_v3_1_4 -L axi_gpio_v2_0_28 -L generic_baseblocks_v2_1_0 -L axi_register_slice_v2_1_26 -L fifo_generator_v13_2_7 -L axi_data_fifo_v2_1_25 -L axi_crossbar_v2_1_27 -L proc_sys_reset_v5_0_13 -L axi_protocol_converter_v2_1_26 -L uvm -L xilinx_vip -L unisims_ver -L unimacro_ver -L secureip -L xpm --snapshot Imp_wrapper_behav xil_defaultlib.Imp_wrapper xil_defaultlib.glbl -log elaborate.log 
Using 8 slave threads.
Starting static elaboration
Pass Through NonSizing Optimizer
WARNING: [VRFC 10-9180] module 'processing_system7_vip_v1_0_14_arb_wr' is instantiated multiple times from VHDL or from both Verilog and VHDL; elaboration result may be incorrect [/wrk/ci/prod/2022.1.2/sw/continuous/178/packages/customer/vivado/data/ip/xilinx/processing_system7_vip_v1_0/hdl/processing_system7_vip_v1_0_vl_rfs.sv:11]
WARNING: [VRFC 10-3091] actual bit length 1 differs from formal bit length 16 for port 'IRQ_F2P' [/home/cekp/Desktop/GitHub/SeniorCapstone/VivadoPrjs/Zybo_Imp/Zybo_Imp.ip_user_files/bd/Imp/ip/Imp_processing_system7_0_0/sim/Imp_processing_system7_0_0.v:581]
WARNING: [VRFC 10-3091] actual bit length 128 differs from formal bit length 64 for port 'WR_DATA_STRB' [/scratch/proj/xbuilds/SWIP/2022.1.2_0806_0242/infra/XSIM/lin/.cxl.ip/incl/processing_system7_vip_v1_0_14_axi_gp.v:208]
WARNING: [VRFC 10-3091] actual bit length 12 differs from formal bit length 6 for port 'm_axi_bid' [/wrk/ci/prod/2022.1.2/sw/continuous/178/packages/customer/vivado/data/ip/xilinx/processing_system7_vip_v1_0/hdl/processing_system7_vip_v1_0_vl_rfs.sv:5546]
WARNING: [VRFC 10-3091] actual bit length 12 differs from formal bit length 6 for port 'm_axi_rid' [/wrk/ci/prod/2022.1.2/sw/continuous/178/packages/customer/vivado/data/ip/xilinx/processing_system7_vip_v1_0/hdl/processing_system7_vip_v1_0_vl_rfs.sv:5564]
WARNING: [VRFC 10-3091] actual bit length 128 differs from formal bit length 64 for port 'WR_DATA_STRB' [/scratch/proj/xbuilds/SWIP/2022.1.2_0806_0242/infra/XSIM/lin/.cxl.ip/incl/processing_system7_vip_v1_0_14_axi_gp.v:292]
WARNING: [VRFC 10-3091] actual bit length 8 differs from formal bit length 9 for port 'WR_BYTES' [/scratch/proj/xbuilds/SWIP/2022.1.2_0806_0242/infra/XSIM/lin/.cxl.ip/incl/processing_system7_vip_v1_0_14_axi_hp.v:80]
WARNING: [VRFC 10-3091] actual bit length 8 differs from formal bit length 9 for port 'RD_BYTES' [/scratch/proj/xbuilds/SWIP/2022.1.2_0806_0242/infra/XSIM/lin/.cxl.ip/incl/processing_system7_vip_v1_0_14_axi_hp.v:89]
WARNING: [VRFC 10-3091] actual bit length 12 differs from formal bit length 6 for port 'm_axi_bid' [/wrk/ci/prod/2022.1.2/sw/continuous/178/packages/customer/vivado/data/ip/xilinx/processing_system7_vip_v1_0/hdl/processing_system7_vip_v1_0_vl_rfs.sv:10256]
WARNING: [VRFC 10-3091] actual bit length 12 differs from formal bit length 6 for port 'm_axi_rid' [/wrk/ci/prod/2022.1.2/sw/continuous/178/packages/customer/vivado/data/ip/xilinx/processing_system7_vip_v1_0/hdl/processing_system7_vip_v1_0_vl_rfs.sv:10274]
WARNING: [VRFC 10-3091] actual bit length 32 differs from formal bit length 64 for port 'm_axi_rdata' [/wrk/ci/prod/2022.1.2/sw/continuous/178/packages/customer/vivado/data/ip/xilinx/processing_system7_vip_v1_0/hdl/processing_system7_vip_v1_0_vl_rfs.sv:10275]
WARNING: [VRFC 10-3091] actual bit length 8 differs from formal bit length 9 for port 'WR_BYTES' [/scratch/proj/xbuilds/SWIP/2022.1.2_0806_0242/infra/XSIM/lin/.cxl.ip/incl/processing_system7_vip_v1_0_14_axi_hp.v:165]
WARNING: [VRFC 10-3091] actual bit length 8 differs from formal bit length 9 for port 'RD_BYTES' [/scratch/proj/xbuilds/SWIP/2022.1.2_0806_0242/infra/XSIM/lin/.cxl.ip/incl/processing_system7_vip_v1_0_14_axi_hp.v:174]
WARNING: [VRFC 10-3091] actual bit length 8 differs from formal bit length 9 for port 'WR_BYTES' [/scratch/proj/xbuilds/SWIP/2022.1.2_0806_0242/infra/XSIM/lin/.cxl.ip/incl/processing_system7_vip_v1_0_14_axi_hp.v:251]
WARNING: [VRFC 10-3091] actual bit length 8 differs from formal bit length 9 for port 'RD_BYTES' [/scratch/proj/xbuilds/SWIP/2022.1.2_0806_0242/infra/XSIM/lin/.cxl.ip/incl/processing_system7_vip_v1_0_14_axi_hp.v:260]
WARNING: [VRFC 10-3091] actual bit length 8 differs from formal bit length 9 for port 'WR_BYTES' [/scratch/proj/xbuilds/SWIP/2022.1.2_0806_0242/infra/XSIM/lin/.cxl.ip/incl/processing_system7_vip_v1_0_14_axi_hp.v:337]
WARNING: [VRFC 10-3091] actual bit length 8 differs from formal bit length 9 for port 'RD_BYTES' [/scratch/proj/xbuilds/SWIP/2022.1.2_0806_0242/infra/XSIM/lin/.cxl.ip/incl/processing_system7_vip_v1_0_14_axi_hp.v:346]
WARNING: [VRFC 10-3091] actual bit length 12 differs from formal bit length 3 for port 'm_axi_bid' [/wrk/ci/prod/2022.1.2/sw/continuous/178/packages/customer/vivado/data/ip/xilinx/processing_system7_vip_v1_0/hdl/processing_system7_vip_v1_0_vl_rfs.sv:7157]
WARNING: [VRFC 10-3091] actual bit length 12 differs from formal bit length 3 for port 'm_axi_rid' [/wrk/ci/prod/2022.1.2/sw/continuous/178/packages/customer/vivado/data/ip/xilinx/processing_system7_vip_v1_0/hdl/processing_system7_vip_v1_0_vl_rfs.sv:7175]
WARNING: [VRFC 10-3091] actual bit length 32 differs from formal bit length 64 for port 'm_axi_rdata' [/wrk/ci/prod/2022.1.2/sw/continuous/178/packages/customer/vivado/data/ip/xilinx/processing_system7_vip_v1_0/hdl/processing_system7_vip_v1_0_vl_rfs.sv:7176]
WARNING: [VRFC 10-5021] port 'ENET0_GMII_RXD' is not connected on this instance [/home/cekp/Desktop/GitHub/SeniorCapstone/VivadoPrjs/Zybo_Imp/Zybo_Imp.ip_user_files/bd/Imp/ip/Imp_processing_system7_0_0/sim/Imp_processing_system7_0_0.v:193]
WARNING: [VRFC 10-3027] 'ocm_wr_strb_port0' was previously declared with a different range [/wrk/ci/prod/2022.1.2/sw/continuous/178/packages/customer/vivado/data/ip/xilinx/processing_system7_vip_v1_0/hdl/processing_system7_vip_v1_0_vl_rfs.sv:3809]
WARNING: [VRFC 10-5021] port 'aclk2x' is not connected on this instance [/wrk/ci/prod/2022.1.2/sw/continuous/178/packages/customer/vivado/data/ip/xilinx/axi_protocol_converter_v2_1/hdl/axi_protocol_converter_v2_1_vl_rfs.v:4376]
WARNING: [VRFC 10-5021] port 'aclk2x' is not connected on this instance [/wrk/ci/prod/2022.1.2/sw/continuous/178/packages/customer/vivado/data/ip/xilinx/axi_protocol_converter_v2_1/hdl/axi_protocol_converter_v2_1_vl_rfs.v:4631]
WARNING: [VRFC 10-3705] select index 64 into 'wrp_strb' is out of bounds [/wrk/ci/prod/2022.1.2/sw/continuous/178/packages/customer/vivado/data/ip/xilinx/processing_system7_vip_v1_0/hdl/processing_system7_vip_v1_0_vl_rfs.sv:6134]
WARNING: [VRFC 10-3705] select index 128 into 'wrp_strb' is out of bounds [/wrk/ci/prod/2022.1.2/sw/continuous/178/packages/customer/vivado/data/ip/xilinx/processing_system7_vip_v1_0/hdl/processing_system7_vip_v1_0_vl_rfs.sv:10898]
WARNING: [VRFC 10-3705] select index 128 into 'wrp_strb' is out of bounds [/wrk/ci/prod/2022.1.2/sw/continuous/178/packages/customer/vivado/data/ip/xilinx/processing_system7_vip_v1_0/hdl/processing_system7_vip_v1_0_vl_rfs.sv:7772]
WARNING: [VRFC 10-3705] select index 4 into 'wr_fifo_rd_ptr' is out of bounds [/wrk/ci/prod/2022.1.2/sw/continuous/178/packages/customer/vivado/data/ip/xilinx/processing_system7_vip_v1_0/hdl/processing_system7_vip_v1_0_vl_rfs.sv:7985]
WARNING: [VRFC 10-3705] select index 4 into 'ar_cnt' is out of bounds [/wrk/ci/prod/2022.1.2/sw/continuous/178/packages/customer/vivado/data/ip/xilinx/processing_system7_vip_v1_0/hdl/processing_system7_vip_v1_0_vl_rfs.sv:8124]
WARNING: [VRFC 10-3705] select index 4 into 'wr_rresp_cnt' is out of bounds [/wrk/ci/prod/2022.1.2/sw/continuous/178/packages/customer/vivado/data/ip/xilinx/processing_system7_vip_v1_0/hdl/processing_system7_vip_v1_0_vl_rfs.sv:8221]
WARNING: [VRFC 10-3705] select index 4 into 'rd_fifo_wr_ptr' is out of bounds [/wrk/ci/prod/2022.1.2/sw/continuous/178/packages/customer/vivado/data/ip/xilinx/processing_system7_vip_v1_0/hdl/processing_system7_vip_v1_0_vl_rfs.sv:8240]
WARNING: [VRFC 10-3705] select index 4 into 'rd_cnt' is out of bounds [/wrk/ci/prod/2022.1.2/sw/continuous/178/packages/customer/vivado/data/ip/xilinx/processing_system7_vip_v1_0/hdl/processing_system7_vip_v1_0_vl_rfs.sv:8381]
WARNING: [VRFC 10-3705] select index 4 into 'rresp_time_cnt' is out of bounds [/wrk/ci/prod/2022.1.2/sw/continuous/178/packages/customer/vivado/data/ip/xilinx/processing_system7_vip_v1_0/hdl/processing_system7_vip_v1_0_vl_rfs.sv:8386]
WARNING: [VRFC 10-3705] select index 4 into 'rd_fifo_rd_ptr' is out of bounds [/wrk/ci/prod/2022.1.2/sw/continuous/178/packages/customer/vivado/data/ip/xilinx/processing_system7_vip_v1_0/hdl/processing_system7_vip_v1_0_vl_rfs.sv:8391]
Completed static elaboration
Starting simulation data flow analysis
Completed simulation data flow analysis
Time Resolution for simulation is 1ps
Compiling package std.standard
Compiling package std.textio
Compiling package ieee.std_logic_1164
Compiling package ieee.numeric_std
Compiling package unisim.vcomponents
Compiling package ieee.std_logic_arith
Compiling package ieee.std_logic_unsigned
Compiling package synopsys.attributes
Compiling package ieee.std_logic_misc
Compiling package axi_lite_ipif_v3_0_4.ipif_pkg
Compiling package ieee.vital_timing
Compiling package ieee.vital_primitives
Compiling package unisim.vpkg
Compiling package vl.vl_types
Compiling module xil_defaultlib.glbl
Compiling architecture logic of entity xil_defaultlib.i2c_master [\i2c_master(input_clk=125000000,...]
Compiling architecture behavioral of entity xil_defaultlib.i2c_user_lcd [i2c_user_lcd_default]
Compiling architecture arch_imp of entity xil_defaultlib.I2C_LCD_Transmitter_v1_0_S00_AXI [i2c_lcd_transmitter_v1_0_s00_axi...]
Compiling architecture arch_imp of entity xil_defaultlib.I2C_LCD_Transmitter_v1_0 [i2c_lcd_transmitter_v1_0_default]
Compiling architecture imp_i2c_lcd_transmitter_1_0_arch of entity xil_defaultlib.Imp_I2C_LCD_Transmitter_1_0 [imp_i2c_lcd_transmitter_1_0_defa...]
Compiling architecture imp of entity axi_lite_ipif_v3_0_4.pselect_f [\pselect_f(c_ab=2,c_aw=2,c_bar="...]
Compiling architecture imp of entity axi_lite_ipif_v3_0_4.pselect_f [\pselect_f(c_ab=2,c_aw=2,c_bar="...]
Compiling architecture imp of entity axi_lite_ipif_v3_0_4.pselect_f [\pselect_f(c_ab=2,c_aw=2,c_bar="...]
Compiling architecture imp of entity axi_lite_ipif_v3_0_4.pselect_f [\pselect_f(c_ab=2,c_aw=2,c_bar="...]
Compiling architecture imp of entity axi_lite_ipif_v3_0_4.address_decoder [\address_decoder(c_bus_awidth=9,...]
Compiling architecture imp of entity axi_lite_ipif_v3_0_4.slave_attachment [\slave_attachment(c_ard_addr_ran...]
Compiling architecture imp of entity axi_lite_ipif_v3_0_4.axi_lite_ipif [\axi_lite_ipif(c_s_axi_addr_widt...]
Compiling architecture fdre_v of entity unisim.FDRE [fdre_default]
Compiling architecture fdr_v of entity unisim.FDR [fdr_default]
Compiling architecture implementation of entity lib_cdc_v1_0_2.cdc_sync [\cdc_sync(c_single_bit=0,c_vecto...]
Compiling architecture imp of entity axi_gpio_v2_0_28.GPIO_Core [\GPIO_Core(c_aw=9,c_gpio_width=3...]
Compiling architecture imp of entity axi_gpio_v2_0_28.axi_gpio [\axi_gpio(c_family="zynq",c_gpio...]
Compiling architecture imp_axi_gpio_0_0_arch of entity xil_defaultlib.Imp_axi_gpio_0_0 [imp_axi_gpio_0_0_default]
Compiling architecture implementation of entity interrupt_control_v3_1_4.interrupt_control [\interrupt_control(c_num_ce=16,c...]
Compiling architecture imp of entity axi_lite_ipif_v3_0_4.pselect_f [\pselect_f(c_ab=5,c_aw=9,c_bar="...]
Compiling architecture imp of entity axi_lite_ipif_v3_0_4.pselect_f [\pselect_f(c_ab=1,c_aw=9,c_bar="...]
Compiling architecture imp of entity axi_lite_ipif_v3_0_4.pselect_f [\pselect_f(c_ab=4,c_aw=4,c_bar="...]
Compiling architecture imp of entity axi_lite_ipif_v3_0_4.pselect_f [\pselect_f(c_ab=4,c_aw=4,c_bar="...]
Compiling architecture imp of entity axi_lite_ipif_v3_0_4.pselect_f [\pselect_f(c_ab=4,c_aw=4,c_bar="...]
Compiling architecture imp of entity axi_lite_ipif_v3_0_4.pselect_f [\pselect_f(c_ab=4,c_aw=4,c_bar="...]
Compiling architecture imp of entity axi_lite_ipif_v3_0_4.pselect_f [\pselect_f(c_ab=4,c_aw=4,c_bar="...]
Compiling architecture imp of entity axi_lite_ipif_v3_0_4.pselect_f [\pselect_f(c_ab=4,c_aw=4,c_bar="...]
Compiling architecture imp of entity axi_lite_ipif_v3_0_4.pselect_f [\pselect_f(c_ab=4,c_aw=4,c_bar="...]
Compiling architecture imp of entity axi_lite_ipif_v3_0_4.pselect_f [\pselect_f(c_ab=4,c_aw=4,c_bar="...]
Compiling architecture imp of entity axi_lite_ipif_v3_0_4.pselect_f [\pselect_f(c_ab=4,c_aw=4,c_bar="...]
Compiling architecture imp of entity axi_lite_ipif_v3_0_4.pselect_f [\pselect_f(c_ab=4,c_aw=4,c_bar="...]
Compiling architecture imp of entity axi_lite_ipif_v3_0_4.pselect_f [\pselect_f(c_ab=4,c_aw=4,c_bar="...]
Compiling architecture imp of entity axi_lite_ipif_v3_0_4.pselect_f [\pselect_f(c_ab=4,c_aw=4,c_bar="...]
Compiling architecture imp of entity axi_lite_ipif_v3_0_4.pselect_f [\pselect_f(c_ab=4,c_aw=4,c_bar="...]
Compiling architecture imp of entity axi_lite_ipif_v3_0_4.pselect_f [\pselect_f(c_ab=4,c_aw=4,c_bar="...]
Compiling architecture imp of entity axi_lite_ipif_v3_0_4.pselect_f [\pselect_f(c_ab=4,c_aw=4,c_bar="...]
Compiling architecture imp of entity axi_lite_ipif_v3_0_4.pselect_f [\pselect_f(c_ab=4,c_aw=4,c_bar="...]
Compiling architecture imp of entity axi_lite_ipif_v3_0_4.address_decoder [\address_decoder(c_bus_awidth=9,...]
Compiling architecture imp of entity axi_lite_ipif_v3_0_4.slave_attachment [\slave_attachment(c_ard_addr_ran...]
Compiling architecture imp of entity axi_lite_ipif_v3_0_4.axi_lite_ipif [\axi_lite_ipif(c_s_axi_addr_widt...]
Compiling architecture imp of entity axi_gpio_v2_0_28.GPIO_Core [\GPIO_Core(c_aw=9,c_gpio_width=3...]
Compiling architecture imp of entity axi_gpio_v2_0_28.axi_gpio [\axi_gpio(c_family="zynq",c_gpio...]
Compiling architecture imp_axi_gpio_1_0_arch of entity xil_defaultlib.Imp_axi_gpio_1_0 [imp_axi_gpio_1_0_default]
Compiling architecture implementation of entity lib_cdc_v1_0_2.cdc_sync [\cdc_sync(c_single_bit=0,c_vecto...]
Compiling architecture imp of entity axi_gpio_v2_0_28.GPIO_Core [\GPIO_Core(c_aw=9,c_gpio_width=4...]
Compiling architecture imp of entity axi_gpio_v2_0_28.axi_gpio [\axi_gpio(c_family="zynq",c_gpio...]
Compiling architecture imp_axi_gpio_0_1_arch of entity xil_defaultlib.Imp_axi_gpio_0_1 [imp_axi_gpio_0_1_default]
Compiling architecture implementation of entity lib_cdc_v1_0_2.cdc_sync [\cdc_sync(c_single_bit=0,c_vecto...]
Compiling architecture imp of entity axi_gpio_v2_0_28.GPIO_Core [\GPIO_Core(c_aw=9,c_gpio_width=2...]
Compiling architecture imp of entity axi_gpio_v2_0_28.axi_gpio [\axi_gpio(c_family="zynq",c_gpio...]
Compiling architecture imp_axi_gpio_3_0_arch of entity xil_defaultlib.Imp_axi_gpio_3_0 [imp_axi_gpio_3_0_default]
Compiling architecture behavioral of entity xil_defaultlib.pass [pass_default]
Compiling architecture imp_pass_0_0_arch of entity xil_defaultlib.Imp_pass_0_0 [imp_pass_0_0_default]
Compiling module processing_system7_vip_v1_0_14.processing_system7_vip_v1_0_14_g...
Compiling module processing_system7_vip_v1_0_14.processing_system7_vip_v1_0_14_g...
Compiling module processing_system7_vip_v1_0_14.processing_system7_vip_v1_0_14_a...
Compiling module processing_system7_vip_v1_0_14.processing_system7_vip_v1_0_14_a...
Compiling module processing_system7_vip_v1_0_14.processing_system7_vip_v1_0_14_f...
Compiling module processing_system7_vip_v1_0_14.processing_system7_vip_v1_0_14_a...
Compiling module processing_system7_vip_v1_0_14.processing_system7_vip_v1_0_14_a...
Compiling module processing_system7_vip_v1_0_14.processing_system7_vip_v1_0_14_a...
Compiling module processing_system7_vip_v1_0_14.processing_system7_vip_v1_0_14_a...
Compiling module processing_system7_vip_v1_0_14.processing_system7_vip_v1_0_14_s...
Compiling module processing_system7_vip_v1_0_14.processing_system7_vip_v1_0_14_i...
Compiling module processing_system7_vip_v1_0_14.processing_system7_vip_v1_0_14_s...
Compiling module processing_system7_vip_v1_0_14.processing_system7_vip_v1_0_14_d...
Compiling module processing_system7_vip_v1_0_14.processing_system7_vip_v1_0_14_o...
Compiling module processing_system7_vip_v1_0_14.processing_system7_vip_v1_0_14_o...
Compiling module processing_system7_vip_v1_0_14.processing_system7_vip_v1_0_14_r...
Compiling module processing_system7_vip_v1_0_14.processing_system7_vip_v1_0_14_r...
Compiling module xilinx_vip.axi_vip_axi4pc(WDATA_WIDTH=32,RD...
Compiling module xilinx_vip.cb
Compiling module xilinx_vip.axi_vip_if(C_AXI_PROTOCOL=1,C_AX...
Compiling module axi_vip_v1_1_12.axi_vip_v1_1_12_top(C_AXI_PROTOC...
Compiling module processing_system7_vip_v1_0_14.processing_system7_vip_v1_0_14_a...
Compiling module processing_system7_vip_v1_0_14.processing_system7_vip_v1_0_14_a...
Compiling module xilinx_vip.axi_vip_axi4pc(WDATA_WIDTH=32,RD...
Compiling module xilinx_vip.cb
Compiling module xilinx_vip.axi_vip_if(C_AXI_PROTOCOL=1,C_AX...
Compiling module axi_vip_v1_1_12.axi_vip_v1_1_12_top(C_AXI_PROTOC...
WARNING: [VRFC 10-3705] select index 64 into 'wrp_strb' is out of bounds [/wrk/ci/prod/2022.1.2/sw/continuous/178/packages/customer/vivado/data/ip/xilinx/processing_system7_vip_v1_0/hdl/processing_system7_vip_v1_0_vl_rfs.sv:6134]
Compiling module processing_system7_vip_v1_0_14.processing_system7_vip_v1_0_14_a...
Compiling module processing_system7_vip_v1_0_14.processing_system7_vip_v1_0_14_a...
Compiling module xilinx_vip.axi_vip_axi4pc(PROTOCOL=1,RID_WI...
Compiling module xilinx_vip.cb
Compiling module xilinx_vip.axi_vip_if(C_AXI_PROTOCOL=1,C_AX...
Compiling module axi_vip_v1_1_12.axi_vip_v1_1_12_top(C_AXI_PROTOC...
Compiling module processing_system7_vip_v1_0_14.processing_system7_vip_v1_0_14_i...
WARNING: [VRFC 10-3705] select index 128 into 'wrp_strb' is out of bounds [/wrk/ci/prod/2022.1.2/sw/continuous/178/packages/customer/vivado/data/ip/xilinx/processing_system7_vip_v1_0/hdl/processing_system7_vip_v1_0_vl_rfs.sv:10898]
Compiling module processing_system7_vip_v1_0_14.processing_system7_vip_v1_0_14_a...
Compiling module processing_system7_vip_v1_0_14.processing_system7_vip_v1_0_14_a...
Compiling module processing_system7_vip_v1_0_14.processing_system7_vip_v1_0_14_a...
Compiling module processing_system7_vip_v1_0_14.processing_system7_vip_v1_0_14_a...
Compiling module xilinx_vip.axi_vip_axi4pc(PROTOCOL=1,RID_WI...
Compiling module xilinx_vip.cb
Compiling module xilinx_vip.axi_vip_if(C_AXI_PROTOCOL=1,C_AX...
Compiling module axi_vip_v1_1_12.axi_vip_v1_1_12_top(C_AXI_PROTOC...
WARNING: [VRFC 10-3705] select index 128 into 'wrp_strb' is out of bounds [/wrk/ci/prod/2022.1.2/sw/continuous/178/packages/customer/vivado/data/ip/xilinx/processing_system7_vip_v1_0/hdl/processing_system7_vip_v1_0_vl_rfs.sv:7772]
WARNING: [VRFC 10-3705] select index 4 into 'wr_fifo_rd_ptr' is out of bounds [/wrk/ci/prod/2022.1.2/sw/continuous/178/packages/customer/vivado/data/ip/xilinx/processing_system7_vip_v1_0/hdl/processing_system7_vip_v1_0_vl_rfs.sv:7985]
WARNING: [VRFC 10-3705] select index 4 into 'ar_cnt' is out of bounds [/wrk/ci/prod/2022.1.2/sw/continuous/178/packages/customer/vivado/data/ip/xilinx/processing_system7_vip_v1_0/hdl/processing_system7_vip_v1_0_vl_rfs.sv:8124]
WARNING: [VRFC 10-3705] select index 4 into 'wr_rresp_cnt' is out of bounds [/wrk/ci/prod/2022.1.2/sw/continuous/178/packages/customer/vivado/data/ip/xilinx/processing_system7_vip_v1_0/hdl/processing_system7_vip_v1_0_vl_rfs.sv:8221]
WARNING: [VRFC 10-3705] select index 4 into 'rd_fifo_wr_ptr' is out of bounds [/wrk/ci/prod/2022.1.2/sw/continuous/178/packages/customer/vivado/data/ip/xilinx/processing_system7_vip_v1_0/hdl/processing_system7_vip_v1_0_vl_rfs.sv:8240]
WARNING: [VRFC 10-3705] select index 4 into 'rd_cnt' is out of bounds [/wrk/ci/prod/2022.1.2/sw/continuous/178/packages/customer/vivado/data/ip/xilinx/processing_system7_vip_v1_0/hdl/processing_system7_vip_v1_0_vl_rfs.sv:8381]
WARNING: [VRFC 10-3705] select index 4 into 'rresp_time_cnt' is out of bounds [/wrk/ci/prod/2022.1.2/sw/continuous/178/packages/customer/vivado/data/ip/xilinx/processing_system7_vip_v1_0/hdl/processing_system7_vip_v1_0_vl_rfs.sv:8386]
WARNING: [VRFC 10-3705] select index 4 into 'rd_fifo_rd_ptr' is out of bounds [/wrk/ci/prod/2022.1.2/sw/continuous/178/packages/customer/vivado/data/ip/xilinx/processing_system7_vip_v1_0/hdl/processing_system7_vip_v1_0_vl_rfs.sv:8391]
Compiling module processing_system7_vip_v1_0_14.processing_system7_vip_v1_0_14_a...
Compiling module processing_system7_vip_v1_0_14.processing_system7_vip_v1_0_14(C...
Compiling module xil_defaultlib.Imp_processing_system7_0_0
Compiling architecture structure of entity xil_defaultlib.m00_couplers_imp_1WTR8RF [m00_couplers_imp_1wtr8rf_default]
Compiling architecture structure of entity xil_defaultlib.m01_couplers_imp_AFJS0U [m01_couplers_imp_afjs0u_default]
Compiling architecture structure of entity xil_defaultlib.m02_couplers_imp_169I7GW [m02_couplers_imp_169i7gw_default]
Compiling architecture structure of entity xil_defaultlib.m03_couplers_imp_JCVTG5 [m03_couplers_imp_jcvtg5_default]
Compiling architecture structure of entity xil_defaultlib.m04_couplers_imp_FQISUL [m04_couplers_imp_fqisul_default]
Compiling module axi_infrastructure_v1_1_0.axi_infrastructure_v1_1_0_axi2ve...
Compiling module axi_infrastructure_v1_1_0.axi_infrastructure_v1_1_0_vector...
Compiling module axi_register_slice_v2_1_26.axi_register_slice_v2_1_26_axic_...
Compiling module axi_register_slice_v2_1_26.axi_register_slice_v2_1_26_axic_...
Compiling module axi_register_slice_v2_1_26.axi_register_slice_v2_1_26_axic_...
Compiling module axi_register_slice_v2_1_26.axi_register_slice_v2_1_26_axic_...
Compiling module axi_register_slice_v2_1_26.axi_register_slice_v2_1_26_axi_r...
Compiling module axi_protocol_converter_v2_1_26.axi_protocol_converter_v2_1_26_b...
Compiling module axi_protocol_converter_v2_1_26.axi_protocol_converter_v2_1_26_b...
Compiling module axi_protocol_converter_v2_1_26.axi_protocol_converter_v2_1_26_b...
Compiling module axi_protocol_converter_v2_1_26.axi_protocol_converter_v2_1_26_b...
Compiling module axi_protocol_converter_v2_1_26.axi_protocol_converter_v2_1_26_b...
Compiling module axi_protocol_converter_v2_1_26.axi_protocol_converter_v2_1_26_b...
Compiling module axi_protocol_converter_v2_1_26.axi_protocol_converter_v2_1_26_b...
Compiling module axi_protocol_converter_v2_1_26.axi_protocol_converter_v2_1_26_b...
Compiling module axi_protocol_converter_v2_1_26.axi_protocol_converter_v2_1_26_b...
Compiling module axi_protocol_converter_v2_1_26.axi_protocol_converter_v2_1_26_b...
Compiling module axi_protocol_converter_v2_1_26.axi_protocol_converter_v2_1_26_b...
Compiling module axi_protocol_converter_v2_1_26.axi_protocol_converter_v2_1_26_b...
Compiling module axi_protocol_converter_v2_1_26.axi_protocol_converter_v2_1_26_b...
Compiling module axi_infrastructure_v1_1_0.axi_infrastructure_v1_1_0_axi2ve...
Compiling module axi_infrastructure_v1_1_0.axi_infrastructure_v1_1_0_vector...
Compiling module axi_register_slice_v2_1_26.axi_register_slice_v2_1_26_axic_...
Compiling module axi_register_slice_v2_1_26.axi_register_slice_v2_1_26_axic_...
Compiling module axi_register_slice_v2_1_26.axi_register_slice_v2_1_26_axic_...
Compiling module axi_register_slice_v2_1_26.axi_register_slice_v2_1_26_axic_...
Compiling module axi_register_slice_v2_1_26.axi_register_slice_v2_1_26_axi_r...
Compiling module axi_protocol_converter_v2_1_26.axi_protocol_converter_v2_1_26_b...
Compiling module axi_protocol_converter_v2_1_26.axi_protocol_converter_v2_1_26_a...
Compiling module xil_defaultlib.Imp_auto_pc_0
Compiling architecture structure of entity xil_defaultlib.s00_couplers_imp_MIBNDT [s00_couplers_imp_mibndt_default]
Compiling module axi_crossbar_v2_1_27.axi_crossbar_v2_1_27_addr_arbite...
Compiling module generic_baseblocks_v2_1_0.generic_baseblocks_v2_1_0_carry_...
Compiling module generic_baseblocks_v2_1_0.generic_baseblocks_v2_1_0_compar...
Compiling module generic_baseblocks_v2_1_0.generic_baseblocks_v2_1_0_compar...
Compiling module generic_baseblocks_v2_1_0.generic_baseblocks_v2_1_0_compar...
Compiling module generic_baseblocks_v2_1_0.generic_baseblocks_v2_1_0_compar...
Compiling module generic_baseblocks_v2_1_0.generic_baseblocks_v2_1_0_compar...
Compiling module axi_crossbar_v2_1_27.axi_crossbar_v2_1_27_addr_decode...
Compiling module axi_crossbar_v2_1_27.axi_crossbar_v2_1_27_splitter(C_...
Compiling module axi_crossbar_v2_1_27.axi_crossbar_v2_1_27_splitter
Compiling module generic_baseblocks_v2_1_0.generic_baseblocks_v2_1_0_mux_en...
Compiling module generic_baseblocks_v2_1_0.generic_baseblocks_v2_1_0_mux_en...
Compiling module generic_baseblocks_v2_1_0.generic_baseblocks_v2_1_0_mux_en...
Compiling module axi_register_slice_v2_1_26.axi_register_slice_v2_1_26_axic_...
Compiling module generic_baseblocks_v2_1_0.generic_baseblocks_v2_1_0_mux_en...
Compiling module axi_crossbar_v2_1_27.axi_crossbar_v2_1_27_decerr_slav...
Compiling module axi_crossbar_v2_1_27.axi_crossbar_v2_1_27_crossbar_sa...
Compiling module axi_crossbar_v2_1_27.axi_crossbar_v2_1_27_axi_crossba...
Compiling module xil_defaultlib.Imp_xbar_1
Compiling package xilinx_vip.axi_vip_pkg
Compiling package xilinx_vip.xil_common_vip_pkg
Compiling package std.std
Compiling architecture structure of entity xil_defaultlib.Imp_ps7_0_axi_periph_1 [imp_ps7_0_axi_periph_1_default]
Compiling architecture fdre_v of entity unisim.FDRE [\FDRE(init='1')\]
Compiling architecture implementation of entity lib_cdc_v1_0_2.cdc_sync [\cdc_sync(c_vector_width=2,c_mtb...]
Compiling architecture srl16e_v of entity unisim.SRL16E [\SRL16E(init="1111111111111111")...]
Compiling architecture srl16_v of entity unisim.SRL16 [\SRL16(init="1111111111111111")(...]
Compiling architecture imp of entity proc_sys_reset_v5_0_13.lpf [\lpf(c_ext_rst_width=4,c_aux_rst...]
Compiling architecture imp of entity proc_sys_reset_v5_0_13.upcnt_n [\upcnt_n(c_size=6)\]
Compiling architecture imp of entity proc_sys_reset_v5_0_13.sequence_psr [sequence_psr_default]
Compiling architecture imp of entity proc_sys_reset_v5_0_13.proc_sys_reset [\proc_sys_reset(c_family="zynq",...]
Compiling architecture imp_rst_sysclk_100mhz_100m_0_arch of entity xil_defaultlib.Imp_rst_sysclk_100Mhz_100M_0 [imp_rst_sysclk_100mhz_100m_0_def...]
Compiling architecture structure of entity xil_defaultlib.Imp [imp_default]
Compiling architecture iobuf_v of entity unisim.IOBUF [\IOBUF(1,7)(1,4)\]
Compiling architecture structure of entity xil_defaultlib.imp_wrapper
Built simulation snapshot Imp_wrapper_behav
