INFO: [VRFC 10-163] Analyzing VHDL file "/home/cekp/Desktop/GitHub/SeniorCapstone/VivadoPrjs/Zybo_Imp/Zybo_Imp.srcs/sources_1/new/pass.vhd" into library xil_defaultlib
INFO: [VRFC 10-3107] analyzing entity 'pass'
INFO: [VRFC 10-163] Analyzing VHDL file "/home/cekp/Desktop/GitHub/SeniorCapstone/VivadoPrjs/Zybo_Imp/Zybo_Imp.ip_user_files/bd/Imp/ip/Imp_axi_gpio_0_0/sim/Imp_axi_gpio_0_0.vhd" into library xil_defaultlib
INFO: [VRFC 10-3107] analyzing entity 'Imp_axi_gpio_0_0'
INFO: [VRFC 10-163] Analyzing VHDL file "/home/cekp/Desktop/GitHub/SeniorCapstone/VivadoPrjs/Zybo_Imp/Zybo_Imp.ip_user_files/bd/Imp/ip/Imp_axi_gpio_1_0/sim/Imp_axi_gpio_1_0.vhd" into library xil_defaultlib
INFO: [VRFC 10-3107] analyzing entity 'Imp_axi_gpio_1_0'
INFO: [VRFC 10-163] Analyzing VHDL file "/home/cekp/Desktop/GitHub/SeniorCapstone/VivadoPrjs/Zybo_Imp/Zybo_Imp.ip_user_files/bd/Imp/ip/Imp_axi_gpio_0_1/sim/Imp_axi_gpio_0_1.vhd" into library xil_defaultlib
INFO: [VRFC 10-3107] analyzing entity 'Imp_axi_gpio_0_1'
INFO: [VRFC 10-163] Analyzing VHDL file "/home/cekp/Desktop/GitHub/SeniorCapstone/VivadoPrjs/Zybo_Imp/Zybo_Imp.ip_user_files/bd/Imp/ip/Imp_axi_gpio_3_0/sim/Imp_axi_gpio_3_0.vhd" into library xil_defaultlib
INFO: [VRFC 10-3107] analyzing entity 'Imp_axi_gpio_3_0'
INFO: [VRFC 10-163] Analyzing VHDL file "/home/cekp/Desktop/GitHub/SeniorCapstone/VivadoPrjs/Zybo_Imp/Zybo_Imp.ip_user_files/bd/Imp/ip/Imp_rst_sysclk_100Mhz_100M_0/sim/Imp_rst_sysclk_100Mhz_100M_0.vhd" into library xil_defaultlib
INFO: [VRFC 10-3107] analyzing entity 'Imp_rst_sysclk_100Mhz_100M_0'
INFO: [VRFC 10-163] Analyzing VHDL file "/home/cekp/Desktop/GitHub/SeniorCapstone/VivadoPrjs/Zybo_Imp/Zybo_Imp.ip_user_files/bd/Imp/ipshared/cb2d/hdl/I2C_LCD_Transmitter_v1_0_S00_AXI.vhd" into library xil_defaultlib
INFO: [VRFC 10-3107] analyzing entity 'I2C_LCD_Transmitter_v1_0_S00_AXI'
INFO: [VRFC 10-163] Analyzing VHDL file "/home/cekp/Desktop/GitHub/SeniorCapstone/VivadoPrjs/Zybo_Imp/Zybo_Imp.ip_user_files/bd/Imp/ipshared/cb2d/src/I2C_Master.vhd" into library xil_defaultlib
INFO: [VRFC 10-3107] analyzing entity 'i2c_master'
WARNING: [VRFC 10-471] case choice must be a locally static expression [/home/cekp/Desktop/GitHub/SeniorCapstone/VivadoPrjs/Zybo_Imp/Zybo_Imp.ip_user_files/bd/Imp/ipshared/cb2d/src/I2C_Master.vhd:86]
WARNING: [VRFC 10-471] case choice must be a locally static expression [/home/cekp/Desktop/GitHub/SeniorCapstone/VivadoPrjs/Zybo_Imp/Zybo_Imp.ip_user_files/bd/Imp/ipshared/cb2d/src/I2C_Master.vhd:89]
WARNING: [VRFC 10-471] case choice must be a locally static expression [/home/cekp/Desktop/GitHub/SeniorCapstone/VivadoPrjs/Zybo_Imp/Zybo_Imp.ip_user_files/bd/Imp/ipshared/cb2d/src/I2C_Master.vhd:92]
INFO: [VRFC 10-163] Analyzing VHDL file "/home/cekp/Desktop/GitHub/SeniorCapstone/VivadoPrjs/Zybo_Imp/Zybo_Imp.ip_user_files/bd/Imp/ipshared/cb2d/src/i2c_user_lcd.vhd" into library xil_defaultlib
INFO: [VRFC 10-3107] analyzing entity 'i2c_user_lcd'
INFO: [VRFC 10-163] Analyzing VHDL file "/home/cekp/Desktop/GitHub/SeniorCapstone/VivadoPrjs/Zybo_Imp/Zybo_Imp.ip_user_files/bd/Imp/ipshared/cb2d/hdl/I2C_LCD_Transmitter_v1_0.vhd" into library xil_defaultlib
INFO: [VRFC 10-3107] analyzing entity 'I2C_LCD_Transmitter_v1_0'
INFO: [VRFC 10-163] Analyzing VHDL file "/home/cekp/Desktop/GitHub/SeniorCapstone/VivadoPrjs/Zybo_Imp/Zybo_Imp.ip_user_files/bd/Imp/ip/Imp_I2C_LCD_Transmitter_1_0/sim/Imp_I2C_LCD_Transmitter_1_0.vhd" into library xil_defaultlib
INFO: [VRFC 10-3107] analyzing entity 'Imp_I2C_LCD_Transmitter_1_0'
INFO: [VRFC 10-163] Analyzing VHDL file "/home/cekp/Desktop/GitHub/SeniorCapstone/VivadoPrjs/Zybo_Imp/Zybo_Imp.ip_user_files/bd/Imp/sim/Imp.vhd" into library xil_defaultlib
INFO: [VRFC 10-3107] analyzing entity 'm00_couplers_imp_1WTR8RF'
INFO: [VRFC 10-3107] analyzing entity 'm01_couplers_imp_AFJS0U'
INFO: [VRFC 10-3107] analyzing entity 'm02_couplers_imp_169I7GW'
INFO: [VRFC 10-3107] analyzing entity 'm03_couplers_imp_JCVTG5'
INFO: [VRFC 10-3107] analyzing entity 'm04_couplers_imp_FQISUL'
INFO: [VRFC 10-3107] analyzing entity 's00_couplers_imp_MIBNDT'
INFO: [VRFC 10-3107] analyzing entity 'Imp_ps7_0_axi_periph_1'
INFO: [VRFC 10-3107] analyzing entity 'Imp'
INFO: [VRFC 10-163] Analyzing VHDL file "/home/cekp/Desktop/GitHub/SeniorCapstone/VivadoPrjs/Zybo_Imp/Zybo_Imp.ip_user_files/bd/Imp/ip/Imp_pass_0_0/sim/Imp_pass_0_0.vhd" into library xil_defaultlib
INFO: [VRFC 10-3107] analyzing entity 'Imp_pass_0_0'
INFO: [VRFC 10-163] Analyzing VHDL file "/home/cekp/Desktop/GitHub/SeniorCapstone/VivadoPrjs/Zybo_Imp/Zybo_Imp.gen/sources_1/bd/Imp/hdl/Imp_wrapper.vhd" into library xil_defaultlib
INFO: [VRFC 10-3107] analyzing entity 'Imp_wrapper'
