Copyright 1986-2022 Xilinx, Inc. All Rights Reserved.
--------------------------------------------------------------------------------------
| Tool Version : Vivado v.2022.1.2 (lin64) Build 3605665 Fri Aug  5 22:52:02 MDT 2022
| Date         : Sat Nov  5 14:24:28 2022
| Host         : UbuntuSeniorLab running 64-bit Ubuntu 20.04.5 LTS
| Command      : upgrade_ip
| Device       : xc7z020clg400-1
--------------------------------------------------------------------------------------

Upgrade Log for IP 'Imp_I2C_LCD_Transmitter_1_0'

1. Summary
----------

SUCCESS in the upgrade of Imp_I2C_LCD_Transmitter_1_0 (clarkson.edu:SeniorLab:I2C_LCD_Transmitter_DEBUG:1.1) from (Rev. 4) to (Rev. 5)






Copyright 1986-2022 Xilinx, Inc. All Rights Reserved.
--------------------------------------------------------------------------------------
| Tool Version : Vivado v.2022.1.2 (lin64) Build 3605665 Fri Aug  5 22:52:02 MDT 2022
| Date         : Sat Nov  5 03:27:41 2022
| Host         : UbuntuSeniorLab running 64-bit Ubuntu 20.04.5 LTS
| Command      : upgrade_ip
| Device       : xc7z020clg400-1
--------------------------------------------------------------------------------------

Upgrade Log for IP 'Imp_I2C_LCD_Transmitter_1_0'

1. Summary
----------

SUCCESS in the upgrade of Imp_I2C_LCD_Transmitter_1_0 (clarkson.edu:SeniorLab:I2C_LCD_Transmitter_DEBUG:1.1) from (Rev. 3) to (Rev. 4)






Copyright 1986-2022 Xilinx, Inc. All Rights Reserved.
--------------------------------------------------------------------------------------
| Tool Version : Vivado v.2022.1.2 (lin64) Build 3605665 Fri Aug  5 22:52:02 MDT 2022
| Date         : Sat Nov  5 02:46:12 2022
| Host         : UbuntuSeniorLab running 64-bit Ubuntu 20.04.5 LTS
| Command      : upgrade_ip
| Device       : xc7z020clg400-1
--------------------------------------------------------------------------------------

Upgrade Log for IP 'Imp_I2C_LCD_Transmitter_1_0'

1. Summary
----------

SUCCESS in the upgrade of Imp_I2C_LCD_Transmitter_1_0 (clarkson.edu:SeniorLab:I2C_LCD_Transmitter_DEBUG:1.1) from (Rev. 2) to (Rev. 3)






Copyright 1986-2022 Xilinx, Inc. All Rights Reserved.
--------------------------------------------------------------------------------------
| Tool Version : Vivado v.2022.1.2 (lin64) Build 3605665 Fri Aug  5 22:52:02 MDT 2022
| Date         : Sat Nov  5 02:01:04 2022
| Host         : UbuntuSeniorLab running 64-bit Ubuntu 20.04.5 LTS
| Command      : upgrade_ip
| Device       : xc7z020clg400-1
--------------------------------------------------------------------------------------

Upgrade Log for IP 'Imp_I2C_LCD_Transmitter_1_0'

1. Summary
----------

CAUTION (success, with warnings) in the upgrade of Imp_I2C_LCD_Transmitter_1_0 (clarkson.edu:SeniorLab:I2C_LCD_Transmitter_DEBUG:1.1) from (Rev. 1) to (Rev. 2)

After upgrade, an IP may have parameter and port differences compared to the original customization. Please review the parameters within the IP customization GUI to ensure proper functionality. Also, please review the updated IP instantiation template to ensure proper connectivity, and update your design if required.

2. Connection Warnings
----------------------

Detected external port differences while upgrading 'Imp_I2C_LCD_Transmitter_1_0'. These changes may impact your design.


-Upgrade has removed port 'lcd_en'

-Upgrade has removed port 'lcd_refresh'







Copyright 1986-2022 Xilinx, Inc. All Rights Reserved.
--------------------------------------------------------------------------------------
| Tool Version : Vivado v.2022.1.2 (lin64) Build 3605665 Fri Aug  5 22:52:02 MDT 2022
| Date         : Fri Nov  4 18:08:17 2022
| Host         : UbuntuSeniorLab running 64-bit Ubuntu 20.04.5 LTS
| Command      : upgrade_ip
| Device       : xc7z020clg400-1
--------------------------------------------------------------------------------------

Upgrade Log for IP 'Imp_I2C_LCD_Transmitter_0_1'

1. Summary
----------

SUCCESS in the upgrade of Imp_I2C_LCD_Transmitter_0_1 (clarkson.edu:SeniorLab:I2C_LCD_Transmitter:1.1) from (Rev. 1) to (Rev. 2)

